2023-07-28 07:34:50,600 [INFO] Activator:176 - 


2023-07-28 07:34:50,610 [INFO] Activator:177 - !SESSION log4j initialized
2023-07-28 07:34:55,747 [INFO] LogOutputStream:77 - [STDOUT_REDIRECT] 
2023-07-28 07:35:21,362 [ERROR] LogOutputStream:75 - [STDERR_REDIRECT] SLF4J: Failed to load class "org.slf4j.impl.StaticLoggerBinder".
2023-07-28 07:35:21,362 [ERROR] LogOutputStream:75 - [STDERR_REDIRECT] SLF4J: Defaulting to no-operation (NOP) logger implementation
2023-07-28 07:35:21,362 [ERROR] LogOutputStream:75 - [STDERR_REDIRECT] SLF4J: See http://www.slf4j.org/codes.html#StaticLoggerBinder for further details.
2023-07-28 08:08:32,080 [INFO] ApplicationProperties:184 - Using Application install path: C:\ST\STM32CubeIDE_1.12.0\STM32CubeIDE\plugins\com.st.stm32cube.common.mx_6.8.0.202302231600
2023-07-28 08:08:32,100 [INFO] DbMcusXml:78 - Set database path to: C:\ST\STM32CubeIDE_1.12.0\STM32CubeIDE\plugins\com.st.stm32cube.common.mx_6.8.0.202302231600\\db\/mcu/
2023-07-28 08:08:32,100 [INFO] ApiDb:274 - Set plugin database path to: C:\ST\STM32CubeIDE_1.12.0\STM32CubeIDE\plugins\com.st.stm32cube.common.mx_6.8.0.202302231600\\db\/plugins/boardmanager/
2023-07-28 08:08:32,103 [WARN] ApiDb:259 - Overriding images path with different value:  => C:\ST\STM32CubeIDE_1.12.0\STM32CubeIDE\plugins\com.st.stm32cube.common.mx_6.8.0.202302231600\\db\/plugins/mcufinder/images/
2023-07-28 08:08:32,130 [INFO] ApiDb:250 - Set database path to: C:\Users\nosak\.stmcufinder\plugins\mcufinder//mcu/
2023-07-28 08:08:32,131 [INFO] DbMcusAds:125 - Set database path to: C:\Users\nosak\.stmcufinder\plugins\mcufinder//mcu/
2023-07-28 08:08:32,238 [INFO] CrossReferenceDbSqlite:203 - Set database path to: C:\Users\nosak\.stmcufinder\plugins\mcufinder//mcu/cs/
2023-07-28 08:08:32,352 [INFO] RulesReader:64 - Compatibility file has been processed (293 Rules)
2023-07-28 08:08:32,454 [INFO] DbMcusXml:78 - Set database path to: C:\ST\STM32CubeIDE_1.12.0\STM32CubeIDE\plugins\com.st.stm32cube.common.mx_6.8.0.202302231600\\db\/mcu/
2023-07-28 08:08:32,454 [INFO] ApiDb:274 - Set plugin database path to: C:\ST\STM32CubeIDE_1.12.0\STM32CubeIDE\plugins\com.st.stm32cube.common.mx_6.8.0.202302231600\\db\/plugins/boardmanager/
2023-07-28 08:08:32,454 [INFO] ApiDb:261 - Set plugin images path to: C:\ST\STM32CubeIDE_1.12.0\STM32CubeIDE\plugins\com.st.stm32cube.common.mx_6.8.0.202302231600\\db\/plugins/mcufinder/images/
2023-07-28 08:08:32,455 [WARN] DbFile:41 - Overriding database path with different value: C:\Users\nosak\.stmcufinder\plugins\mcufinder/ => C:\Users\nosak\.stmcufinder\plugins\mcufinder
2023-07-28 08:08:32,455 [INFO] ApiDb:250 - Set database path to: C:\Users\nosak\.stmcufinder\plugins\mcufinder//mcu/
2023-07-28 08:08:32,455 [WARN] DbFile:41 - Overriding database path with different value: C:\Users\nosak\.stmcufinder\plugins\mcufinder/ => C:\Users\nosak\.stmcufinder\plugins\mcufinder
2023-07-28 08:08:32,455 [INFO] DbMcusAds:125 - Set database path to: C:\Users\nosak\.stmcufinder\plugins\mcufinder//mcu/
2023-07-28 08:08:32,455 [WARN] DbFile:41 - Overriding database path with different value: C:\Users\nosak\.stmcufinder\plugins\mcufinder/ => C:\Users\nosak\.stmcufinder\plugins\mcufinder
2023-07-28 08:08:32,455 [WARN] DbFile:41 - Overriding database path with different value: C:\Users\nosak\.stmcufinder\plugins\mcufinder/ => C:\Users\nosak\.stmcufinder\plugins\mcufinder
2023-07-28 08:08:32,455 [INFO] CrossReferenceDbSqlite:203 - Set database path to: C:\Users\nosak\.stmcufinder\plugins\mcufinder//mcu/cs/
2023-07-28 08:08:32,528 [INFO] MainPanel:253 - HeapMemory: 546308096
2023-07-28 08:08:32,631 [INFO] DbMcusXml:78 - Set database path to: C:\ST\STM32CubeIDE_1.12.0\STM32CubeIDE\plugins\com.st.stm32cube.common.mx_6.8.0.202302231600\\db\/mcu/
2023-07-28 08:08:32,631 [INFO] ApiDb:274 - Set plugin database path to: C:\ST\STM32CubeIDE_1.12.0\STM32CubeIDE\plugins\com.st.stm32cube.common.mx_6.8.0.202302231600\\db\/plugins/boardmanager/
2023-07-28 08:08:32,631 [INFO] ApiDb:261 - Set plugin images path to: C:\ST\STM32CubeIDE_1.12.0\STM32CubeIDE\plugins\com.st.stm32cube.common.mx_6.8.0.202302231600\\db\/plugins/mcufinder/images/
2023-07-28 08:08:32,632 [WARN] DbFile:41 - Overriding database path with different value: C:\Users\nosak\.stmcufinder\plugins\mcufinder/ => C:\Users\nosak\.stmcufinder\plugins\mcufinder
2023-07-28 08:08:32,632 [INFO] ApiDb:250 - Set database path to: C:\Users\nosak\.stmcufinder\plugins\mcufinder//mcu/
2023-07-28 08:08:32,632 [WARN] DbFile:41 - Overriding database path with different value: C:\Users\nosak\.stmcufinder\plugins\mcufinder/ => C:\Users\nosak\.stmcufinder\plugins\mcufinder
2023-07-28 08:08:32,632 [INFO] DbMcusAds:125 - Set database path to: C:\Users\nosak\.stmcufinder\plugins\mcufinder//mcu/
2023-07-28 08:08:32,632 [WARN] DbFile:41 - Overriding database path with different value: C:\Users\nosak\.stmcufinder\plugins\mcufinder/ => C:\Users\nosak\.stmcufinder\plugins\mcufinder
2023-07-28 08:08:32,632 [WARN] DbFile:41 - Overriding database path with different value: C:\Users\nosak\.stmcufinder\plugins\mcufinder/ => C:\Users\nosak\.stmcufinder\plugins\mcufinder
2023-07-28 08:08:32,632 [INFO] CrossReferenceDbSqlite:203 - Set database path to: C:\Users\nosak\.stmcufinder\plugins\mcufinder//mcu/cs/
2023-07-28 08:08:32,651 [INFO] ApplicationProperties:184 - Using Application install path: C:\ST\STM32CubeIDE_1.12.0\STM32CubeIDE\plugins\com.st.stm32cube.common.mx_6.8.0.202302231600
2023-07-28 08:08:32,651 [INFO] PluginManage:196 - Search for loadable plugins [exclusion list=, ]
2023-07-28 08:08:32,654 [INFO] PluginManage:310 - Check plugin analytics
2023-07-28 08:08:32,822 [INFO] AnalyticsPlugin:253 - Accepted Software Licenses: STM32CubeMX.6.8.0
2023-07-28 08:08:32,822 [INFO] AnalyticsPlugin:255 - Accepted CMSIS Pack Licenses: 
2023-07-28 08:08:32,823 [INFO] AnalyticsPlugin:257 - Accepted Firmware Licenses: 
2023-07-28 08:08:32,830 [INFO] PluginManage:359 - Loaded plugin analytics (category:tool,tabindex:-1)
2023-07-28 08:08:32,830 [INFO] PluginManage:310 - Check plugin cadmodel
2023-07-28 08:08:32,847 [INFO] CADModel:105 - Init CAD model plugin
2023-07-28 08:08:32,848 [INFO] PluginManage:359 - Loaded plugin cadmodel (category:power,tabindex:5)
2023-07-28 08:08:32,848 [INFO] PluginManage:310 - Check plugin clock
2023-07-28 08:08:32,870 [INFO] PluginManage:359 - Loaded plugin clock (category:base,tabindex:2)
2023-07-28 08:08:32,871 [INFO] PluginManage:310 - Check plugin ddr
2023-07-28 08:08:32,874 [INFO] PluginManage:359 - Loaded plugin ddr (category:tool,tabindex:6)
2023-07-28 08:08:32,874 [INFO] PluginManage:310 - Check plugin filemanager
2023-07-28 08:08:33,036 [INFO] PluginManage:359 - Loaded plugin filemanager (category:base,tabindex:10)
2023-07-28 08:08:33,036 [INFO] PluginManage:310 - Check plugin ipmanager
2023-07-28 08:08:33,043 [INFO] PluginManage:359 - Loaded plugin ipmanager (category:base,tabindex:5)
2023-07-28 08:08:33,044 [INFO] PluginManage:310 - Check plugin lpbam
2023-07-28 08:08:33,064 [INFO] PluginManage:359 - Loaded plugin lpbam (category:base,tabindex:0)
2023-07-28 08:08:33,064 [INFO] PluginManage:310 - Check plugin pinoutandconfiguration
2023-07-28 08:08:33,082 [INFO] PluginManage:359 - Loaded plugin pinoutandconfiguration (category:base,tabindex:1)
2023-07-28 08:08:33,082 [INFO] PluginManage:310 - Check plugin pinoutconfig
2023-07-28 08:08:33,183 [WARN] SupportedApi:132 - Cannot load RTOS API schema: s4s-elt-must-match.1: The content of 'definitions' must match (annotation?, (simpleType | complexType)?, (unique | key | keyref)*)). A problem was found starting at: attribute.
2023-07-28 08:08:33,322 [INFO] PluginManage:359 - Loaded plugin pinoutconfig (category:base,tabindex:0)
2023-07-28 08:08:33,323 [INFO] PluginManage:310 - Check plugin power
2023-07-28 08:08:33,346 [INFO] PluginManage:359 - Loaded plugin power (category:power,tabindex:4)
2023-07-28 08:08:33,346 [INFO] PluginManage:310 - Check plugin projectmanager
2023-07-28 08:08:33,362 [INFO] PluginManage:359 - Loaded plugin projectmanager (category:projectmanager,tabindex:3)
2023-07-28 08:08:33,362 [INFO] PluginManage:310 - Check plugin thirdparty
2023-07-28 08:08:33,613 [INFO] PluginManage:359 - Loaded plugin thirdparty (category:base,tabindex:-1)
2023-07-28 08:08:33,614 [INFO] PluginManage:310 - Check plugin tools
2023-07-28 08:08:33,613 [WARN] IntegrityCheckThread:84 - waiting for thirdparty lock release [integrity check]
2023-07-28 08:08:33,614 [INFO] IntegrityCheckThread:86 - entering critical section [integrity check]
2023-07-28 08:08:33,616 [INFO] ThirdPartyUpdaterWithRetryManager:70 - Updater plugin not ready yet. [1/15]
2023-07-28 08:08:33,654 [INFO] PluginManage:359 - Loaded plugin tools (category:base,tabindex:7)
2023-07-28 08:08:33,654 [INFO] PluginManage:310 - Check plugin tutovideos
2023-07-28 08:08:33,956 [INFO] PluginManage:359 - Loaded plugin tutovideos (category:base,tabindex:-1)
2023-07-28 08:08:33,957 [INFO] PluginManage:310 - Check plugin updater
2023-07-28 08:08:33,977 [INFO] PluginManage:359 - Loaded plugin updater (category:base,tabindex:12)
2023-07-28 08:08:33,977 [INFO] PluginManage:283 - PluginManage : Loaded plugins [15]
2023-07-28 08:08:34,283 [INFO] PinOutPanel:1499 - setPackage(No Configuration,No Configuration)
2023-07-28 08:08:34,343 [INFO] CADModel:165 - CPN selected for project level
2023-07-28 08:08:34,343 [INFO] CADModel:114 - Register for checkConnection events
2023-07-28 08:08:34,371 [INFO] IPUIPlugin:80 - create IPUIPlugin
2023-07-28 08:08:34,372 [INFO] PluginManager:220 - loadIPPluginJar : add adc
2023-07-28 08:08:34,402 [INFO] IPUIPlugin:80 - create IPUIPlugin
2023-07-28 08:08:34,402 [INFO] PluginManager:220 - loadIPPluginJar : add aes
2023-07-28 08:08:34,447 [INFO] IPUIPlugin:80 - create IPUIPlugin
2023-07-28 08:08:34,447 [INFO] PluginManager:220 - loadIPPluginJar : add can
2023-07-28 08:08:34,475 [INFO] IPUIPlugin:80 - create IPUIPlugin
2023-07-28 08:08:34,475 [INFO] PluginManager:220 - loadIPPluginJar : add comp
2023-07-28 08:08:34,501 [INFO] IPUIPlugin:80 - create IPUIPlugin
2023-07-28 08:08:34,501 [INFO] PluginManager:220 - loadIPPluginJar : add cryp
2023-07-28 08:08:34,525 [INFO] IPUIPlugin:80 - create IPUIPlugin
2023-07-28 08:08:34,525 [INFO] PluginManager:220 - loadIPPluginJar : add dfsdm
2023-07-28 08:08:34,539 [INFO] IPUIPlugin:80 - create IPUIPlugin
2023-07-28 08:08:34,540 [INFO] PluginManager:220 - loadIPPluginJar : add dma
2023-07-28 08:08:34,577 [INFO] IPUIPlugin:80 - create IPUIPlugin
2023-07-28 08:08:34,578 [INFO] PluginManager:220 - loadIPPluginJar : add dma3
2023-07-28 08:08:34,596 [INFO] IPUIPlugin:80 - create IPUIPlugin
2023-07-28 08:08:34,596 [INFO] PluginManager:220 - loadIPPluginJar : add fatfs
2023-07-28 08:08:34,635 [INFO] IPUIPlugin:80 - create IPUIPlugin
2023-07-28 08:08:34,635 [INFO] PluginManager:220 - loadIPPluginJar : add fmc
2023-07-28 08:08:34,652 [INFO] IPUIPlugin:80 - create IPUIPlugin
2023-07-28 08:08:34,652 [INFO] PluginManager:220 - loadIPPluginJar : add freertos
2023-07-28 08:08:34,670 [INFO] IPUIPlugin:80 - create IPUIPlugin
2023-07-28 08:08:34,670 [INFO] PluginManager:220 - loadIPPluginJar : add genericplugin
2023-07-28 08:08:34,743 [INFO] IPUIPlugin:80 - create IPUIPlugin
2023-07-28 08:08:34,744 [INFO] PluginManager:220 - loadIPPluginJar : add gfxmmu
2023-07-28 08:08:34,847 [INFO] IPUIPlugin:80 - create IPUIPlugin
2023-07-28 08:08:34,847 [INFO] PluginManager:220 - loadIPPluginJar : add gic
2023-07-28 08:08:34,861 [INFO] IPUIPlugin:80 - create IPUIPlugin
2023-07-28 08:08:34,861 [INFO] PluginManager:220 - loadIPPluginJar : add gpio
2023-07-28 08:08:34,932 [INFO] IPUIPlugin:80 - create IPUIPlugin
2023-07-28 08:08:34,932 [INFO] PluginManager:220 - loadIPPluginJar : add gtzc
2023-07-28 08:08:34,959 [INFO] IPUIPlugin:80 - create IPUIPlugin
2023-07-28 08:08:34,960 [INFO] PluginManager:220 - loadIPPluginJar : add hash
2023-07-28 08:08:35,003 [INFO] IPUIPlugin:80 - create IPUIPlugin
2023-07-28 08:08:35,003 [INFO] PluginManager:220 - loadIPPluginJar : add i2c
2023-07-28 08:08:35,035 [INFO] IPUIPlugin:80 - create IPUIPlugin
2023-07-28 08:08:35,035 [INFO] PluginManager:220 - loadIPPluginJar : add i2s
2023-07-28 08:08:35,068 [INFO] IPUIPlugin:80 - create IPUIPlugin
2023-07-28 08:08:35,068 [INFO] PluginManager:220 - loadIPPluginJar : add i3c
2023-07-28 08:08:35,146 [INFO] IPUIPlugin:80 - create IPUIPlugin
2023-07-28 08:08:35,146 [INFO] PluginManager:220 - loadIPPluginJar : add ipddr
2023-07-28 08:08:35,214 [INFO] IPUIPlugin:80 - create IPUIPlugin
2023-07-28 08:08:35,214 [INFO] PluginManager:220 - loadIPPluginJar : add linkedlist
2023-07-28 08:08:35,243 [INFO] IPUIPlugin:80 - create IPUIPlugin
2023-07-28 08:08:35,243 [INFO] PluginManager:220 - loadIPPluginJar : add lorawan
2023-07-28 08:08:35,273 [INFO] IPUIPlugin:80 - create IPUIPlugin
2023-07-28 08:08:35,273 [INFO] PluginManager:220 - loadIPPluginJar : add ltdc
2023-07-28 08:08:35,287 [INFO] IPUIPlugin:80 - create IPUIPlugin
2023-07-28 08:08:35,287 [INFO] PluginManager:220 - loadIPPluginJar : add mdma
2023-07-28 08:08:35,300 [INFO] IPUIPlugin:80 - create IPUIPlugin
2023-07-28 08:08:35,300 [INFO] PluginManager:220 - loadIPPluginJar : add nvic
2023-07-28 08:08:35,329 [INFO] IPUIPlugin:80 - create IPUIPlugin
2023-07-28 08:08:35,329 [INFO] PluginManager:220 - loadIPPluginJar : add opamp
2023-07-28 08:08:35,375 [INFO] IPUIPlugin:80 - create IPUIPlugin
2023-07-28 08:08:35,375 [INFO] PluginManager:220 - loadIPPluginJar : add openamp
2023-07-28 08:08:35,407 [INFO] IPUIPlugin:80 - create IPUIPlugin
2023-07-28 08:08:35,407 [INFO] PluginManager:220 - loadIPPluginJar : add pdm2pcm
2023-07-28 08:08:35,422 [INFO] IPUIPlugin:80 - create IPUIPlugin
2023-07-28 08:08:35,424 [INFO] PluginManager:220 - loadIPPluginJar : add plateformsettings
2023-07-28 08:08:35,441 [INFO] IPUIPlugin:80 - create IPUIPlugin
2023-07-28 08:08:35,441 [INFO] PluginManager:220 - loadIPPluginJar : add quadspi
2023-07-28 08:08:35,454 [INFO] IPUIPlugin:80 - create IPUIPlugin
2023-07-28 08:08:35,454 [INFO] PluginManager:220 - loadIPPluginJar : add resmgrutility
2023-07-28 08:08:35,491 [INFO] IPUIPlugin:80 - create IPUIPlugin
2023-07-28 08:08:35,492 [INFO] PluginManager:220 - loadIPPluginJar : add sai
2023-07-28 08:08:35,529 [INFO] IPUIPlugin:80 - create IPUIPlugin
2023-07-28 08:08:35,529 [INFO] PluginManager:220 - loadIPPluginJar : add spi
2023-07-28 08:08:35,574 [INFO] IPUIPlugin:80 - create IPUIPlugin
2023-07-28 08:08:35,574 [INFO] PluginManager:220 - loadIPPluginJar : add stm32_wpan
2023-07-28 08:08:35,592 [INFO] IPUIPlugin:80 - create IPUIPlugin
2023-07-28 08:08:35,592 [INFO] PluginManager:220 - loadIPPluginJar : add tim
2023-07-28 08:08:35,636 [INFO] IPUIPlugin:80 - create IPUIPlugin
2023-07-28 08:08:35,636 [INFO] PluginManager:220 - loadIPPluginJar : add touchsensing
2023-07-28 08:08:35,654 [INFO] IPUIPlugin:80 - create IPUIPlugin
2023-07-28 08:08:35,654 [INFO] PluginManager:220 - loadIPPluginJar : add tracer_emb
2023-07-28 08:08:35,672 [INFO] IPUIPlugin:80 - create IPUIPlugin
2023-07-28 08:08:35,672 [INFO] PluginManager:220 - loadIPPluginJar : add ts
2023-07-28 08:08:35,689 [INFO] IPUIPlugin:80 - create IPUIPlugin
2023-07-28 08:08:35,690 [INFO] PluginManager:220 - loadIPPluginJar : add tsc
2023-07-28 08:08:35,707 [INFO] IPUIPlugin:80 - create IPUIPlugin
2023-07-28 08:08:35,707 [INFO] PluginManager:220 - loadIPPluginJar : add ucpd
2023-07-28 08:08:35,743 [INFO] IPUIPlugin:80 - create IPUIPlugin
2023-07-28 08:08:35,744 [INFO] PluginManager:220 - loadIPPluginJar : add usart
2023-07-28 08:08:35,777 [INFO] IPUIPlugin:80 - create IPUIPlugin
2023-07-28 08:08:35,778 [INFO] PluginManager:220 - loadIPPluginJar : add usbx
2023-07-28 08:08:35,909 [INFO] CADModel:165 - CPN selected for project level
2023-07-28 08:08:35,909 [INFO] CADModel:114 - Register for checkConnection events
2023-07-28 08:08:35,909 [FATAL] Updater:308 - Updater called before beeing initialized
2023-07-28 08:08:35,909 [ERROR] CADModel:125 - Updater not yet initialized, retry later 
2023-07-28 08:08:36,050 [INFO] CADModel:165 - CPN selected for project level
2023-07-28 08:08:36,050 [INFO] CADModel:114 - Register for checkConnection events
2023-07-28 08:08:36,050 [FATAL] Updater:308 - Updater called before beeing initialized
2023-07-28 08:08:36,051 [ERROR] CADModel:125 - Updater not yet initialized, retry later 
2023-07-28 08:08:36,054 [FATAL] Updater:308 - Updater called before beeing initialized
2023-07-28 08:08:36,159 [FATAL] Updater:308 - Updater called before beeing initialized
2023-07-28 08:08:36,177 [INFO] DbMcusAds:53 - JSON generation date=Tue Mar 07 17:50:55 JST 2023 (1678179055114)
2023-07-28 08:08:36,177 [FATAL] Updater:308 - Updater called before beeing initialized
2023-07-28 08:08:36,274 [WARN] DetailPanel:346 - Failed to get advertising image, set to default
2023-07-28 08:08:36,413 [FATAL] Updater:308 - Updater called before beeing initialized
2023-07-28 08:08:36,416 [FATAL] Updater:308 - Updater called before beeing initialized
2023-07-28 08:08:36,417 [FATAL] Updater:308 - Updater called before beeing initialized
2023-07-28 08:08:36,417 [WARN] DetailPanel:346 - Failed to get advertising image, set to default
2023-07-28 08:08:36,418 [FATAL] Updater:308 - Updater called before beeing initialized
2023-07-28 08:08:36,491 [ERROR] Updater:1120 - MainUpdater not yet initialized. External WinMGr cannot be set.
2023-07-28 08:08:36,505 [INFO] Updater:1056 - Updater Version found : 6.8.0
2023-07-28 08:08:36,540 [INFO] ApplicationProperties:184 - Using Application install path: C:\ST\STM32CubeIDE_1.12.0\STM32CubeIDE\plugins\com.st.stm32cube.common.mx_6.8.0.202302231600
2023-07-28 08:08:36,631 [INFO] ThirdPartyUpdaterWithRetryManager:70 - Updater plugin not ready yet. [2/15]
2023-07-28 08:08:36,843 [INFO] MainUpdater:2854 - connection check result : 10
2023-07-28 08:08:36,844 [INFO] MainUpdater:283 - Updater Check For Update Now.
2023-07-28 08:08:36,845 [INFO] MicroXplorer:498 - Change Database Version : DB.6.0.80
2023-07-28 08:08:37,061 [INFO] CheckServerUpdateThread:120 - End of CheckServer Thread
2023-07-28 08:08:37,082 [INFO] MainUpdater:2854 - connection check result : 10
2023-07-28 08:08:37,089 [INFO] MainUpdater:2854 - connection check result : 10
2023-07-28 08:08:37,310 [INFO] MicroXplorer:468 - Change Database Path : 
2023-07-28 08:08:37,311 [INFO] MicroXplorer:498 - Change Database Version : DB.6.0.80
2023-07-28 08:08:37,312 [WARN] ThirdParty:871 - waiting for thirdparty lock release [close project]
2023-07-28 08:08:39,792 [WARN] PackLoader:240 - Cannot read IP mode file for STMicroelectronics.X-CUBE-SMBUS.2.1.0
2023-07-28 08:08:39,827 [WARN] PackLoader:240 - Cannot read IP mode file for STMicroelectronics.X-CUBE-AZRTOS-F7.1.1.0
2023-07-28 08:08:39,849 [WARN] PackLoader:240 - Cannot read IP mode file for STMicroelectronics.FP-SNS-MOTENV1.4.3.2
2023-07-28 08:08:39,864 [WARN] PackLoader:240 - Cannot read IP mode file for STMicroelectronics.FP-SNS-FLIGHT1.5.0.1
2023-07-28 08:08:39,878 [WARN] PackLoader:240 - Cannot read IP mode file for STMicroelectronics.X-CUBE-BLE1.6.2.4
2023-07-28 08:08:39,893 [WARN] PackLoader:240 - Cannot read IP mode file for STMicroelectronics.X-CUBE-DISPLAY.3.0.0
2023-07-28 08:08:39,907 [WARN] PackLoader:240 - Cannot read IP mode file for STMicroelectronics.X-CUBE-TOUCHGFX.4.22.0
2023-07-28 08:08:39,924 [INFO] LogOutputStream:77 - [STDOUT_REDIRECT] 1 : Invalid condition id : UX_CORESTACK_Condition cause : null
2023-07-28 08:08:39,924 [INFO] LogOutputStream:77 - [STDOUT_REDIRECT] 1 : Invalid condition id : UX_CORESTACK_Condition cause : null
2023-07-28 08:08:39,925 [INFO] LogOutputStream:77 - [STDOUT_REDIRECT] 1 : Invalid condition id : UX_CORESTACK_Condition cause : null
2023-07-28 08:08:39,926 [INFO] LogOutputStream:77 - [STDOUT_REDIRECT] 1 : Invalid condition id : UX_CORESTACK_Condition cause : null
2023-07-28 08:08:39,927 [INFO] LogOutputStream:77 - [STDOUT_REDIRECT] 1 : Invalid condition id : UX_CORESTACK_Condition cause : null
2023-07-28 08:08:39,930 [WARN] PackLoader:240 - Cannot read IP mode file for STMicroelectronics.X-CUBE-AZRTOS-WL.2.0.0
2023-07-28 08:08:39,948 [WARN] PackLoader:240 - Cannot read IP mode file for WES.I-CUBE-Cesium.1.3.0
2023-07-28 08:08:39,959 [WARN] PackLoader:240 - Cannot read IP mode file for STMicroelectronics.X-CUBE-BLE2.3.3.0
2023-07-28 08:08:39,967 [WARN] PackLoader:240 - Cannot read IP mode file for STMicroelectronics.X-CUBE-TOUCHGFX.4.21.3
2023-07-28 08:08:39,978 [WARN] PackLoader:240 - Cannot read IP mode file for STMicroelectronics.X-CUBE-ALGOBUILD.1.3.0
2023-07-28 08:08:40,003 [WARN] PackLoader:240 - Cannot read IP mode file for STMicroelectronics.X-CUBE-AZRTOS-G0.1.1.0
2023-07-28 08:08:40,026 [WARN] PackLoader:240 - Cannot read IP mode file for STMicroelectronics.X-CUBE-NFC4.3.0.0
2023-07-28 08:08:40,036 [WARN] PackLoader:240 - Cannot read IP mode file for STMicroelectronics.FP-ATR-SIGFOX1.3.2.0
2023-07-28 08:08:40,069 [WARN] PackLoader:240 - Cannot read IP mode file for SEGGER.I-CUBE-embOS.1.3.1
2023-07-28 08:08:40,137 [WARN] PackLoader:240 - Cannot read IP mode file for STMicroelectronics.X-CUBE-GNSS1.6.0.0
2023-07-28 08:08:40,173 [WARN] PackLoader:240 - Cannot read IP mode file for STMicroelectronics.X-CUBE-AZRTOS-F4.1.1.0
2023-07-28 08:08:40,198 [WARN] PackLoader:240 - Cannot read IP mode file for wolfSSL.I-CUBE-wolfSSL.5.6.0
2023-07-28 08:08:40,263 [WARN] PackLoader:240 - Cannot read IP mode file for STMicroelectronics.X-CUBE-MEMS1.9.6.0
2023-07-28 08:08:40,439 [WARN] PackLoader:240 - Cannot read IP mode file for emotas.I-CUBE-CANOPEN.1.1.3
2023-07-28 08:08:40,454 [WARN] PackLoader:240 - Cannot read IP mode file for STMicroelectronics.X-CUBE-BLEMGR.2.0.0
2023-07-28 08:08:40,482 [WARN] ConditionMgr:438 - getConditionDescription Invalid condition id : UX DEVICE CLASS RTOS Condition cause : null
2023-07-28 08:08:40,482 [WARN] ConditionMgr:438 - getConditionDescription Invalid condition id : UX DEVICE CLASS RTOS Condition cause : null
2023-07-28 08:08:40,485 [WARN] PackLoader:240 - Cannot read IP mode file for STMicroelectronics.X-CUBE-AZRTOS-H7.3.1.0
2023-07-28 08:08:40,487 [WARN] ConditionMgr:1039 - genDependencies : Invalid condition id : UX DEVICE CLASS RTOS Condition cause : null
2023-07-28 08:08:40,487 [WARN] ConditionMgr:1039 - genDependencies : Invalid condition id : UX DEVICE CLASS RTOS Condition cause : null
2023-07-28 08:08:40,487 [WARN] ConditionMgr:1039 - genDependencies : Invalid condition id : UX DEVICE CLASS RTOS Condition cause : null
2023-07-28 08:08:40,487 [WARN] ConditionMgr:1039 - genDependencies : Invalid condition id : UX DEVICE CLASS RTOS Condition cause : null
2023-07-28 08:08:40,488 [WARN] ConditionMgr:1039 - genDependencies : Invalid condition id : UX DEVICE CLASS RTOS Condition cause : null
2023-07-28 08:08:40,504 [WARN] PackLoader:240 - Cannot read IP mode file for STMicroelectronics.X-CUBE-NFC7.1.0.1
2023-07-28 08:08:40,518 [WARN] PackLoader:240 - Cannot read IP mode file for STMicroelectronics.X-CUBE-NFC7.1.0.0
2023-07-28 08:08:40,539 [WARN] PackLoader:240 - Cannot read IP mode file for STMicroelectronics.X-CUBE-EEPRMA1.4.1.0
2023-07-28 08:08:40,571 [WARN] ConditionMgr:438 - getConditionDescription Invalid condition id : LAN8742 Phy interface Condition cause : null
2023-07-28 08:08:40,571 [WARN] PackLoader:240 - Cannot read IP mode file for STMicroelectronics.X-CUBE-AZRTOS-L4.2.0.0
2023-07-28 08:08:40,572 [WARN] ConditionMgr:1039 - genDependencies : Invalid condition id : LAN8742 Phy interface Condition cause : null
2023-07-28 08:08:40,572 [WARN] ConditionMgr:1039 - genDependencies : Invalid condition id : LAN8742 Phy interface Condition cause : null
2023-07-28 08:08:40,573 [WARN] ConditionMgr:1039 - genDependencies : Invalid condition id : LAN8742 Phy interface Condition cause : null
2023-07-28 08:08:40,636 [WARN] PackLoader:240 - Cannot read IP mode file for STMicroelectronics.X-CUBE-SFXS2LP1.4.0.0
2023-07-28 08:08:40,651 [WARN] PackLoader:240 - Cannot read IP mode file for STMicroelectronics.X-CUBE-ISPU.1.1.0
2023-07-28 08:08:40,665 [WARN] PackLoader:240 - Cannot read IP mode file for STMicroelectronics.X-CUBE-AI.8.0.0
2023-07-28 08:08:40,678 [WARN] PackLoader:240 - Cannot read IP mode file for STMicroelectronics.X-CUBE-FREERTOS.1.0.1
2023-07-28 08:08:40,701 [WARN] PackLoader:240 - Cannot read IP mode file for STMicroelectronics.X-CUBE-AZRTOS-L5.1.1.0
2023-07-28 08:08:40,716 [WARN] PackLoader:240 - Cannot read IP mode file for STMicroelectronics.X-CUBE-AI.8.0.1
2023-07-28 08:08:40,744 [WARN] PackLoader:240 - Cannot read IP mode file for STMicroelectronics.X-CUBE-SUBG2.5.0.0
2023-07-28 08:08:40,768 [WARN] PackLoader:240 - Cannot read IP mode file for STMicroelectronics.X-CUBE-TOF1.3.3.1
2023-07-28 08:08:40,802 [WARN] PackLoader:240 - Cannot read IP mode file for STMicroelectronics.X-CUBE-AZRTOS-G4.2.0.0
2023-07-28 08:08:40,822 [WARN] PackLoader:240 - Cannot read IP mode file for STMicroelectronics.X-CUBE-TOF1.3.3.0
2023-07-28 08:08:40,864 [WARN] PackLoader:240 - Cannot read IP mode file for STMicroelectronics.X-CUBE-AZRTOS-L4.1.0.0
2023-07-28 08:08:40,889 [WARN] PackLoader:240 - Cannot read IP mode file for STMicroelectronics.X-CUBE-AZRTOS-WL.1.0.0
2023-07-28 08:08:40,907 [WARN] PackLoader:240 - Cannot read IP mode file for portGmbH.I-Cube-SoM-uGOAL.1.1.0
2023-07-28 08:08:40,922 [WARN] PackLoader:240 - Cannot read IP mode file for STMicroelectronics.X-CUBE-ALS.1.0.1
2023-07-28 08:08:40,947 [WARN] PackLoader:240 - Cannot read IP mode file for STMicroelectronics.X-CUBE-AZRTOS-WB.1.1.0
2023-07-28 08:08:40,958 [WARN] PackLoader:240 - Cannot read IP mode file for STMicroelectronics.FP-ATR-ASTRA1.2.0.0
2023-07-28 08:08:40,959 [INFO] ThirdParty:978 - Integrity check success = true
2023-07-28 08:08:40,959 [INFO] IntegrityCheckThread:100 - exiting critical section [integrity check]
2023-07-28 08:08:40,959 [INFO] IntegrityCheckThread:103 - End integrity checks thread
2023-07-28 08:08:40,960 [INFO] ThirdParty:873 - entering critical section [close project]
2023-07-28 08:08:40,961 [INFO] ThirdParty:883 - exiting critical section [close project]
2023-07-28 08:08:40,966 [INFO] PinOutPanel:1499 - setPackage(No Configuration,No Configuration)
2023-07-28 08:08:40,969 [INFO] UtilMem:75 - Begin LoadConfig() Used Memory: 551453288 Bytes (557842432)
2023-07-28 08:08:40,970 [INFO] MicroXplorer:468 - Change Database Path : 
2023-07-28 08:08:40,970 [INFO] MicroXplorer:498 - Change Database Version : DB.6.0.80
2023-07-28 08:08:40,970 [INFO] OpenFileManager:308 - Change cursor
2023-07-28 08:08:41,028 [INFO] Mcu:1937 - Initializing MCU STM32F401R(D-E)Tx STM32F401RETx STM32F401RET6
2023-07-28 08:08:42,217 [INFO] Context:659 - Trying to add GPIOservice into a context  which must be forbidden
2023-07-28 08:08:42,888 [INFO] RtosManager:555 - Registered RTOS mode: class=CMSIS, group=RTOS, mode=CMSIS_V1, owner=FREERTOS
2023-07-28 08:08:42,888 [INFO] RtosManager:555 - Registered RTOS mode: class=CMSIS, group=RTOS2, mode=CMSIS_V2, owner=FREERTOS
2023-07-28 08:08:42,888 [INFO] RtosManager:555 - Registered RTOS mode: class=RTOS, group=Core, mode=CMSIS_V1, owner=FREERTOS
2023-07-28 08:08:42,888 [INFO] RtosManager:555 - Registered RTOS mode: class=RTOS, group=Core, mode=CMSIS_V2, owner=FREERTOS
2023-07-28 08:08:42,889 [WARN] ModelIntegratedComponent:184 - Missing modes for component STMicroelectronics:FreeRTOS:0.0.1:STMicroelectronics:RTOS:FreeRTOS:Core:::10.2.0:
2023-07-28 08:08:42,941 [WARN] ModelIntegratedComponent:63 - No mode defined for component null
2023-07-28 08:08:42,941 [WARN] ModelIntegratedComponent:63 - No mode defined for component null
2023-07-28 08:08:42,941 [WARN] ModelIntegratedComponent:63 - No mode defined for component null
2023-07-28 08:08:42,941 [WARN] ModelIntegratedComponent:63 - No mode defined for component null
2023-07-28 08:08:42,942 [WARN] ModelIntegratedComponent:63 - No mode defined for component null
2023-07-28 08:08:42,942 [WARN] ModelIntegratedComponent:63 - No mode defined for component null
2023-07-28 08:08:42,942 [WARN] ModelIntegratedComponent:63 - No mode defined for component null
2023-07-28 08:08:42,942 [WARN] ModelIntegratedComponent:63 - No mode defined for component null
2023-07-28 08:08:42,942 [WARN] ModelIntegratedComponent:63 - No mode defined for component null
2023-07-28 08:08:42,942 [WARN] ModelIntegratedComponent:63 - No mode defined for component null
2023-07-28 08:08:42,942 [WARN] ModelIntegratedComponent:63 - No mode defined for component null
2023-07-28 08:08:42,942 [WARN] ModelIntegratedComponent:63 - No mode defined for component null
2023-07-28 08:08:42,942 [WARN] ModelIntegratedComponent:63 - No mode defined for component null
2023-07-28 08:08:42,942 [WARN] ModelIntegratedComponent:63 - No mode defined for component null
2023-07-28 08:08:42,942 [WARN] ModelIntegratedComponent:63 - No mode defined for component null
2023-07-28 08:08:42,942 [WARN] ModelIntegratedComponent:63 - No mode defined for component null
2023-07-28 08:08:42,942 [WARN] ModelIntegratedComponent:63 - No mode defined for component null
2023-07-28 08:08:42,942 [WARN] ModelIntegratedComponent:63 - No mode defined for component null
2023-07-28 08:08:42,942 [WARN] ModelIntegratedComponent:63 - No mode defined for component null
2023-07-28 08:08:42,942 [WARN] ModelIntegratedComponent:63 - No mode defined for component null
2023-07-28 08:08:42,942 [WARN] ModelIntegratedComponent:63 - No mode defined for component null
2023-07-28 08:08:42,942 [WARN] ModelIntegratedComponent:63 - No mode defined for component null
2023-07-28 08:08:42,942 [WARN] ModelIntegratedComponent:63 - No mode defined for component null
2023-07-28 08:08:42,942 [WARN] ModelIntegratedComponent:63 - No mode defined for component null
2023-07-28 08:08:42,943 [WARN] ModelIntegratedComponent:63 - No mode defined for component null
2023-07-28 08:08:42,943 [WARN] ModelIntegratedComponent:63 - No mode defined for component null
2023-07-28 08:08:42,943 [WARN] ModelIntegratedComponent:63 - No mode defined for component null
2023-07-28 08:08:42,943 [WARN] ModelIntegratedComponent:63 - No mode defined for component null
2023-07-28 08:08:42,943 [WARN] ModelIntegratedComponent:63 - No mode defined for component null
2023-07-28 08:08:42,943 [WARN] ModelIntegratedComponent:63 - No mode defined for component null
2023-07-28 08:08:42,943 [WARN] ModelIntegratedComponent:63 - No mode defined for component null
2023-07-28 08:08:42,943 [WARN] ModelIntegratedComponent:63 - No mode defined for component null
2023-07-28 08:08:42,943 [WARN] ModelIntegratedComponent:63 - No mode defined for component null
2023-07-28 08:08:42,976 [INFO] ThirdPartyModel:298 - Start build external matchings
2023-07-28 08:08:43,241 [INFO] ThirdPartyModel:316 - End build external matchings
2023-07-28 08:08:43,251 [INFO] RtosManager:919 - Current active RTOS is FREERTOS [Cortex-M4NS]
2023-07-28 08:08:43,268 [INFO] ImportTextPane:194 - (OptionalMessage_ERROR) IP (RCC) : Parameter (RTCHSEDivFreq_Value) has invalid value (4000000)
2023-07-28 08:08:43,506 [INFO] UtilMem:75 - End LoadConfig() Used Memory: 543836184 Bytes (677380096)
2023-07-28 08:08:43,653 [INFO] ApiDb:581 - Connected to CubeFinder SQLite database (C:\Users\nosak\.stmcufinder\plugins\mcufinder\mcu\cube-finder-db.db)
2023-07-28 08:08:43,740 [INFO] ApiDb:668 - CubeFinder database Data Model version=2.1
2023-07-28 08:08:43,740 [INFO] ApiDb:669 - CubeFinder database Configuration version=3.0.37
2023-07-28 08:08:43,740 [INFO] ApiDb:670 - CubeFinder database generation date=2023-06-26 (1687786131)
2023-07-28 08:08:43,740 [INFO] ApiDb:671 - CubeFinder database FW Pack versions=[FP-ATR-ASTRA1_V2.0.0, FP-SNS-FLIGHT1_V5.0.1, FP-SNS-MOTENV1_V4.3.1, STM32Cube_FW_C0_V1.1.0, STM32Cube_FW_F4_V1.27.1, STM32Cube_FW_F7_V1.17.0, STM32Cube_FW_G0_V1.6.1, STM32Cube_FW_G4_V1.5.1, STM32Cube_FW_H5_V0.5.1, STM32Cube_FW_H5_V1.1.0, STM32Cube_FW_H7_V1.11.0, STM32Cube_FW_L0_V1.12.2, STM32Cube_FW_L5_V1.5.0, STM32Cube_FW_U5_V1.3.0, STM32Cube_FW_U5_V1.3.0RC4, STM32Cube_FW_WBA_V1.0.0RC1, STM32Cube_FW_WBA_V1.1.0, STM32Cube_FW_WBA_V1.1.0RC1, STM32Cube_FW_WB_V1.15.0RC1, STM32Cube_FW_WB_V1.16.0, STM32Cube_FW_WB_V1.16.0RC2, STM32Cube_FW_WB_V1.17.0, STM32Cube_FW_WL_V1.3.0, X-CUBE-ALGOBUILD_V1.3.0, X-CUBE-ALS_V1.0.1, X-CUBE-AZRTOS-F4_V1.1.0, X-CUBE-AZRTOS-F7_V1.1.0, X-CUBE-AZRTOS-G0_V1.1.0, X-CUBE-AZRTOS-G4_V2.0.0, X-CUBE-AZRTOS-H7_V3.1.0, X-CUBE-AZRTOS-L4_V1.0.0, X-CUBE-AZRTOS-L4_V2.0.0, X-CUBE-AZRTOS-L5_V1.1.0, X-CUBE-AZRTOS-WB_V1.1.0, X-CUBE-AZRTOS-WL_V2.0.0, X-CUBE-BLE1_V6.2.4, X-CUBE-BLE2_V3.3.0, X-CUBE-BLEMGR_V2.0.0, X-CUBE-EEPRMA1_V4.1.0, X-CUBE-FREERTOS_V1.0.1, X-CUBE-GNSS1_V6.0.0, X-CUBE-MEMS1_V9.1.0, X-CUBE-MEMS1_V9.4.0, X-CUBE-MEMS1_V9.6.0, X-CUBE-NFC4_V3.0.0, X-CUBE-NFC7_V1.0.0, X-CUBE-SFXS2LP1_V4.0.0, X-CUBE-SUBG2_V5.0.0]
2023-07-28 08:08:46,054 [INFO] ApiDb:240 - Found 297 in-development CPN: [B-G473E-ZEST1S, B-WB1M-WPAN1, B-WL5M-SUBG1, NUCLEO-C031C6, NUCLEO-H503RB, NUCLEO-H563ZI, NUCLEO-U545RE-Q, NUCLEO-U5A5ZJ-Q, NUCLEO-WBA52CG, STEVAL-PROTEUS1, STEVAL-STWINBX1, STM320518-EVAL, STM32C0116-DK, STM32C011D6Y3TR, STM32C011D6Y6TR, STM32C011F4P3, STM32C011F4P6, STM32C011F4U3, STM32C011F4U6TR, STM32C011F6P3, STM32C011F6P6, STM32C011F6U3, STM32C011F6U6TR, STM32C011J4M3, STM32C011J4M6, STM32C011J6M3, STM32C011J6M6, STM32C0316-DK, STM32C031C4T3, STM32C031C4T6, STM32C031C4U3, STM32C031C4U6, STM32C031C6T3, STM32C031C6T6, STM32C031C6U3, STM32C031C6U6, STM32C031F4P3, STM32C031F4P6, STM32C031F6P3, STM32C031F6P6, STM32C031G4U3, STM32C031G4U6, STM32C031G6U3, STM32C031G6U6, STM32C031K4T3, STM32C031K4T6, STM32C031K4U3, STM32C031K4U6, STM32C031K6T3, STM32C031K6T6, STM32C031K6U3, STM32C031K6U6, STM32G071K8TXN, STM32G071K8UXN, STM32G081GBU6N, STM32G081KBT6N, STM32G081KBUXN, STM32G0B1CCT6N, STM32G0B1KCT6, STM32G0B1NEY6TR, STM32G0B1RCT6N, STM32G0C1CCT6, STM32G0C1CCT6N, STM32G0C1CCU6N, STM32G0C1CET6N, STM32G0C1CEU6N, STM32G0C1KCT6, STM32G0C1NEY6TR, STM32G0C1RCI6N, STM32G0C1RCT6N, STM32G0C1REI6N, STM32G0C1RET6N, STM32G0C1VCI6, STM32G0C1VEI6, STM32G471CCT6, STM32G471CCU6, STM32G471CET3, STM32G471CET6, STM32G471CEU3, STM32G471CEU6, STM32G471MCT6, STM32G471MET3, STM32G471MET6, STM32G471MEY6TR, STM32G471QCT6, STM32G471QET3, STM32G471RCT6, STM32G471RET3, STM32G471RET6, STM32G471VCH6, STM32G471VCI6, STM32G471VCT6, STM32G471VEH3, STM32G471VEH6, STM32G471VEI3, STM32G471VEI6, STM32G471VET3, STM32G471VET6, STM32G474CCT6, STM32H503CBT6, STM32H503CBU6, STM32H503EBY6TR, STM32H503KBU6, STM32H503RBT6, STM32H562AGI6, STM32H562AII6, STM32H562IGK6, STM32H562IGT6, STM32H562IIK6, STM32H562IIT6, STM32H562RGT6, STM32H562RGV6, STM32H562RIT6, STM32H562RIV6, STM32H562VGT6, STM32H562VIT6, STM32H562ZGT6, STM32H562ZIT6, STM32H563AGI6, STM32H563AII3Q, STM32H563AII6, STM32H563IGK6, STM32H563IGT6, STM32H563IIK3Q, STM32H563IIK6, STM32H563IIT3Q, STM32H563IIT6, STM32H563MIY3QTR, STM32H563RGT6, STM32H563RGV6, STM32H563RIT6, STM32H563RIV6, STM32H563VGT6, STM32H563VIT3Q, STM32H563VIT6, STM32H563ZGT6, STM32H563ZIT3Q, STM32H563ZIT6, STM32H573AII3Q, STM32H573AII6, STM32H573I-DK, STM32H573IIK3Q, STM32H573IIK6, STM32H573IIT3Q, STM32H573IIT6, STM32H573MIY3QTR, STM32H573RIT6, STM32H573RIV6, STM32H573VIT3Q, STM32H573VIT6, STM32H573ZIT3Q, STM32H573ZIT6, STM32L4R5QGI6STR, STM32MP131AAE3, STM32MP131AAF3, STM32MP131AAG3, STM32MP131CAE3, STM32MP131CAF3, STM32MP131CAG3, STM32MP131DAE7, STM32MP131DAF7, STM32MP131DAG7, STM32MP131FAE7, STM32MP131FAF7, STM32MP131FAG7, STM32MP133AAE3, STM32MP133AAF3, STM32MP133AAG3, STM32MP133CAE3, STM32MP133CAF3, STM32MP133CAG3, STM32MP133DAE7, STM32MP133DAF7, STM32MP133DAG7, STM32MP133FAE7, STM32MP133FAF7, STM32MP133FAG7, STM32MP135AAE3, STM32MP135AAF3, STM32MP135AAG3, STM32MP135CAE3, STM32MP135CAF3, STM32MP135CAG3, STM32MP135DAE7, STM32MP135DAF7, STM32MP135DAG7, STM32MP135F-DK, STM32MP135FAE7, STM32MP135FAF7, STM32MP135FAF7T, STM32MP135FAF7U, STM32MP135FAG7, STM32U535CBT6, STM32U535CBT6Q, STM32U535CBU6, STM32U535CBU6Q, STM32U535CCT6, STM32U535CCT6Q, STM32U535CCU6, STM32U535CCU6Q, STM32U535CET6, STM32U535CET6Q, STM32U535CEU6, STM32U535CEU6Q, STM32U535JEY6QTR, STM32U535NCY6QTR, STM32U535NEY6QTR, STM32U535RBI6, STM32U535RBI6Q, STM32U535RBT6, STM32U535RBT6Q, STM32U535RCI6, STM32U535RCI6Q, STM32U535RCT6, STM32U535RCT6Q, STM32U535REI6, STM32U535REI6Q, STM32U535RET6, STM32U535RET6Q, STM32U535VCI6, STM32U535VCI6Q, STM32U535VCT6, STM32U535VCT6Q, STM32U535VEI6, STM32U535VEI6Q, STM32U535VET6, STM32U535VET6Q, STM32U545CET6, STM32U545CET6Q, STM32U545CEU6, STM32U545CEU6Q, STM32U545JEY6QTR, STM32U545NEY6QTR, STM32U545REI6, STM32U545REI6Q, STM32U545RET6, STM32U545RET6Q, STM32U545VEI6, STM32U545VEI6Q, STM32U545VET6, STM32U545VET6Q, STM32U595AIH6, STM32U595AIH6Q, STM32U595AJH6, STM32U595AJH6Q, STM32U595QII6, STM32U595QII6Q, STM32U595QJI6, STM32U595QJI6Q, STM32U595RIT6, STM32U595RIT6Q, STM32U595RJT6, STM32U595RJT6Q, STM32U595VIT6, STM32U595VIT6Q, STM32U595VJT6, STM32U595VJT6Q, STM32U595ZIT6, STM32U595ZIT6Q, STM32U595ZIY6QTR, STM32U595ZJT6, STM32U595ZJT6Q, STM32U595ZJY6QTR, STM32U599BJY6QTR, STM32U599NIH6Q, STM32U599NJH6Q, STM32U599VIT6Q, STM32U599VJT6, STM32U599VJT6Q, STM32U599ZIT6Q, STM32U599ZIY6QTR, STM32U599ZJT6Q, STM32U599ZJY6QTR, STM32U5A5AJH6, STM32U5A5AJH6Q, STM32U5A5QJI6, STM32U5A5QJI6Q, STM32U5A5RJT6, STM32U5A5RJT6Q, STM32U5A5VJT6, STM32U5A5VJT6Q, STM32U5A5ZJT6, STM32U5A5ZJT6Q, STM32U5A5ZJY6QTR, STM32U5A9BJY6QTR, STM32U5A9J-DK, STM32U5A9NJH6Q, STM32U5A9VJT6Q, STM32U5A9ZJT6Q, STM32U5A9ZJY6QTR, STM32WB1MMCH6, STM32WBA52CEU6, STM32WBA52CEU6T, STM32WBA52CGU6, STM32WBA52CGU6T, STM32WL5MOCH6, STM32WL5MOCH6TR]
2023-07-28 08:08:46,056 [INFO] DbMcus:216 - Found 3825 MCUs, 3825 are supported
2023-07-28 08:08:46,063 [INFO] ApiDb:423 - Load user favorites file C:\Users\nosak/.stm32cubeide/favorites.mcus.txt: 1 item(s)
2023-07-28 08:08:46,063 [INFO] ApiDb:427 - User favorites MCUs=[STM32F401RET6]
2023-07-28 08:08:46,063 [INFO] DbMcus:222 - Set 1 / 1 favorites MCUs
2023-07-28 08:08:46,414 [WARN] ThirdParty:833 - waiting for thirdparty lock release [change project]
2023-07-28 08:08:46,414 [INFO] ThirdParty:835 - entering critical section [change project]
2023-07-28 08:08:46,414 [INFO] ThirdParty:1030 - CMSIS Pack Vendor :STMicroelectronics X-CUBE-ISPU 1.1.0
2023-07-28 08:08:46,414 [INFO] ThirdParty:1030 - CMSIS Pack Vendor :STMicroelectronics X-CUBE-GNSS1 6.0.0
2023-07-28 08:08:46,414 [INFO] ThirdParty:1030 - CMSIS Pack Vendor :STMicroelectronics USB_HOST 2.0.0
2023-07-28 08:08:46,414 [INFO] ThirdParty:1030 - CMSIS Pack Vendor :STMicroelectronics X-CUBE-AZRTOS-F4 1.1.0
2023-07-28 08:08:46,414 [INFO] ThirdParty:1030 - CMSIS Pack Vendor :STMicroelectronics LIBJPEG 8.0.0
2023-07-28 08:08:46,414 [INFO] ThirdParty:1030 - CMSIS Pack Vendor :STMicroelectronics X-CUBE-SMBUS 2.1.0
2023-07-28 08:08:46,414 [INFO] ThirdParty:1030 - CMSIS Pack Vendor :wolfSSL I-CUBE-wolfSSL 5.6.0
2023-07-28 08:08:46,414 [INFO] ThirdParty:1030 - CMSIS Pack Vendor :STMicroelectronics USB_DEVICE 3.0.0
2023-07-28 08:08:46,414 [INFO] ThirdParty:1030 - CMSIS Pack Vendor :STMicroelectronics X-CUBE-AI 8.0.0
2023-07-28 08:08:46,415 [INFO] ThirdParty:1030 - CMSIS Pack Vendor :STMicroelectronics X-CUBE-FREERTOS 1.0.1
2023-07-28 08:08:46,415 [INFO] ThirdParty:1030 - CMSIS Pack Vendor :STMicroelectronics X-CUBE-TOUCHGFX 4.21.3
2023-07-28 08:08:46,415 [INFO] ThirdParty:1030 - CMSIS Pack Vendor :STMicroelectronics X-CUBE-AZRTOS-F7 1.1.0
2023-07-28 08:08:46,415 [INFO] ThirdParty:1030 - CMSIS Pack Vendor :STMicroelectronics USB_DEVICE 2.0.0
2023-07-28 08:08:46,415 [INFO] ThirdParty:1030 - CMSIS Pack Vendor :STMicroelectronics X-CUBE-MEMS1 9.6.0
2023-07-28 08:08:46,415 [INFO] ThirdParty:1030 - CMSIS Pack Vendor :STMicroelectronics FP-SNS-MOTENV1 4.3.2
2023-07-28 08:08:46,415 [INFO] ThirdParty:1030 - CMSIS Pack Vendor :STMicroelectronics FP-SNS-FLIGHT1 5.0.1
2023-07-28 08:08:46,415 [INFO] ThirdParty:1030 - CMSIS Pack Vendor :STMicroelectronics X-CUBE-ALGOBUILD 1.3.0
2023-07-28 08:08:46,415 [INFO] ThirdParty:1030 - CMSIS Pack Vendor :STMicroelectronics X-CUBE-BLE1 6.2.4
2023-07-28 08:08:46,415 [INFO] ThirdParty:1030 - CMSIS Pack Vendor :STMicroelectronics X-CUBE-AZRTOS-L5 1.1.0
2023-07-28 08:08:46,415 [INFO] ThirdParty:1030 - CMSIS Pack Vendor :STMicroelectronics FreeRTOS 0.0.1
2023-07-28 08:08:46,415 [INFO] ThirdParty:1030 - CMSIS Pack Vendor :STMicroelectronics X-CUBE-AZRTOS-G0 1.1.0
2023-07-28 08:08:46,415 [INFO] ThirdParty:1030 - CMSIS Pack Vendor :emotas I-CUBE-CANOPEN 1.1.3
2023-07-28 08:08:46,415 [INFO] ThirdParty:1030 - CMSIS Pack Vendor :STMicroelectronics X-CUBE-BLEMGR 2.0.0
2023-07-28 08:08:46,415 [INFO] ThirdParty:1030 - CMSIS Pack Vendor :STMicroelectronics X-CUBE-AI 8.0.1
2023-07-28 08:08:46,415 [INFO] ThirdParty:1030 - CMSIS Pack Vendor :STMicroelectronics X-CUBE-NFC4 3.0.0
2023-07-28 08:08:46,415 [INFO] ThirdParty:1030 - CMSIS Pack Vendor :STMicroelectronics X-CUBE-SUBG2 5.0.0
2023-07-28 08:08:46,415 [INFO] ThirdParty:1030 - CMSIS Pack Vendor :STMicroelectronics STM32_WPAN 1.0.0
2023-07-28 08:08:46,415 [INFO] ThirdParty:1030 - CMSIS Pack Vendor :STMicroelectronics lwIP 2.0.3
2023-07-28 08:08:46,415 [INFO] ThirdParty:1030 - CMSIS Pack Vendor :STMicroelectronics USB_HOST 1.0.0
2023-07-28 08:08:46,415 [INFO] ThirdParty:1030 - CMSIS Pack Vendor :STMicroelectronics X-CUBE-TOF1 3.3.1
2023-07-28 08:08:46,415 [INFO] ThirdParty:1030 - CMSIS Pack Vendor :STMicroelectronics X-CUBE-AZRTOS-G4 2.0.0
2023-07-28 08:08:46,415 [INFO] ThirdParty:1030 - CMSIS Pack Vendor :STMicroelectronics PDM2PCM 3.1.0
2023-07-28 08:08:46,415 [INFO] ThirdParty:1030 - CMSIS Pack Vendor :STMicroelectronics X-CUBE-AZRTOS-H7 3.1.0
2023-07-28 08:08:46,415 [INFO] ThirdParty:1030 - CMSIS Pack Vendor :STMicroelectronics X-CUBE-TOF1 3.3.0
2023-07-28 08:08:46,415 [INFO] ThirdParty:1030 - CMSIS Pack Vendor :STMicroelectronics PDM2PCM 3.3.0
2023-07-28 08:08:46,415 [INFO] ThirdParty:1030 - CMSIS Pack Vendor :STMicroelectronics X-CUBE-DISPLAY 3.0.0
2023-07-28 08:08:46,415 [INFO] ThirdParty:1030 - CMSIS Pack Vendor :STMicroelectronics FP-ATR-SIGFOX1 3.2.0
2023-07-28 08:08:46,416 [INFO] ThirdParty:1030 - CMSIS Pack Vendor :STMicroelectronics X-CUBE-AZRTOS-L4 1.0.0
2023-07-28 08:08:46,416 [INFO] ThirdParty:1030 - CMSIS Pack Vendor :STMicroelectronics HAL Drivers 0.0.0
2023-07-28 08:08:46,416 [INFO] ThirdParty:1030 - CMSIS Pack Vendor :STMicroelectronics MBEDTLS 2.16.2
2023-07-28 08:08:46,416 [INFO] ThirdParty:1030 - CMSIS Pack Vendor :STMicroelectronics X-CUBE-TOUCHGFX 4.22.0
2023-07-28 08:08:46,416 [INFO] ThirdParty:1030 - CMSIS Pack Vendor :STMicroelectronics X-CUBE-NFC7 1.0.1
2023-07-28 08:08:46,416 [INFO] ThirdParty:1030 - CMSIS Pack Vendor :STMicroelectronics MBEDTLS 2.14.1
2023-07-28 08:08:46,416 [INFO] ThirdParty:1030 - CMSIS Pack Vendor :STMicroelectronics X-CUBE-NFC7 1.0.0
2023-07-28 08:08:46,416 [INFO] ThirdParty:1030 - CMSIS Pack Vendor :STMicroelectronics X-CUBE-AZRTOS-WL 1.0.0
2023-07-28 08:08:46,416 [INFO] ThirdParty:1030 - CMSIS Pack Vendor :STMicroelectronics X-CUBE-EEPRMA1 4.1.0
2023-07-28 08:08:46,416 [INFO] ThirdParty:1030 - CMSIS Pack Vendor :portGmbH I-Cube-SoM-uGOAL 1.1.0
2023-07-28 08:08:46,416 [INFO] ThirdParty:1030 - CMSIS Pack Vendor :STMicroelectronics X-CUBE-ALS 1.0.1
2023-07-28 08:08:46,416 [INFO] ThirdParty:1030 - CMSIS Pack Vendor :STMicroelectronics ThreadX 1.0.0
2023-07-28 08:08:46,416 [INFO] ThirdParty:1030 - CMSIS Pack Vendor :STMicroelectronics X-CUBE-AZRTOS-WB 1.1.0
2023-07-28 08:08:46,416 [INFO] ThirdParty:1030 - CMSIS Pack Vendor :STMicroelectronics X-CUBE-AZRTOS-WL 2.0.0
2023-07-28 08:08:46,416 [INFO] ThirdParty:1030 - CMSIS Pack Vendor :SEGGER I-CUBE-embOS 1.3.1
2023-07-28 08:08:46,416 [INFO] ThirdParty:1030 - CMSIS Pack Vendor :STMicroelectronics USB_DEVICE 1.0.0
2023-07-28 08:08:46,416 [INFO] ThirdParty:1030 - CMSIS Pack Vendor :STMicroelectronics X-CUBE-AZRTOS-L4 2.0.0
2023-07-28 08:08:46,416 [INFO] ThirdParty:1030 - CMSIS Pack Vendor :STMicroelectronics ThreadX 0.0.2
2023-07-28 08:08:46,416 [INFO] ThirdParty:1030 - CMSIS Pack Vendor :WES I-CUBE-Cesium 1.3.0
2023-07-28 08:08:46,416 [INFO] ThirdParty:1030 - CMSIS Pack Vendor :STMicroelectronics FP-ATR-ASTRA1 2.0.0
2023-07-28 08:08:46,416 [INFO] ThirdParty:1030 - CMSIS Pack Vendor :STMicroelectronics lwIP 2.1.2
2023-07-28 08:08:46,416 [INFO] ThirdParty:1030 - CMSIS Pack Vendor :STMicroelectronics X-CUBE-SFXS2LP1 4.0.0
2023-07-28 08:08:46,416 [INFO] ThirdParty:1030 - CMSIS Pack Vendor :STMicroelectronics X-CUBE-BLE2 3.3.0
2023-07-28 08:08:46,416 [INFO] ThirdParty:1030 - CMSIS Pack Vendor :STMicroelectronics PDM2PCM 3.2.0
2023-07-28 08:08:46,417 [INFO] ThirdParty:841 - exiting critical section [change project]
2023-07-28 08:08:46,870 [INFO] PinOutPanel:1499 - setPackage(No Configuration,No Configuration)
2023-07-28 08:08:46,872 [INFO] PinOutPanel:1499 - setPackage(STM32F401RETx,LQFP64)
2023-07-28 08:08:47,518 [INFO] UtilMem:75 - Before build in PCC Used Memory: 559188680 Bytes (677380096)
2023-07-28 08:08:48,684 [INFO] UtilMem:75 - After build in PCC Used Memory: 567526024 Bytes (677380096)
2023-07-28 08:08:48,761 [INFO] ApiDbMcu:507 - Load IP Config File for FREERTOS
2023-07-28 08:08:48,804 [INFO] IPUIPlugin:80 - create IPUIPlugin
2023-07-28 08:08:48,805 [INFO] IPUIPlugin:80 - create IPUIPlugin
2023-07-28 08:08:48,805 [INFO] IPUIPlugin:80 - create IPUIPlugin
2023-07-28 08:08:48,805 [INFO] IPUIPlugin:80 - create IPUIPlugin
2023-07-28 08:08:48,805 [INFO] IPUIPlugin:80 - create IPUIPlugin
2023-07-28 08:08:48,806 [INFO] IPUIPlugin:80 - create IPUIPlugin
2023-07-28 08:08:48,806 [INFO] IPUIPlugin:80 - create IPUIPlugin
2023-07-28 08:08:48,806 [INFO] IPUIPlugin:80 - create IPUIPlugin
2023-07-28 08:08:48,806 [INFO] IPUIPlugin:80 - create IPUIPlugin
2023-07-28 08:08:48,806 [INFO] IPUIPlugin:80 - create IPUIPlugin
2023-07-28 08:08:48,807 [INFO] IPUIPlugin:80 - create IPUIPlugin
2023-07-28 08:08:48,807 [INFO] IPUIPlugin:80 - create IPUIPlugin
2023-07-28 08:08:48,807 [INFO] IPUIPlugin:80 - create IPUIPlugin
2023-07-28 08:08:48,807 [INFO] IPUIPlugin:80 - create IPUIPlugin
2023-07-28 08:08:48,807 [INFO] IPUIPlugin:80 - create IPUIPlugin
2023-07-28 08:08:48,808 [INFO] IPUIPlugin:80 - create IPUIPlugin
2023-07-28 08:08:48,808 [INFO] IPUIPlugin:80 - create IPUIPlugin
2023-07-28 08:08:48,808 [INFO] IPUIPlugin:80 - create IPUIPlugin
2023-07-28 08:08:48,808 [INFO] IPUIPlugin:80 - create IPUIPlugin
2023-07-28 08:08:48,808 [INFO] IPUIPlugin:80 - create IPUIPlugin
2023-07-28 08:08:48,809 [INFO] IPUIPlugin:80 - create IPUIPlugin
2023-07-28 08:08:48,809 [INFO] IPUIPlugin:80 - create IPUIPlugin
2023-07-28 08:08:48,809 [INFO] IPUIPlugin:80 - create IPUIPlugin
2023-07-28 08:08:48,809 [INFO] IPUIPlugin:80 - create IPUIPlugin
2023-07-28 08:08:48,809 [INFO] IPUIPlugin:80 - create IPUIPlugin
2023-07-28 08:08:48,809 [INFO] IPUIPlugin:80 - create IPUIPlugin
2023-07-28 08:08:48,810 [INFO] IPUIPlugin:80 - create IPUIPlugin
2023-07-28 08:08:48,810 [INFO] IPUIPlugin:80 - create IPUIPlugin
2023-07-28 08:08:48,810 [INFO] IPUIPlugin:80 - create IPUIPlugin
2023-07-28 08:08:48,810 [INFO] IPUIPlugin:80 - create IPUIPlugin
2023-07-28 08:08:48,811 [INFO] IPUIPlugin:80 - create IPUIPlugin
2023-07-28 08:08:48,811 [INFO] IPUIPlugin:80 - create IPUIPlugin
2023-07-28 08:08:48,811 [INFO] IPUIPlugin:80 - create IPUIPlugin
2023-07-28 08:08:48,812 [INFO] IPUIPlugin:80 - create IPUIPlugin
2023-07-28 08:08:48,812 [INFO] IPUIPlugin:80 - create IPUIPlugin
2023-07-28 08:08:48,812 [INFO] IPUIPlugin:80 - create IPUIPlugin
2023-07-28 08:08:48,812 [INFO] IPUIPlugin:80 - create IPUIPlugin
2023-07-28 08:08:48,813 [INFO] IPUIPlugin:80 - create IPUIPlugin
2023-07-28 08:08:48,839 [INFO] ApiDbMcu:507 - Load IP Config File for PDM2PCM
2023-07-28 08:08:48,882 [WARN] FreeRTOS:1023 - Null or empty value: should not occur! (nothing added to the table)
2023-07-28 08:08:49,135 [INFO] CADModel:165 - CPN selected for project levelSTM32F401RET6
2023-07-28 08:08:49,135 [INFO] CADModel:114 - Register for checkConnection events
2023-07-28 08:08:49,138 [INFO] RtosManager:697 - Active RTOS found at IOC load: FREERTOS [Cortex-M4NS]
2023-07-28 08:08:49,203 [INFO] OpenFileManager:328 - Restore cursor
2023-07-28 08:08:55,545 [ERROR] RtosPanel:558 - Can not restore the selected Tab for FREERTOS(A reason can be that the tab is no more available.)
2023-07-28 08:09:00,727 [INFO] TasksAndQueuesTab:757 - Dynamic
2023-07-28 08:09:00,727 [WARN] TasksAndQueuesTab:763 - 128 128
2023-07-28 08:09:00,727 [WARN] TasksAndQueuesTab:775 - max value is: 3840.0
2023-07-28 08:09:00,728 [INFO] TasksAndQueuesTab:757 - Dynamic
2023-07-28 08:09:00,728 [WARN] TasksAndQueuesTab:763 - 256 128
2023-07-28 08:09:00,728 [WARN] TasksAndQueuesTab:775 - max value is: 3840.0
2023-07-28 08:09:00,728 [INFO] TasksAndQueuesTab:757 - Dynamic
2023-07-28 08:09:00,728 [WARN] TasksAndQueuesTab:763 - 128 128
2023-07-28 08:09:00,728 [WARN] TasksAndQueuesTab:775 - max value is: 3840.0
2023-07-28 08:09:03,787 [INFO] EditThreadDialog:704 - RAM SIZE (in KB): 96
2023-07-28 08:09:03,787 [INFO] EditThreadDialog:706 - RAM SIZE (in words): 24576
2023-07-28 08:09:13,467 [INFO] TasksAndQueuesTab:757 - Dynamic
2023-07-28 08:09:13,467 [WARN] TasksAndQueuesTab:763 - 128 128
2023-07-28 08:09:13,467 [WARN] TasksAndQueuesTab:775 - max value is: 3840.0
2023-07-28 08:09:13,467 [INFO] TasksAndQueuesTab:757 - Dynamic
2023-07-28 08:09:13,467 [WARN] TasksAndQueuesTab:763 - 256 128
2023-07-28 08:09:13,467 [WARN] TasksAndQueuesTab:775 - max value is: 3840.0
2023-07-28 08:09:13,467 [INFO] TasksAndQueuesTab:757 - Dynamic
2023-07-28 08:09:13,467 [WARN] TasksAndQueuesTab:763 - 256 128
2023-07-28 08:09:13,467 [WARN] TasksAndQueuesTab:775 - max value is: 3840.0
2023-07-28 08:09:18,250 [INFO] UtilMem:75 - End SaveConfig() Used Memory: 578307760 Bytes (677380096)
2023-07-28 08:09:20,066 [INFO] UtilMem:75 - End SaveConfig() Used Memory: 573544520 Bytes (677380096)
2023-07-28 08:09:21,522 [INFO] UtilMem:75 - End SaveConfig() Used Memory: 574097272 Bytes (677380096)
2023-07-28 08:09:27,023 [INFO] BlockDiagram:2759 - set Specific Code input for plugin: RTC
2023-07-28 08:09:27,023 [INFO] BlockDiagram:2759 - set Specific Code input for plugin: NVIC
2023-07-28 08:09:27,023 [INFO] BlockDiagram:2759 - set Specific Code input for plugin: FREERTOS
2023-07-28 08:09:27,023 [INFO] BlockDiagram:2759 - set Specific Code input for plugin: USART
2023-07-28 08:09:27,023 [INFO] BlockDiagram:2759 - set Specific Code input for plugin: USART
2023-07-28 08:09:27,023 [INFO] BlockDiagram:2759 - set Specific Code input for plugin: TIM1_8
2023-07-28 08:09:27,023 [INFO] BlockDiagram:2759 - set Specific Code input for plugin: TIM1_8
2023-07-28 08:09:27,023 [INFO] BlockDiagram:2759 - set Specific Code input for plugin: SYS
2023-07-28 08:09:27,025 [INFO] BlockDiagram:2759 - set Specific Code input for plugin: GPIO
2023-07-28 08:09:27,025 [INFO] BlockDiagram:2759 - set Specific Code input for plugin: RCC
2023-07-28 08:09:27,025 [INFO] CodeGenerator:793 - code generatio: config db path: C:\ST\STM32CubeIDE_1.12.0\STM32CubeIDE\plugins\com.st.stm32cube.common.mx_6.8.0.202302231600\\db\
2023-07-28 08:09:27,394 [INFO] CodeEngine:255 - oldGeneratedFile, D:\ST\git\STM32-NucleoF401RE\TEST001\MXTmpFiles\license.tmp_save
2023-07-28 08:09:27,815 [INFO] CodeEngine:279 - Generated code: D:\ST\git\STM32-NucleoF401RE\TEST001\MXTmpFiles\license.tmp
2023-07-28 08:09:27,884 [INFO] CodeEngine:255 - oldGeneratedFile, D:\ST\git\STM32-NucleoF401RE\TEST001\MXTmpFiles\gpio.tmp_save
2023-07-28 08:09:28,044 [INFO] CodeEngine:279 - Generated code: D:\ST\git\STM32-NucleoF401RE\TEST001\MXTmpFiles\gpio.tmp
2023-07-28 08:09:28,290 [INFO] Middleware:1439 - No code input for Bsp Dependency
2023-07-28 08:09:28,301 [INFO] CodeEngine:255 - oldGeneratedFile, D:\ST\git\STM32-NucleoF401RE\TEST001\MXTmpFiles\rtos_inc.tmp_save
2023-07-28 08:09:28,428 [INFO] CodeEngine:279 - Generated code: D:\ST\git\STM32-NucleoF401RE\TEST001\MXTmpFiles\rtos_inc.tmp
2023-07-28 08:09:28,436 [INFO] CodeEngine:255 - oldGeneratedFile, D:\ST\git\STM32-NucleoF401RE\TEST001\MXTmpFiles\rtos_kernelInit.tmp_save
2023-07-28 08:09:28,531 [INFO] CodeEngine:279 - Generated code: D:\ST\git\STM32-NucleoF401RE\TEST001\MXTmpFiles\rtos_kernelInit.tmp
2023-07-28 08:09:28,539 [INFO] CodeEngine:255 - oldGeneratedFile, D:\ST\git\STM32-NucleoF401RE\TEST001\MXTmpFiles\rtos_kernelStart.tmp_save
2023-07-28 08:09:28,611 [INFO] CodeEngine:279 - Generated code: D:\ST\git\STM32-NucleoF401RE\TEST001\MXTmpFiles\rtos_kernelStart.tmp
2023-07-28 08:09:28,624 [INFO] CodeEngine:255 - oldGeneratedFile, D:\ST\git\STM32-NucleoF401RE\TEST001\MXTmpFiles\rtos_typedefs.tmp_save
2023-07-28 08:09:28,693 [INFO] CodeEngine:279 - Generated code: D:\ST\git\STM32-NucleoF401RE\TEST001\MXTmpFiles\rtos_typedefs.tmp
2023-07-28 08:09:28,703 [INFO] CodeEngine:255 - oldGeneratedFile, D:\ST\git\STM32-NucleoF401RE\TEST001\MXTmpFiles\rtos_vars.tmp_save
2023-07-28 08:09:28,818 [INFO] CodeEngine:279 - Generated code: D:\ST\git\STM32-NucleoF401RE\TEST001\MXTmpFiles\rtos_vars.tmp
2023-07-28 08:09:28,830 [INFO] CodeEngine:255 - oldGeneratedFile, D:\ST\git\STM32-NucleoF401RE\TEST001\MXTmpFiles\rtos_pfp.tmp_save
2023-07-28 08:09:28,945 [INFO] CodeEngine:279 - Generated code: D:\ST\git\STM32-NucleoF401RE\TEST001\MXTmpFiles\rtos_pfp.tmp
2023-07-28 08:09:28,955 [INFO] CodeEngine:255 - oldGeneratedFile, D:\ST\git\STM32-NucleoF401RE\TEST001\MXTmpFiles\rtos_obj_creat.tmp_save
2023-07-28 08:09:29,048 [INFO] CodeEngine:279 - Generated code: D:\ST\git\STM32-NucleoF401RE\TEST001\MXTmpFiles\rtos_obj_creat.tmp
2023-07-28 08:09:29,065 [INFO] CodeEngine:255 - oldGeneratedFile, D:\ST\git\STM32-NucleoF401RE\TEST001\MXTmpFiles\rtos_default_thread.tmp_save
2023-07-28 08:09:29,142 [INFO] CodeEngine:279 - Generated code: D:\ST\git\STM32-NucleoF401RE\TEST001\MXTmpFiles\rtos_default_thread.tmp
2023-07-28 08:09:29,153 [INFO] CodeEngine:255 - oldGeneratedFile, D:\ST\git\STM32-NucleoF401RE\TEST001\MXTmpFiles\rtos_threads.tmp_save
2023-07-28 08:09:29,229 [INFO] CodeEngine:279 - Generated code: D:\ST\git\STM32-NucleoF401RE\TEST001\MXTmpFiles\rtos_threads.tmp
2023-07-28 08:09:29,245 [INFO] Middleware:1439 - No code input for Bsp Dependency
2023-07-28 08:09:29,251 [INFO] CodeEngine:255 - oldGeneratedFile, D:\ST\git\STM32-NucleoF401RE\TEST001\MXTmpFiles\rtos_inc.tmp_save
2023-07-28 08:09:29,343 [INFO] CodeEngine:279 - Generated code: D:\ST\git\STM32-NucleoF401RE\TEST001\MXTmpFiles\rtos_inc.tmp
2023-07-28 08:09:29,347 [INFO] CodeEngine:255 - oldGeneratedFile, D:\ST\git\STM32-NucleoF401RE\TEST001\MXTmpFiles\rtos_kernelInit.tmp_save
2023-07-28 08:09:29,396 [INFO] CodeEngine:279 - Generated code: D:\ST\git\STM32-NucleoF401RE\TEST001\MXTmpFiles\rtos_kernelInit.tmp
2023-07-28 08:09:29,399 [INFO] CodeEngine:255 - oldGeneratedFile, D:\ST\git\STM32-NucleoF401RE\TEST001\MXTmpFiles\rtos_kernelStart.tmp_save
2023-07-28 08:09:29,451 [INFO] CodeEngine:279 - Generated code: D:\ST\git\STM32-NucleoF401RE\TEST001\MXTmpFiles\rtos_kernelStart.tmp
2023-07-28 08:09:29,454 [INFO] CodeEngine:255 - oldGeneratedFile, D:\ST\git\STM32-NucleoF401RE\TEST001\MXTmpFiles\rtos_typedefs.tmp_save
2023-07-28 08:09:29,503 [INFO] CodeEngine:279 - Generated code: D:\ST\git\STM32-NucleoF401RE\TEST001\MXTmpFiles\rtos_typedefs.tmp
2023-07-28 08:09:29,515 [INFO] CodeEngine:255 - oldGeneratedFile, D:\ST\git\STM32-NucleoF401RE\TEST001\MXTmpFiles\rtos_vars.tmp_save
2023-07-28 08:09:29,563 [INFO] CodeEngine:279 - Generated code: D:\ST\git\STM32-NucleoF401RE\TEST001\MXTmpFiles\rtos_vars.tmp
2023-07-28 08:09:29,566 [INFO] CodeEngine:255 - oldGeneratedFile, D:\ST\git\STM32-NucleoF401RE\TEST001\MXTmpFiles\rtos_pfp.tmp_save
2023-07-28 08:09:29,605 [INFO] CodeEngine:279 - Generated code: D:\ST\git\STM32-NucleoF401RE\TEST001\MXTmpFiles\rtos_pfp.tmp
2023-07-28 08:09:29,616 [INFO] CodeEngine:255 - oldGeneratedFile, D:\ST\git\STM32-NucleoF401RE\TEST001\MXTmpFiles\rtos_obj_creat.tmp_save
2023-07-28 08:09:29,661 [INFO] CodeEngine:279 - Generated code: D:\ST\git\STM32-NucleoF401RE\TEST001\MXTmpFiles\rtos_obj_creat.tmp
2023-07-28 08:09:29,665 [INFO] CodeEngine:255 - oldGeneratedFile, D:\ST\git\STM32-NucleoF401RE\TEST001\MXTmpFiles\rtos_default_thread.tmp_save
2023-07-28 08:09:29,717 [INFO] CodeEngine:279 - Generated code: D:\ST\git\STM32-NucleoF401RE\TEST001\MXTmpFiles\rtos_default_thread.tmp
2023-07-28 08:09:29,721 [INFO] CodeEngine:255 - oldGeneratedFile, D:\ST\git\STM32-NucleoF401RE\TEST001\MXTmpFiles\rtos_threads.tmp_save
2023-07-28 08:09:29,769 [INFO] CodeEngine:279 - Generated code: D:\ST\git\STM32-NucleoF401RE\TEST001\MXTmpFiles\rtos_threads.tmp
2023-07-28 08:09:29,791 [INFO] CodeEngine:255 - oldGeneratedFile, D:\ST\git\STM32-NucleoF401RE\TEST001\Core\Inc\FreeRTOSConfig.h_save
2023-07-28 08:09:29,900 [INFO] CodeEngine:279 - Generated code: D:\ST\git\STM32-NucleoF401RE\TEST001\Core\Inc\FreeRTOSConfig.h
2023-07-28 08:09:29,919 [INFO] CodeEngine:255 - oldGeneratedFile, D:\ST\git\STM32-NucleoF401RE\TEST001\Core\Src\freertos.c_save
2023-07-28 08:09:30,024 [INFO] CodeEngine:279 - Generated code: D:\ST\git\STM32-NucleoF401RE\TEST001\Core\Src\freertos.c
2023-07-28 08:09:30,059 [INFO] CodeEngine:255 - oldGeneratedFile, D:\ST\git\STM32-NucleoF401RE\TEST001\Core\Src\stm32f4xx_it.c_save
2023-07-28 08:09:30,200 [INFO] CodeEngine:279 - Generated code: D:\ST\git\STM32-NucleoF401RE\TEST001\Core\Src\stm32f4xx_it.c
2023-07-28 08:09:30,210 [INFO] CodeEngine:255 - oldGeneratedFile, D:\ST\git\STM32-NucleoF401RE\TEST001\Core\Inc\stm32f4xx_it.h_save
2023-07-28 08:09:30,320 [INFO] CodeEngine:279 - Generated code: D:\ST\git\STM32-NucleoF401RE\TEST001\Core\Inc\stm32f4xx_it.h
2023-07-28 08:09:30,351 [INFO] CodeEngine:255 - oldGeneratedFile, D:\ST\git\STM32-NucleoF401RE\TEST001\Core\Src\stm32f4xx_hal_msp.c_save
2023-07-28 08:09:30,547 [INFO] CodeEngine:279 - Generated code: D:\ST\git\STM32-NucleoF401RE\TEST001\Core\Src\stm32f4xx_hal_msp.c
2023-07-28 08:09:30,559 [INFO] CodeEngine:255 - oldGeneratedFile, D:\ST\git\STM32-NucleoF401RE\TEST001\MXTmpFiles\system.tmp_save
2023-07-28 08:09:30,624 [INFO] CodeEngine:279 - Generated code: D:\ST\git\STM32-NucleoF401RE\TEST001\MXTmpFiles\system.tmp
2023-07-28 08:09:30,642 [INFO] CodeEngine:255 - oldGeneratedFile, D:\ST\git\STM32-NucleoF401RE\TEST001\Core\Src\stm32f4xx_hal_timebase_tim.c_save
2023-07-28 08:09:30,758 [INFO] CodeEngine:279 - Generated code: D:\ST\git\STM32-NucleoF401RE\TEST001\Core\Src\stm32f4xx_hal_timebase_tim.c
2023-07-28 08:09:30,781 [INFO] CodeEngine:311 - oldGeneratedFile, D:\ST\git\STM32-NucleoF401RE\TEST001\Core\Inc\stm32f4xx_hal_conf.h_save
2023-07-28 08:09:30,872 [INFO] CodeEngine:335 - Generated code: D:\ST\git\STM32-NucleoF401RE\TEST001\Core\Inc\stm32f4xx_hal_conf.h
2023-07-28 08:09:30,905 [WARN] IPConfigManager:3431 - IP not found : TIM
2023-07-28 08:09:30,906 [WARN] CodeGenerator:3754 - IP not found : null
2023-07-28 08:09:30,940 [INFO] CodeEngine:255 - oldGeneratedFile, D:\ST\git\STM32-NucleoF401RE\TEST001\Core\Inc\main.h_save
2023-07-28 08:09:31,070 [INFO] CodeEngine:279 - Generated code: D:\ST\git\STM32-NucleoF401RE\TEST001\Core\Inc\main.h
2023-07-28 08:09:31,090 [INFO] CodeEngine:255 - oldGeneratedFile, D:\ST\git\STM32-NucleoF401RE\TEST001\Core\Src\main.c_save
2023-07-28 08:09:31,281 [INFO] CodeEngine:279 - Generated code: D:\ST\git\STM32-NucleoF401RE\TEST001\Core\Src\main.c
2023-07-28 08:09:32,208 [INFO] ProjectBuilder:2996 - Time for Copy HAL[1] : 307mS.
2023-07-28 08:09:32,243 [INFO] ProjectBuilder:4304 - Project Generator version: 3.19.2
2023-07-28 08:09:32,598 [INFO] ConfigFileManager:1483 - The Die is : DIE433
2023-07-28 08:09:32,614 [INFO] ApiDbMcu:507 - Load IP Config File for FATFS
2023-07-28 08:09:32,624 [INFO] ApiDbMcu:507 - Load IP Config File for LIBJPEG
2023-07-28 08:09:32,638 [INFO] ApiDbMcu:507 - Load IP Config File for MBEDTLS
2023-07-28 08:09:32,653 [INFO] ApiDbMcu:507 - Load IP Config File for USB_DEVICE
2023-07-28 08:09:32,664 [INFO] ApiDbMcu:507 - Load IP Config File for USB_HOST
2023-07-28 08:09:33,985 [INFO] LogOutputStream:77 - [STDOUT_REDIRECT] 
2023-07-28 08:09:36,784 [INFO] ProjectBuilder:4505 - Time for Generating toolchain IDE Files: 4540mS.
2023-07-28 08:09:36,784 [INFO] ProjectBuilder:2867 - Time for Copy CMSIS : 0mS.
2023-07-28 08:09:36,786 [INFO] ProjectBuilder:2867 - Time for Copy CMSIS : 0mS.
2023-07-28 08:48:00,656 [INFO] NvicIntPanel:101 - NVIC parent = com.st.microxplorer.plugins.ip.nvic.MultiNvicIntPanel[,0,0,450x325,layout=javax.swing.BoxLayout,alignmentX=0.0,alignmentY=0.0,border=,flags=9,maximumSize=,minimumSize=,preferredSize=]
2023-07-28 08:48:05,591 [INFO] NvicIntPanel:101 - NVIC parent = com.st.microxplorer.plugins.ip.nvic.MultiNvicIntPanel[,0,0,0x0,invalid,layout=javax.swing.BoxLayout,alignmentX=0.0,alignmentY=0.0,border=,flags=9,maximumSize=,minimumSize=,preferredSize=]
2023-07-28 08:48:19,914 [INFO] UtilMem:75 - End SaveConfig() Used Memory: 756269624 Bytes (938475520)
2023-07-28 08:48:22,636 [INFO] UtilMem:75 - End SaveConfig() Used Memory: 781957688 Bytes (938475520)
2023-07-28 08:48:23,977 [INFO] UtilMem:75 - End SaveConfig() Used Memory: 632855552 Bytes (938475520)
2023-07-28 08:48:26,666 [INFO] BlockDiagram:2759 - set Specific Code input for plugin: RTC
2023-07-28 08:48:26,666 [INFO] BlockDiagram:2759 - set Specific Code input for plugin: NVIC
2023-07-28 08:48:26,666 [INFO] BlockDiagram:2759 - set Specific Code input for plugin: FREERTOS
2023-07-28 08:48:26,667 [INFO] BlockDiagram:2759 - set Specific Code input for plugin: USART
2023-07-28 08:48:26,667 [INFO] BlockDiagram:2759 - set Specific Code input for plugin: USART
2023-07-28 08:48:26,667 [INFO] BlockDiagram:2759 - set Specific Code input for plugin: TIM1_8
2023-07-28 08:48:26,667 [INFO] BlockDiagram:2759 - set Specific Code input for plugin: TIM1_8
2023-07-28 08:48:26,667 [INFO] BlockDiagram:2759 - set Specific Code input for plugin: SYS
2023-07-28 08:48:26,667 [INFO] BlockDiagram:2759 - set Specific Code input for plugin: GPIO
2023-07-28 08:48:26,667 [INFO] BlockDiagram:2759 - set Specific Code input for plugin: RCC
2023-07-28 08:48:26,669 [INFO] CodeGenerator:793 - code generatio: config db path: C:\ST\STM32CubeIDE_1.12.0\STM32CubeIDE\plugins\com.st.stm32cube.common.mx_6.8.0.202302231600\\db\
2023-07-28 08:48:26,803 [INFO] CodeEngine:255 - oldGeneratedFile, D:\ST\git\STM32-NucleoF401RE\TEST001\MXTmpFiles\license.tmp_save
2023-07-28 08:48:26,919 [INFO] CodeEngine:279 - Generated code: D:\ST\git\STM32-NucleoF401RE\TEST001\MXTmpFiles\license.tmp
2023-07-28 08:48:26,983 [INFO] CodeEngine:255 - oldGeneratedFile, D:\ST\git\STM32-NucleoF401RE\TEST001\MXTmpFiles\gpio.tmp_save
2023-07-28 08:48:27,090 [INFO] CodeEngine:279 - Generated code: D:\ST\git\STM32-NucleoF401RE\TEST001\MXTmpFiles\gpio.tmp
2023-07-28 08:48:27,255 [INFO] Middleware:1439 - No code input for Bsp Dependency
2023-07-28 08:48:27,259 [INFO] CodeEngine:255 - oldGeneratedFile, D:\ST\git\STM32-NucleoF401RE\TEST001\MXTmpFiles\rtos_inc.tmp_save
2023-07-28 08:48:27,332 [INFO] CodeEngine:279 - Generated code: D:\ST\git\STM32-NucleoF401RE\TEST001\MXTmpFiles\rtos_inc.tmp
2023-07-28 08:48:27,332 [INFO] CodeEngine:255 - oldGeneratedFile, D:\ST\git\STM32-NucleoF401RE\TEST001\MXTmpFiles\rtos_kernelInit.tmp_save
2023-07-28 08:48:27,382 [INFO] CodeEngine:279 - Generated code: D:\ST\git\STM32-NucleoF401RE\TEST001\MXTmpFiles\rtos_kernelInit.tmp
2023-07-28 08:48:27,382 [INFO] CodeEngine:255 - oldGeneratedFile, D:\ST\git\STM32-NucleoF401RE\TEST001\MXTmpFiles\rtos_kernelStart.tmp_save
2023-07-28 08:48:27,425 [INFO] CodeEngine:279 - Generated code: D:\ST\git\STM32-NucleoF401RE\TEST001\MXTmpFiles\rtos_kernelStart.tmp
2023-07-28 08:48:27,425 [INFO] CodeEngine:255 - oldGeneratedFile, D:\ST\git\STM32-NucleoF401RE\TEST001\MXTmpFiles\rtos_typedefs.tmp_save
2023-07-28 08:48:27,477 [INFO] CodeEngine:279 - Generated code: D:\ST\git\STM32-NucleoF401RE\TEST001\MXTmpFiles\rtos_typedefs.tmp
2023-07-28 08:48:27,479 [INFO] CodeEngine:255 - oldGeneratedFile, D:\ST\git\STM32-NucleoF401RE\TEST001\MXTmpFiles\rtos_vars.tmp_save
2023-07-28 08:48:27,532 [INFO] CodeEngine:279 - Generated code: D:\ST\git\STM32-NucleoF401RE\TEST001\MXTmpFiles\rtos_vars.tmp
2023-07-28 08:48:27,532 [INFO] CodeEngine:255 - oldGeneratedFile, D:\ST\git\STM32-NucleoF401RE\TEST001\MXTmpFiles\rtos_pfp.tmp_save
2023-07-28 08:48:27,583 [INFO] CodeEngine:279 - Generated code: D:\ST\git\STM32-NucleoF401RE\TEST001\MXTmpFiles\rtos_pfp.tmp
2023-07-28 08:48:27,586 [INFO] CodeEngine:255 - oldGeneratedFile, D:\ST\git\STM32-NucleoF401RE\TEST001\MXTmpFiles\rtos_obj_creat.tmp_save
2023-07-28 08:48:27,649 [INFO] CodeEngine:279 - Generated code: D:\ST\git\STM32-NucleoF401RE\TEST001\MXTmpFiles\rtos_obj_creat.tmp
2023-07-28 08:48:27,649 [INFO] CodeEngine:255 - oldGeneratedFile, D:\ST\git\STM32-NucleoF401RE\TEST001\MXTmpFiles\rtos_default_thread.tmp_save
2023-07-28 08:48:27,692 [INFO] CodeEngine:279 - Generated code: D:\ST\git\STM32-NucleoF401RE\TEST001\MXTmpFiles\rtos_default_thread.tmp
2023-07-28 08:48:27,698 [INFO] CodeEngine:255 - oldGeneratedFile, D:\ST\git\STM32-NucleoF401RE\TEST001\MXTmpFiles\rtos_threads.tmp_save
2023-07-28 08:48:27,754 [INFO] CodeEngine:279 - Generated code: D:\ST\git\STM32-NucleoF401RE\TEST001\MXTmpFiles\rtos_threads.tmp
2023-07-28 08:48:27,765 [INFO] Middleware:1439 - No code input for Bsp Dependency
2023-07-28 08:48:27,769 [INFO] CodeEngine:255 - oldGeneratedFile, D:\ST\git\STM32-NucleoF401RE\TEST001\MXTmpFiles\rtos_inc.tmp_save
2023-07-28 08:48:27,842 [INFO] CodeEngine:279 - Generated code: D:\ST\git\STM32-NucleoF401RE\TEST001\MXTmpFiles\rtos_inc.tmp
2023-07-28 08:48:27,849 [INFO] CodeEngine:255 - oldGeneratedFile, D:\ST\git\STM32-NucleoF401RE\TEST001\MXTmpFiles\rtos_kernelInit.tmp_save
2023-07-28 08:48:27,908 [INFO] CodeEngine:279 - Generated code: D:\ST\git\STM32-NucleoF401RE\TEST001\MXTmpFiles\rtos_kernelInit.tmp
2023-07-28 08:48:27,915 [INFO] CodeEngine:255 - oldGeneratedFile, D:\ST\git\STM32-NucleoF401RE\TEST001\MXTmpFiles\rtos_kernelStart.tmp_save
2023-07-28 08:48:27,977 [INFO] CodeEngine:279 - Generated code: D:\ST\git\STM32-NucleoF401RE\TEST001\MXTmpFiles\rtos_kernelStart.tmp
2023-07-28 08:48:27,977 [INFO] CodeEngine:255 - oldGeneratedFile, D:\ST\git\STM32-NucleoF401RE\TEST001\MXTmpFiles\rtos_typedefs.tmp_save
2023-07-28 08:48:28,022 [INFO] CodeEngine:279 - Generated code: D:\ST\git\STM32-NucleoF401RE\TEST001\MXTmpFiles\rtos_typedefs.tmp
2023-07-28 08:48:28,032 [INFO] CodeEngine:255 - oldGeneratedFile, D:\ST\git\STM32-NucleoF401RE\TEST001\MXTmpFiles\rtos_vars.tmp_save
2023-07-28 08:48:28,093 [INFO] CodeEngine:279 - Generated code: D:\ST\git\STM32-NucleoF401RE\TEST001\MXTmpFiles\rtos_vars.tmp
2023-07-28 08:48:28,098 [INFO] CodeEngine:255 - oldGeneratedFile, D:\ST\git\STM32-NucleoF401RE\TEST001\MXTmpFiles\rtos_pfp.tmp_save
2023-07-28 08:48:28,192 [INFO] CodeEngine:279 - Generated code: D:\ST\git\STM32-NucleoF401RE\TEST001\MXTmpFiles\rtos_pfp.tmp
2023-07-28 08:48:28,208 [INFO] CodeEngine:255 - oldGeneratedFile, D:\ST\git\STM32-NucleoF401RE\TEST001\MXTmpFiles\rtos_obj_creat.tmp_save
2023-07-28 08:48:28,258 [INFO] CodeEngine:279 - Generated code: D:\ST\git\STM32-NucleoF401RE\TEST001\MXTmpFiles\rtos_obj_creat.tmp
2023-07-28 08:48:28,258 [INFO] CodeEngine:255 - oldGeneratedFile, D:\ST\git\STM32-NucleoF401RE\TEST001\MXTmpFiles\rtos_default_thread.tmp_save
2023-07-28 08:48:28,308 [INFO] CodeEngine:279 - Generated code: D:\ST\git\STM32-NucleoF401RE\TEST001\MXTmpFiles\rtos_default_thread.tmp
2023-07-28 08:48:28,315 [INFO] CodeEngine:255 - oldGeneratedFile, D:\ST\git\STM32-NucleoF401RE\TEST001\MXTmpFiles\rtos_threads.tmp_save
2023-07-28 08:48:28,358 [INFO] CodeEngine:279 - Generated code: D:\ST\git\STM32-NucleoF401RE\TEST001\MXTmpFiles\rtos_threads.tmp
2023-07-28 08:48:28,381 [INFO] CodeEngine:255 - oldGeneratedFile, D:\ST\git\STM32-NucleoF401RE\TEST001\Core\Inc\FreeRTOSConfig.h_save
2023-07-28 08:48:28,481 [INFO] CodeEngine:279 - Generated code: D:\ST\git\STM32-NucleoF401RE\TEST001\Core\Inc\FreeRTOSConfig.h
2023-07-28 08:48:28,508 [INFO] CodeEngine:255 - oldGeneratedFile, D:\ST\git\STM32-NucleoF401RE\TEST001\Core\Src\freertos.c_save
2023-07-28 08:48:28,618 [INFO] CodeEngine:279 - Generated code: D:\ST\git\STM32-NucleoF401RE\TEST001\Core\Src\freertos.c
2023-07-28 08:48:28,644 [INFO] CodeEngine:255 - oldGeneratedFile, D:\ST\git\STM32-NucleoF401RE\TEST001\Core\Src\stm32f4xx_it.c_save
2023-07-28 08:48:28,861 [INFO] CodeEngine:279 - Generated code: D:\ST\git\STM32-NucleoF401RE\TEST001\Core\Src\stm32f4xx_it.c
2023-07-28 08:48:28,876 [INFO] CodeEngine:255 - oldGeneratedFile, D:\ST\git\STM32-NucleoF401RE\TEST001\Core\Inc\stm32f4xx_it.h_save
2023-07-28 08:48:28,964 [INFO] CodeEngine:279 - Generated code: D:\ST\git\STM32-NucleoF401RE\TEST001\Core\Inc\stm32f4xx_it.h
2023-07-28 08:48:28,993 [INFO] CodeEngine:255 - oldGeneratedFile, D:\ST\git\STM32-NucleoF401RE\TEST001\Core\Src\stm32f4xx_hal_msp.c_save
2023-07-28 08:48:29,131 [INFO] CodeEngine:279 - Generated code: D:\ST\git\STM32-NucleoF401RE\TEST001\Core\Src\stm32f4xx_hal_msp.c
2023-07-28 08:48:29,141 [INFO] CodeEngine:255 - oldGeneratedFile, D:\ST\git\STM32-NucleoF401RE\TEST001\MXTmpFiles\system.tmp_save
2023-07-28 08:48:29,181 [INFO] CodeEngine:279 - Generated code: D:\ST\git\STM32-NucleoF401RE\TEST001\MXTmpFiles\system.tmp
2023-07-28 08:48:29,191 [INFO] CodeEngine:255 - oldGeneratedFile, D:\ST\git\STM32-NucleoF401RE\TEST001\Core\Src\stm32f4xx_hal_timebase_tim.c_save
2023-07-28 08:48:29,247 [INFO] CodeEngine:279 - Generated code: D:\ST\git\STM32-NucleoF401RE\TEST001\Core\Src\stm32f4xx_hal_timebase_tim.c
2023-07-28 08:48:29,268 [INFO] CodeEngine:311 - oldGeneratedFile, D:\ST\git\STM32-NucleoF401RE\TEST001\Core\Inc\stm32f4xx_hal_conf.h_save
2023-07-28 08:48:29,347 [INFO] CodeEngine:335 - Generated code: D:\ST\git\STM32-NucleoF401RE\TEST001\Core\Inc\stm32f4xx_hal_conf.h
2023-07-28 08:48:29,380 [WARN] IPConfigManager:3431 - IP not found : TIM
2023-07-28 08:48:29,380 [WARN] CodeGenerator:3754 - IP not found : null
2023-07-28 08:48:29,397 [INFO] CodeEngine:255 - oldGeneratedFile, D:\ST\git\STM32-NucleoF401RE\TEST001\Core\Inc\main.h_save
2023-07-28 08:48:29,481 [INFO] CodeEngine:279 - Generated code: D:\ST\git\STM32-NucleoF401RE\TEST001\Core\Inc\main.h
2023-07-28 08:48:29,498 [INFO] CodeEngine:255 - oldGeneratedFile, D:\ST\git\STM32-NucleoF401RE\TEST001\Core\Src\main.c_save
2023-07-28 08:48:29,684 [INFO] CodeEngine:279 - Generated code: D:\ST\git\STM32-NucleoF401RE\TEST001\Core\Src\main.c
2023-07-28 08:48:30,324 [INFO] ProjectBuilder:2996 - Time for Copy HAL[1] : 211mS.
2023-07-28 08:48:30,330 [INFO] ProjectBuilder:4304 - Project Generator version: 3.19.2
2023-07-28 08:48:30,623 [INFO] ConfigFileManager:1483 - The Die is : DIE433
2023-07-28 08:48:33,832 [INFO] ProjectBuilder:4505 - Time for Generating toolchain IDE Files: 3501mS.
2023-07-28 08:48:33,833 [INFO] ProjectBuilder:2867 - Time for Copy CMSIS : 0mS.
2023-07-28 08:48:33,836 [INFO] ProjectBuilder:2867 - Time for Copy CMSIS : 0mS.
2023-07-28 10:33:43,309 [INFO] NvicIntPanel:101 - NVIC parent = com.st.microxplorer.plugins.ip.nvic.MultiNvicIntPanel[,0,0,0x0,invalid,layout=javax.swing.BoxLayout,alignmentX=0.0,alignmentY=0.0,border=,flags=9,maximumSize=,minimumSize=,preferredSize=]
2023-07-28 10:33:51,677 [INFO] NvicIntPanel:101 - NVIC parent = com.st.microxplorer.plugins.ip.nvic.MultiNvicIntPanel[,0,0,0x0,invalid,layout=javax.swing.BoxLayout,alignmentX=0.0,alignmentY=0.0,border=,flags=9,maximumSize=,minimumSize=,preferredSize=]
2023-07-28 10:33:58,140 [INFO] UtilMem:75 - End SaveConfig() Used Memory: 643300864 Bytes (986710016)
2023-07-28 10:34:00,267 [INFO] UtilMem:75 - End SaveConfig() Used Memory: 668993024 Bytes (986710016)
2023-07-28 10:34:01,687 [INFO] UtilMem:75 - End SaveConfig() Used Memory: 709887488 Bytes (986710016)
2023-07-28 10:34:03,653 [INFO] BlockDiagram:2759 - set Specific Code input for plugin: RTC
2023-07-28 10:34:03,654 [INFO] BlockDiagram:2759 - set Specific Code input for plugin: NVIC
2023-07-28 10:34:03,654 [INFO] BlockDiagram:2759 - set Specific Code input for plugin: FREERTOS
2023-07-28 10:34:03,654 [INFO] BlockDiagram:2759 - set Specific Code input for plugin: USART
2023-07-28 10:34:03,654 [INFO] BlockDiagram:2759 - set Specific Code input for plugin: USART
2023-07-28 10:34:03,654 [INFO] BlockDiagram:2759 - set Specific Code input for plugin: TIM1_8
2023-07-28 10:34:03,654 [INFO] BlockDiagram:2759 - set Specific Code input for plugin: TIM1_8
2023-07-28 10:34:03,654 [INFO] BlockDiagram:2759 - set Specific Code input for plugin: SYS
2023-07-28 10:34:03,654 [INFO] BlockDiagram:2759 - set Specific Code input for plugin: GPIO
2023-07-28 10:34:03,654 [INFO] BlockDiagram:2759 - set Specific Code input for plugin: RCC
2023-07-28 10:34:03,656 [INFO] CodeGenerator:793 - code generatio: config db path: C:\ST\STM32CubeIDE_1.12.0\STM32CubeIDE\plugins\com.st.stm32cube.common.mx_6.8.0.202302231600\\db\
2023-07-28 10:34:03,980 [INFO] CodeEngine:255 - oldGeneratedFile, D:\ST\git\STM32-NucleoF401RE\TEST001\MXTmpFiles\license.tmp_save
2023-07-28 10:34:04,066 [INFO] CodeEngine:279 - Generated code: D:\ST\git\STM32-NucleoF401RE\TEST001\MXTmpFiles\license.tmp
2023-07-28 10:34:04,079 [INFO] CodeEngine:255 - oldGeneratedFile, D:\ST\git\STM32-NucleoF401RE\TEST001\MXTmpFiles\gpio.tmp_save
2023-07-28 10:34:04,182 [INFO] CodeEngine:279 - Generated code: D:\ST\git\STM32-NucleoF401RE\TEST001\MXTmpFiles\gpio.tmp
2023-07-28 10:34:04,352 [INFO] Middleware:1439 - No code input for Bsp Dependency
2023-07-28 10:34:04,356 [INFO] CodeEngine:255 - oldGeneratedFile, D:\ST\git\STM32-NucleoF401RE\TEST001\MXTmpFiles\rtos_inc.tmp_save
2023-07-28 10:34:04,485 [INFO] CodeEngine:279 - Generated code: D:\ST\git\STM32-NucleoF401RE\TEST001\MXTmpFiles\rtos_inc.tmp
2023-07-28 10:34:04,491 [INFO] CodeEngine:255 - oldGeneratedFile, D:\ST\git\STM32-NucleoF401RE\TEST001\MXTmpFiles\rtos_kernelInit.tmp_save
2023-07-28 10:34:04,556 [INFO] CodeEngine:279 - Generated code: D:\ST\git\STM32-NucleoF401RE\TEST001\MXTmpFiles\rtos_kernelInit.tmp
2023-07-28 10:34:04,558 [INFO] CodeEngine:255 - oldGeneratedFile, D:\ST\git\STM32-NucleoF401RE\TEST001\MXTmpFiles\rtos_kernelStart.tmp_save
2023-07-28 10:34:04,618 [INFO] CodeEngine:279 - Generated code: D:\ST\git\STM32-NucleoF401RE\TEST001\MXTmpFiles\rtos_kernelStart.tmp
2023-07-28 10:34:04,618 [INFO] CodeEngine:255 - oldGeneratedFile, D:\ST\git\STM32-NucleoF401RE\TEST001\MXTmpFiles\rtos_typedefs.tmp_save
2023-07-28 10:34:04,682 [INFO] CodeEngine:279 - Generated code: D:\ST\git\STM32-NucleoF401RE\TEST001\MXTmpFiles\rtos_typedefs.tmp
2023-07-28 10:34:04,685 [INFO] CodeEngine:255 - oldGeneratedFile, D:\ST\git\STM32-NucleoF401RE\TEST001\MXTmpFiles\rtos_vars.tmp_save
2023-07-28 10:34:04,751 [INFO] CodeEngine:279 - Generated code: D:\ST\git\STM32-NucleoF401RE\TEST001\MXTmpFiles\rtos_vars.tmp
2023-07-28 10:34:04,761 [INFO] CodeEngine:255 - oldGeneratedFile, D:\ST\git\STM32-NucleoF401RE\TEST001\MXTmpFiles\rtos_pfp.tmp_save
2023-07-28 10:34:04,818 [INFO] CodeEngine:279 - Generated code: D:\ST\git\STM32-NucleoF401RE\TEST001\MXTmpFiles\rtos_pfp.tmp
2023-07-28 10:34:04,818 [INFO] CodeEngine:255 - oldGeneratedFile, D:\ST\git\STM32-NucleoF401RE\TEST001\MXTmpFiles\rtos_obj_creat.tmp_save
2023-07-28 10:34:04,885 [INFO] CodeEngine:279 - Generated code: D:\ST\git\STM32-NucleoF401RE\TEST001\MXTmpFiles\rtos_obj_creat.tmp
2023-07-28 10:34:04,895 [INFO] CodeEngine:255 - oldGeneratedFile, D:\ST\git\STM32-NucleoF401RE\TEST001\MXTmpFiles\rtos_default_thread.tmp_save
2023-07-28 10:34:04,935 [INFO] CodeEngine:279 - Generated code: D:\ST\git\STM32-NucleoF401RE\TEST001\MXTmpFiles\rtos_default_thread.tmp
2023-07-28 10:34:04,935 [INFO] CodeEngine:255 - oldGeneratedFile, D:\ST\git\STM32-NucleoF401RE\TEST001\MXTmpFiles\rtos_threads.tmp_save
2023-07-28 10:34:05,012 [INFO] CodeEngine:279 - Generated code: D:\ST\git\STM32-NucleoF401RE\TEST001\MXTmpFiles\rtos_threads.tmp
2023-07-28 10:34:05,018 [INFO] Middleware:1439 - No code input for Bsp Dependency
2023-07-28 10:34:05,018 [INFO] CodeEngine:255 - oldGeneratedFile, D:\ST\git\STM32-NucleoF401RE\TEST001\MXTmpFiles\rtos_inc.tmp_save
2023-07-28 10:34:05,078 [INFO] CodeEngine:279 - Generated code: D:\ST\git\STM32-NucleoF401RE\TEST001\MXTmpFiles\rtos_inc.tmp
2023-07-28 10:34:05,085 [INFO] CodeEngine:255 - oldGeneratedFile, D:\ST\git\STM32-NucleoF401RE\TEST001\MXTmpFiles\rtos_kernelInit.tmp_save
2023-07-28 10:34:05,118 [INFO] CodeEngine:279 - Generated code: D:\ST\git\STM32-NucleoF401RE\TEST001\MXTmpFiles\rtos_kernelInit.tmp
2023-07-28 10:34:05,128 [INFO] CodeEngine:255 - oldGeneratedFile, D:\ST\git\STM32-NucleoF401RE\TEST001\MXTmpFiles\rtos_kernelStart.tmp_save
2023-07-28 10:34:05,168 [INFO] CodeEngine:279 - Generated code: D:\ST\git\STM32-NucleoF401RE\TEST001\MXTmpFiles\rtos_kernelStart.tmp
2023-07-28 10:34:05,168 [INFO] CodeEngine:255 - oldGeneratedFile, D:\ST\git\STM32-NucleoF401RE\TEST001\MXTmpFiles\rtos_typedefs.tmp_save
2023-07-28 10:34:05,201 [INFO] CodeEngine:279 - Generated code: D:\ST\git\STM32-NucleoF401RE\TEST001\MXTmpFiles\rtos_typedefs.tmp
2023-07-28 10:34:05,218 [INFO] CodeEngine:255 - oldGeneratedFile, D:\ST\git\STM32-NucleoF401RE\TEST001\MXTmpFiles\rtos_vars.tmp_save
2023-07-28 10:34:05,294 [INFO] CodeEngine:279 - Generated code: D:\ST\git\STM32-NucleoF401RE\TEST001\MXTmpFiles\rtos_vars.tmp
2023-07-28 10:34:05,294 [INFO] CodeEngine:255 - oldGeneratedFile, D:\ST\git\STM32-NucleoF401RE\TEST001\MXTmpFiles\rtos_pfp.tmp_save
2023-07-28 10:34:05,328 [INFO] CodeEngine:279 - Generated code: D:\ST\git\STM32-NucleoF401RE\TEST001\MXTmpFiles\rtos_pfp.tmp
2023-07-28 10:34:05,334 [INFO] CodeEngine:255 - oldGeneratedFile, D:\ST\git\STM32-NucleoF401RE\TEST001\MXTmpFiles\rtos_obj_creat.tmp_save
2023-07-28 10:34:05,378 [INFO] CodeEngine:279 - Generated code: D:\ST\git\STM32-NucleoF401RE\TEST001\MXTmpFiles\rtos_obj_creat.tmp
2023-07-28 10:34:05,384 [INFO] CodeEngine:255 - oldGeneratedFile, D:\ST\git\STM32-NucleoF401RE\TEST001\MXTmpFiles\rtos_default_thread.tmp_save
2023-07-28 10:34:05,417 [INFO] CodeEngine:279 - Generated code: D:\ST\git\STM32-NucleoF401RE\TEST001\MXTmpFiles\rtos_default_thread.tmp
2023-07-28 10:34:05,427 [INFO] CodeEngine:255 - oldGeneratedFile, D:\ST\git\STM32-NucleoF401RE\TEST001\MXTmpFiles\rtos_threads.tmp_save
2023-07-28 10:34:05,467 [INFO] CodeEngine:279 - Generated code: D:\ST\git\STM32-NucleoF401RE\TEST001\MXTmpFiles\rtos_threads.tmp
2023-07-28 10:34:05,484 [INFO] CodeEngine:255 - oldGeneratedFile, D:\ST\git\STM32-NucleoF401RE\TEST001\Core\Inc\FreeRTOSConfig.h_save
2023-07-28 10:34:05,551 [INFO] CodeEngine:279 - Generated code: D:\ST\git\STM32-NucleoF401RE\TEST001\Core\Inc\FreeRTOSConfig.h
2023-07-28 10:34:05,568 [INFO] CodeEngine:255 - oldGeneratedFile, D:\ST\git\STM32-NucleoF401RE\TEST001\Core\Src\freertos.c_save
2023-07-28 10:34:05,644 [INFO] CodeEngine:279 - Generated code: D:\ST\git\STM32-NucleoF401RE\TEST001\Core\Src\freertos.c
2023-07-28 10:34:05,661 [INFO] CodeEngine:255 - oldGeneratedFile, D:\ST\git\STM32-NucleoF401RE\TEST001\Core\Src\stm32f4xx_it.c_save
2023-07-28 10:34:05,832 [INFO] CodeEngine:279 - Generated code: D:\ST\git\STM32-NucleoF401RE\TEST001\Core\Src\stm32f4xx_it.c
2023-07-28 10:34:05,851 [INFO] CodeEngine:255 - oldGeneratedFile, D:\ST\git\STM32-NucleoF401RE\TEST001\Core\Inc\stm32f4xx_it.h_save
2023-07-28 10:34:05,950 [INFO] CodeEngine:279 - Generated code: D:\ST\git\STM32-NucleoF401RE\TEST001\Core\Inc\stm32f4xx_it.h
2023-07-28 10:34:05,980 [INFO] CodeEngine:255 - oldGeneratedFile, D:\ST\git\STM32-NucleoF401RE\TEST001\Core\Src\stm32f4xx_hal_msp.c_save
2023-07-28 10:34:06,111 [INFO] CodeEngine:279 - Generated code: D:\ST\git\STM32-NucleoF401RE\TEST001\Core\Src\stm32f4xx_hal_msp.c
2023-07-28 10:34:06,127 [INFO] CodeEngine:255 - oldGeneratedFile, D:\ST\git\STM32-NucleoF401RE\TEST001\MXTmpFiles\system.tmp_save
2023-07-28 10:34:06,230 [INFO] CodeEngine:279 - Generated code: D:\ST\git\STM32-NucleoF401RE\TEST001\MXTmpFiles\system.tmp
2023-07-28 10:34:06,244 [INFO] CodeEngine:255 - oldGeneratedFile, D:\ST\git\STM32-NucleoF401RE\TEST001\Core\Src\stm32f4xx_hal_timebase_tim.c_save
2023-07-28 10:34:06,336 [INFO] CodeEngine:279 - Generated code: D:\ST\git\STM32-NucleoF401RE\TEST001\Core\Src\stm32f4xx_hal_timebase_tim.c
2023-07-28 10:34:06,350 [INFO] CodeEngine:311 - oldGeneratedFile, D:\ST\git\STM32-NucleoF401RE\TEST001\Core\Inc\stm32f4xx_hal_conf.h_save
2023-07-28 10:34:06,444 [INFO] CodeEngine:335 - Generated code: D:\ST\git\STM32-NucleoF401RE\TEST001\Core\Inc\stm32f4xx_hal_conf.h
2023-07-28 10:34:06,467 [WARN] IPConfigManager:3431 - IP not found : TIM
2023-07-28 10:34:06,467 [WARN] CodeGenerator:3754 - IP not found : null
2023-07-28 10:34:06,484 [INFO] CodeEngine:255 - oldGeneratedFile, D:\ST\git\STM32-NucleoF401RE\TEST001\Core\Inc\main.h_save
2023-07-28 10:34:06,550 [INFO] CodeEngine:279 - Generated code: D:\ST\git\STM32-NucleoF401RE\TEST001\Core\Inc\main.h
2023-07-28 10:34:06,567 [INFO] CodeEngine:255 - oldGeneratedFile, D:\ST\git\STM32-NucleoF401RE\TEST001\Core\Src\main.c_save
2023-07-28 10:34:06,705 [INFO] CodeEngine:279 - Generated code: D:\ST\git\STM32-NucleoF401RE\TEST001\Core\Src\main.c
2023-07-28 10:34:07,310 [INFO] ProjectBuilder:2996 - Time for Copy HAL[1] : 217mS.
2023-07-28 10:34:07,310 [INFO] ProjectBuilder:4304 - Project Generator version: 3.19.2
2023-07-28 10:34:07,559 [INFO] ConfigFileManager:1483 - The Die is : DIE433
2023-07-28 10:34:08,855 [INFO] ProjectBuilder:4505 - Time for Generating toolchain IDE Files: 1545mS.
2023-07-28 10:34:08,855 [INFO] ProjectBuilder:2867 - Time for Copy CMSIS : 0mS.
2023-07-28 10:34:08,859 [INFO] ProjectBuilder:2867 - Time for Copy CMSIS : 0mS.
2023-07-28 10:40:22,642 [INFO] NvicIntPanel:101 - NVIC parent = com.st.microxplorer.plugins.ip.nvic.MultiNvicIntPanel[,0,0,0x0,invalid,layout=javax.swing.BoxLayout,alignmentX=0.0,alignmentY=0.0,border=,flags=9,maximumSize=,minimumSize=,preferredSize=]
2023-07-28 12:49:08,184 [ERROR] RtosPanel:558 - Can not restore the selected Tab for FREERTOS(A reason can be that the tab is no more available.)
2023-07-28 12:49:12,718 [INFO] TasksAndQueuesTab:757 - Dynamic
2023-07-28 12:49:12,718 [WARN] TasksAndQueuesTab:763 - 128 128
2023-07-28 12:49:12,718 [WARN] TasksAndQueuesTab:775 - max value is: 3840.0
2023-07-28 12:49:12,718 [INFO] TasksAndQueuesTab:757 - Dynamic
2023-07-28 12:49:12,718 [WARN] TasksAndQueuesTab:763 - 256 128
2023-07-28 12:49:12,718 [WARN] TasksAndQueuesTab:775 - max value is: 3840.0
2023-07-28 12:49:12,718 [INFO] TasksAndQueuesTab:757 - Dynamic
2023-07-28 12:49:12,718 [WARN] TasksAndQueuesTab:763 - 256 128
2023-07-28 12:49:12,718 [WARN] TasksAndQueuesTab:775 - max value is: 3840.0
2023-07-28 12:49:15,322 [INFO] EditThreadDialog:704 - RAM SIZE (in KB): 96
2023-07-28 12:49:15,322 [INFO] EditThreadDialog:706 - RAM SIZE (in words): 24576
2023-07-28 12:49:39,521 [INFO] EditThreadDialog:704 - RAM SIZE (in KB): 96
2023-07-28 12:49:39,521 [INFO] EditThreadDialog:706 - RAM SIZE (in words): 24576
2023-07-28 12:49:59,128 [INFO] EditThreadDialog:704 - RAM SIZE (in KB): 96
2023-07-28 12:49:59,128 [INFO] EditThreadDialog:706 - RAM SIZE (in words): 24576
2023-07-28 12:50:24,978 [INFO] EditThreadDialog:704 - RAM SIZE (in KB): 96
2023-07-28 12:50:24,978 [INFO] EditThreadDialog:706 - RAM SIZE (in words): 24576
2023-07-28 12:51:39,276 [INFO] EditThreadDialog:704 - RAM SIZE (in KB): 96
2023-07-28 12:51:39,276 [INFO] EditThreadDialog:706 - RAM SIZE (in words): 24576
2023-07-28 12:52:06,760 [INFO] TasksAndQueuesTab:757 - Dynamic
2023-07-28 12:52:06,760 [WARN] TasksAndQueuesTab:763 - 128 128
2023-07-28 12:52:06,760 [WARN] TasksAndQueuesTab:775 - max value is: 3840.0
2023-07-28 12:52:06,760 [INFO] TasksAndQueuesTab:757 - Dynamic
2023-07-28 12:52:06,760 [WARN] TasksAndQueuesTab:763 - 256 128
2023-07-28 12:52:06,760 [WARN] TasksAndQueuesTab:775 - max value is: 3840.0
2023-07-28 12:52:06,760 [INFO] TasksAndQueuesTab:757 - Dynamic
2023-07-28 12:52:06,760 [WARN] TasksAndQueuesTab:763 - 256 128
2023-07-28 12:52:06,760 [WARN] TasksAndQueuesTab:775 - max value is: 3840.0
2023-07-28 12:52:23,377 [INFO] UtilMem:75 - End SaveConfig() Used Memory: 683354680 Bytes (1016070144)
2023-07-28 12:52:25,210 [INFO] UtilMem:75 - End SaveConfig() Used Memory: 703558056 Bytes (1016070144)
2023-07-28 12:52:26,449 [INFO] UtilMem:75 - End SaveConfig() Used Memory: 745501096 Bytes (1016070144)
2023-07-28 12:52:27,826 [INFO] BlockDiagram:2759 - set Specific Code input for plugin: RTC
2023-07-28 12:52:27,827 [INFO] BlockDiagram:2759 - set Specific Code input for plugin: NVIC
2023-07-28 12:52:27,827 [INFO] BlockDiagram:2759 - set Specific Code input for plugin: FREERTOS
2023-07-28 12:52:27,827 [INFO] BlockDiagram:2759 - set Specific Code input for plugin: USART
2023-07-28 12:52:27,827 [INFO] BlockDiagram:2759 - set Specific Code input for plugin: USART
2023-07-28 12:52:27,827 [INFO] BlockDiagram:2759 - set Specific Code input for plugin: TIM1_8
2023-07-28 12:52:27,827 [INFO] BlockDiagram:2759 - set Specific Code input for plugin: TIM1_8
2023-07-28 12:52:27,827 [INFO] BlockDiagram:2759 - set Specific Code input for plugin: SYS
2023-07-28 12:52:27,828 [INFO] BlockDiagram:2759 - set Specific Code input for plugin: GPIO
2023-07-28 12:52:27,828 [INFO] BlockDiagram:2759 - set Specific Code input for plugin: RCC
2023-07-28 12:52:27,828 [INFO] CodeGenerator:793 - code generatio: config db path: C:\ST\STM32CubeIDE_1.12.0\STM32CubeIDE\plugins\com.st.stm32cube.common.mx_6.8.0.202302231600\\db\
2023-07-28 12:52:27,964 [INFO] CodeEngine:255 - oldGeneratedFile, D:\ST\git\STM32-NucleoF401RE\TEST001\MXTmpFiles\license.tmp_save
2023-07-28 12:52:28,046 [INFO] CodeEngine:279 - Generated code: D:\ST\git\STM32-NucleoF401RE\TEST001\MXTmpFiles\license.tmp
2023-07-28 12:52:28,063 [INFO] CodeEngine:255 - oldGeneratedFile, D:\ST\git\STM32-NucleoF401RE\TEST001\MXTmpFiles\gpio.tmp_save
2023-07-28 12:52:28,153 [INFO] CodeEngine:279 - Generated code: D:\ST\git\STM32-NucleoF401RE\TEST001\MXTmpFiles\gpio.tmp
2023-07-28 12:52:28,393 [INFO] Middleware:1439 - No code input for Bsp Dependency
2023-07-28 12:52:28,399 [INFO] CodeEngine:255 - oldGeneratedFile, D:\ST\git\STM32-NucleoF401RE\TEST001\MXTmpFiles\rtos_inc.tmp_save
2023-07-28 12:52:28,491 [INFO] CodeEngine:279 - Generated code: D:\ST\git\STM32-NucleoF401RE\TEST001\MXTmpFiles\rtos_inc.tmp
2023-07-28 12:52:28,493 [INFO] CodeEngine:255 - oldGeneratedFile, D:\ST\git\STM32-NucleoF401RE\TEST001\MXTmpFiles\rtos_kernelInit.tmp_save
2023-07-28 12:52:28,563 [INFO] CodeEngine:279 - Generated code: D:\ST\git\STM32-NucleoF401RE\TEST001\MXTmpFiles\rtos_kernelInit.tmp
2023-07-28 12:52:28,566 [INFO] CodeEngine:255 - oldGeneratedFile, D:\ST\git\STM32-NucleoF401RE\TEST001\MXTmpFiles\rtos_kernelStart.tmp_save
2023-07-28 12:52:28,630 [INFO] CodeEngine:279 - Generated code: D:\ST\git\STM32-NucleoF401RE\TEST001\MXTmpFiles\rtos_kernelStart.tmp
2023-07-28 12:52:28,630 [INFO] CodeEngine:255 - oldGeneratedFile, D:\ST\git\STM32-NucleoF401RE\TEST001\MXTmpFiles\rtos_typedefs.tmp_save
2023-07-28 12:52:28,669 [INFO] CodeEngine:279 - Generated code: D:\ST\git\STM32-NucleoF401RE\TEST001\MXTmpFiles\rtos_typedefs.tmp
2023-07-28 12:52:28,679 [INFO] CodeEngine:255 - oldGeneratedFile, D:\ST\git\STM32-NucleoF401RE\TEST001\MXTmpFiles\rtos_vars.tmp_save
2023-07-28 12:52:28,747 [INFO] CodeEngine:279 - Generated code: D:\ST\git\STM32-NucleoF401RE\TEST001\MXTmpFiles\rtos_vars.tmp
2023-07-28 12:52:28,750 [INFO] CodeEngine:255 - oldGeneratedFile, D:\ST\git\STM32-NucleoF401RE\TEST001\MXTmpFiles\rtos_pfp.tmp_save
2023-07-28 12:52:28,796 [INFO] CodeEngine:279 - Generated code: D:\ST\git\STM32-NucleoF401RE\TEST001\MXTmpFiles\rtos_pfp.tmp
2023-07-28 12:52:28,798 [INFO] CodeEngine:255 - oldGeneratedFile, D:\ST\git\STM32-NucleoF401RE\TEST001\MXTmpFiles\rtos_obj_creat.tmp_save
2023-07-28 12:52:28,853 [INFO] CodeEngine:279 - Generated code: D:\ST\git\STM32-NucleoF401RE\TEST001\MXTmpFiles\rtos_obj_creat.tmp
2023-07-28 12:52:28,863 [INFO] CodeEngine:255 - oldGeneratedFile, D:\ST\git\STM32-NucleoF401RE\TEST001\MXTmpFiles\rtos_default_thread.tmp_save
2023-07-28 12:52:28,903 [INFO] CodeEngine:279 - Generated code: D:\ST\git\STM32-NucleoF401RE\TEST001\MXTmpFiles\rtos_default_thread.tmp
2023-07-28 12:52:28,913 [INFO] CodeEngine:255 - oldGeneratedFile, D:\ST\git\STM32-NucleoF401RE\TEST001\MXTmpFiles\rtos_threads.tmp_save
2023-07-28 12:52:28,967 [INFO] CodeEngine:279 - Generated code: D:\ST\git\STM32-NucleoF401RE\TEST001\MXTmpFiles\rtos_threads.tmp
2023-07-28 12:52:28,975 [INFO] Middleware:1439 - No code input for Bsp Dependency
2023-07-28 12:52:28,980 [INFO] CodeEngine:255 - oldGeneratedFile, D:\ST\git\STM32-NucleoF401RE\TEST001\MXTmpFiles\rtos_inc.tmp_save
2023-07-28 12:52:29,036 [INFO] CodeEngine:279 - Generated code: D:\ST\git\STM32-NucleoF401RE\TEST001\MXTmpFiles\rtos_inc.tmp
2023-07-28 12:52:29,036 [INFO] CodeEngine:255 - oldGeneratedFile, D:\ST\git\STM32-NucleoF401RE\TEST001\MXTmpFiles\rtos_kernelInit.tmp_save
2023-07-28 12:52:29,079 [INFO] CodeEngine:279 - Generated code: D:\ST\git\STM32-NucleoF401RE\TEST001\MXTmpFiles\rtos_kernelInit.tmp
2023-07-28 12:52:29,079 [INFO] CodeEngine:255 - oldGeneratedFile, D:\ST\git\STM32-NucleoF401RE\TEST001\MXTmpFiles\rtos_kernelStart.tmp_save
2023-07-28 12:52:29,120 [INFO] CodeEngine:279 - Generated code: D:\ST\git\STM32-NucleoF401RE\TEST001\MXTmpFiles\rtos_kernelStart.tmp
2023-07-28 12:52:29,120 [INFO] CodeEngine:255 - oldGeneratedFile, D:\ST\git\STM32-NucleoF401RE\TEST001\MXTmpFiles\rtos_typedefs.tmp_save
2023-07-28 12:52:29,165 [INFO] CodeEngine:279 - Generated code: D:\ST\git\STM32-NucleoF401RE\TEST001\MXTmpFiles\rtos_typedefs.tmp
2023-07-28 12:52:29,177 [INFO] CodeEngine:255 - oldGeneratedFile, D:\ST\git\STM32-NucleoF401RE\TEST001\MXTmpFiles\rtos_vars.tmp_save
2023-07-28 12:52:29,219 [INFO] CodeEngine:279 - Generated code: D:\ST\git\STM32-NucleoF401RE\TEST001\MXTmpFiles\rtos_vars.tmp
2023-07-28 12:52:29,219 [INFO] CodeEngine:255 - oldGeneratedFile, D:\ST\git\STM32-NucleoF401RE\TEST001\MXTmpFiles\rtos_pfp.tmp_save
2023-07-28 12:52:29,265 [INFO] CodeEngine:279 - Generated code: D:\ST\git\STM32-NucleoF401RE\TEST001\MXTmpFiles\rtos_pfp.tmp
2023-07-28 12:52:29,276 [INFO] CodeEngine:255 - oldGeneratedFile, D:\ST\git\STM32-NucleoF401RE\TEST001\MXTmpFiles\rtos_obj_creat.tmp_save
2023-07-28 12:52:29,319 [INFO] CodeEngine:279 - Generated code: D:\ST\git\STM32-NucleoF401RE\TEST001\MXTmpFiles\rtos_obj_creat.tmp
2023-07-28 12:52:29,319 [INFO] CodeEngine:255 - oldGeneratedFile, D:\ST\git\STM32-NucleoF401RE\TEST001\MXTmpFiles\rtos_default_thread.tmp_save
2023-07-28 12:52:29,363 [INFO] CodeEngine:279 - Generated code: D:\ST\git\STM32-NucleoF401RE\TEST001\MXTmpFiles\rtos_default_thread.tmp
2023-07-28 12:52:29,366 [INFO] CodeEngine:255 - oldGeneratedFile, D:\ST\git\STM32-NucleoF401RE\TEST001\MXTmpFiles\rtos_threads.tmp_save
2023-07-28 12:52:29,405 [INFO] CodeEngine:279 - Generated code: D:\ST\git\STM32-NucleoF401RE\TEST001\MXTmpFiles\rtos_threads.tmp
2023-07-28 12:52:29,419 [INFO] CodeEngine:255 - oldGeneratedFile, D:\ST\git\STM32-NucleoF401RE\TEST001\Core\Inc\FreeRTOSConfig.h_save
2023-07-28 12:52:29,503 [INFO] CodeEngine:279 - Generated code: D:\ST\git\STM32-NucleoF401RE\TEST001\Core\Inc\FreeRTOSConfig.h
2023-07-28 12:52:29,529 [INFO] CodeEngine:255 - oldGeneratedFile, D:\ST\git\STM32-NucleoF401RE\TEST001\Core\Src\freertos.c_save
2023-07-28 12:52:29,620 [INFO] CodeEngine:279 - Generated code: D:\ST\git\STM32-NucleoF401RE\TEST001\Core\Src\freertos.c
2023-07-28 12:52:29,636 [INFO] CodeEngine:255 - oldGeneratedFile, D:\ST\git\STM32-NucleoF401RE\TEST001\Core\Src\stm32f4xx_it.c_save
2023-07-28 12:52:29,801 [INFO] CodeEngine:279 - Generated code: D:\ST\git\STM32-NucleoF401RE\TEST001\Core\Src\stm32f4xx_it.c
2023-07-28 12:52:29,815 [INFO] CodeEngine:255 - oldGeneratedFile, D:\ST\git\STM32-NucleoF401RE\TEST001\Core\Inc\stm32f4xx_it.h_save
2023-07-28 12:52:29,937 [INFO] CodeEngine:279 - Generated code: D:\ST\git\STM32-NucleoF401RE\TEST001\Core\Inc\stm32f4xx_it.h
2023-07-28 12:52:29,959 [INFO] CodeEngine:255 - oldGeneratedFile, D:\ST\git\STM32-NucleoF401RE\TEST001\Core\Src\stm32f4xx_hal_msp.c_save
2023-07-28 12:52:30,093 [INFO] CodeEngine:279 - Generated code: D:\ST\git\STM32-NucleoF401RE\TEST001\Core\Src\stm32f4xx_hal_msp.c
2023-07-28 12:52:30,096 [INFO] CodeEngine:255 - oldGeneratedFile, D:\ST\git\STM32-NucleoF401RE\TEST001\MXTmpFiles\system.tmp_save
2023-07-28 12:52:30,164 [INFO] CodeEngine:279 - Generated code: D:\ST\git\STM32-NucleoF401RE\TEST001\MXTmpFiles\system.tmp
2023-07-28 12:52:30,179 [INFO] CodeEngine:255 - oldGeneratedFile, D:\ST\git\STM32-NucleoF401RE\TEST001\Core\Src\stm32f4xx_hal_timebase_tim.c_save
2023-07-28 12:52:30,257 [INFO] CodeEngine:279 - Generated code: D:\ST\git\STM32-NucleoF401RE\TEST001\Core\Src\stm32f4xx_hal_timebase_tim.c
2023-07-28 12:52:30,273 [INFO] CodeEngine:311 - oldGeneratedFile, D:\ST\git\STM32-NucleoF401RE\TEST001\Core\Inc\stm32f4xx_hal_conf.h_save
2023-07-28 12:52:30,400 [INFO] CodeEngine:335 - Generated code: D:\ST\git\STM32-NucleoF401RE\TEST001\Core\Inc\stm32f4xx_hal_conf.h
2023-07-28 12:52:30,418 [WARN] IPConfigManager:3431 - IP not found : TIM
2023-07-28 12:52:30,418 [WARN] CodeGenerator:3754 - IP not found : null
2023-07-28 12:52:30,428 [INFO] CodeEngine:255 - oldGeneratedFile, D:\ST\git\STM32-NucleoF401RE\TEST001\Core\Inc\main.h_save
2023-07-28 12:52:30,501 [INFO] CodeEngine:279 - Generated code: D:\ST\git\STM32-NucleoF401RE\TEST001\Core\Inc\main.h
2023-07-28 12:52:30,518 [INFO] CodeEngine:255 - oldGeneratedFile, D:\ST\git\STM32-NucleoF401RE\TEST001\Core\Src\main.c_save
2023-07-28 12:52:30,618 [INFO] CodeEngine:279 - Generated code: D:\ST\git\STM32-NucleoF401RE\TEST001\Core\Src\main.c
2023-07-28 12:52:31,297 [INFO] ProjectBuilder:2996 - Time for Copy HAL[1] : 269mS.
2023-07-28 12:52:31,301 [INFO] ProjectBuilder:4304 - Project Generator version: 3.19.2
2023-07-28 12:52:31,601 [INFO] ConfigFileManager:1483 - The Die is : DIE433
2023-07-28 12:52:32,883 [INFO] ProjectBuilder:4505 - Time for Generating toolchain IDE Files: 1583mS.
2023-07-28 12:52:32,891 [INFO] ProjectBuilder:2867 - Time for Copy CMSIS : 8mS.
2023-07-28 12:52:32,892 [INFO] ProjectBuilder:2867 - Time for Copy CMSIS : 0mS.
