2023-07-27 07:44:16,243 [INFO] Activator:176 - 


2023-07-27 07:44:16,243 [INFO] Activator:177 - !SESSION log4j initialized
2023-07-27 07:44:20,407 [INFO] LogOutputStream:77 - [STDOUT_REDIRECT] 
2023-07-27 07:44:45,290 [ERROR] LogOutputStream:75 - [STDERR_REDIRECT] SLF4J: Failed to load class "org.slf4j.impl.StaticLoggerBinder".
2023-07-27 07:44:45,290 [ERROR] LogOutputStream:75 - [STDERR_REDIRECT] SLF4J: Defaulting to no-operation (NOP) logger implementation
2023-07-27 07:44:45,290 [ERROR] LogOutputStream:75 - [STDERR_REDIRECT] SLF4J: See http://www.slf4j.org/codes.html#StaticLoggerBinder for further details.
2023-07-27 07:54:13,435 [INFO] ApplicationProperties:184 - Using Application install path: C:\ST\STM32CubeIDE_1.12.0\STM32CubeIDE\plugins\com.st.stm32cube.common.mx_6.8.0.202302231600
2023-07-27 07:54:13,452 [INFO] DbMcusXml:78 - Set database path to: C:\ST\STM32CubeIDE_1.12.0\STM32CubeIDE\plugins\com.st.stm32cube.common.mx_6.8.0.202302231600\\db\/mcu/
2023-07-27 07:54:13,452 [INFO] ApiDb:274 - Set plugin database path to: C:\ST\STM32CubeIDE_1.12.0\STM32CubeIDE\plugins\com.st.stm32cube.common.mx_6.8.0.202302231600\\db\/plugins/boardmanager/
2023-07-27 07:54:13,457 [WARN] ApiDb:259 - Overriding images path with different value:  => C:\ST\STM32CubeIDE_1.12.0\STM32CubeIDE\plugins\com.st.stm32cube.common.mx_6.8.0.202302231600\\db\/plugins/mcufinder/images/
2023-07-27 07:54:13,476 [INFO] ApiDb:250 - Set database path to: C:\Users\nosak\.stmcufinder\plugins\mcufinder//mcu/
2023-07-27 07:54:13,476 [INFO] DbMcusAds:125 - Set database path to: C:\Users\nosak\.stmcufinder\plugins\mcufinder//mcu/
2023-07-27 07:54:13,492 [INFO] CrossReferenceDbSqlite:203 - Set database path to: C:\Users\nosak\.stmcufinder\plugins\mcufinder//mcu/cs/
2023-07-27 07:54:13,608 [INFO] RulesReader:64 - Compatibility file has been processed (293 Rules)
2023-07-27 07:54:13,701 [INFO] DbMcusXml:78 - Set database path to: C:\ST\STM32CubeIDE_1.12.0\STM32CubeIDE\plugins\com.st.stm32cube.common.mx_6.8.0.202302231600\\db\/mcu/
2023-07-27 07:54:13,701 [INFO] ApiDb:274 - Set plugin database path to: C:\ST\STM32CubeIDE_1.12.0\STM32CubeIDE\plugins\com.st.stm32cube.common.mx_6.8.0.202302231600\\db\/plugins/boardmanager/
2023-07-27 07:54:13,701 [INFO] ApiDb:261 - Set plugin images path to: C:\ST\STM32CubeIDE_1.12.0\STM32CubeIDE\plugins\com.st.stm32cube.common.mx_6.8.0.202302231600\\db\/plugins/mcufinder/images/
2023-07-27 07:54:13,701 [WARN] DbFile:41 - Overriding database path with different value: C:\Users\nosak\.stmcufinder\plugins\mcufinder/ => C:\Users\nosak\.stmcufinder\plugins\mcufinder
2023-07-27 07:54:13,701 [INFO] ApiDb:250 - Set database path to: C:\Users\nosak\.stmcufinder\plugins\mcufinder//mcu/
2023-07-27 07:54:13,701 [WARN] DbFile:41 - Overriding database path with different value: C:\Users\nosak\.stmcufinder\plugins\mcufinder/ => C:\Users\nosak\.stmcufinder\plugins\mcufinder
2023-07-27 07:54:13,701 [INFO] DbMcusAds:125 - Set database path to: C:\Users\nosak\.stmcufinder\plugins\mcufinder//mcu/
2023-07-27 07:54:13,701 [WARN] DbFile:41 - Overriding database path with different value: C:\Users\nosak\.stmcufinder\plugins\mcufinder/ => C:\Users\nosak\.stmcufinder\plugins\mcufinder
2023-07-27 07:54:13,701 [WARN] DbFile:41 - Overriding database path with different value: C:\Users\nosak\.stmcufinder\plugins\mcufinder/ => C:\Users\nosak\.stmcufinder\plugins\mcufinder
2023-07-27 07:54:13,701 [INFO] CrossReferenceDbSqlite:203 - Set database path to: C:\Users\nosak\.stmcufinder\plugins\mcufinder//mcu/cs/
2023-07-27 07:54:13,775 [INFO] MainPanel:253 - HeapMemory: 548405248
2023-07-27 07:54:13,876 [INFO] DbMcusXml:78 - Set database path to: C:\ST\STM32CubeIDE_1.12.0\STM32CubeIDE\plugins\com.st.stm32cube.common.mx_6.8.0.202302231600\\db\/mcu/
2023-07-27 07:54:13,876 [INFO] ApiDb:274 - Set plugin database path to: C:\ST\STM32CubeIDE_1.12.0\STM32CubeIDE\plugins\com.st.stm32cube.common.mx_6.8.0.202302231600\\db\/plugins/boardmanager/
2023-07-27 07:54:13,876 [INFO] ApiDb:261 - Set plugin images path to: C:\ST\STM32CubeIDE_1.12.0\STM32CubeIDE\plugins\com.st.stm32cube.common.mx_6.8.0.202302231600\\db\/plugins/mcufinder/images/
2023-07-27 07:54:13,886 [WARN] DbFile:41 - Overriding database path with different value: C:\Users\nosak\.stmcufinder\plugins\mcufinder/ => C:\Users\nosak\.stmcufinder\plugins\mcufinder
2023-07-27 07:54:13,886 [INFO] ApiDb:250 - Set database path to: C:\Users\nosak\.stmcufinder\plugins\mcufinder//mcu/
2023-07-27 07:54:13,886 [WARN] DbFile:41 - Overriding database path with different value: C:\Users\nosak\.stmcufinder\plugins\mcufinder/ => C:\Users\nosak\.stmcufinder\plugins\mcufinder
2023-07-27 07:54:13,886 [INFO] DbMcusAds:125 - Set database path to: C:\Users\nosak\.stmcufinder\plugins\mcufinder//mcu/
2023-07-27 07:54:13,886 [WARN] DbFile:41 - Overriding database path with different value: C:\Users\nosak\.stmcufinder\plugins\mcufinder/ => C:\Users\nosak\.stmcufinder\plugins\mcufinder
2023-07-27 07:54:13,886 [WARN] DbFile:41 - Overriding database path with different value: C:\Users\nosak\.stmcufinder\plugins\mcufinder/ => C:\Users\nosak\.stmcufinder\plugins\mcufinder
2023-07-27 07:54:13,886 [INFO] CrossReferenceDbSqlite:203 - Set database path to: C:\Users\nosak\.stmcufinder\plugins\mcufinder//mcu/cs/
2023-07-27 07:54:13,903 [INFO] ApplicationProperties:184 - Using Application install path: C:\ST\STM32CubeIDE_1.12.0\STM32CubeIDE\plugins\com.st.stm32cube.common.mx_6.8.0.202302231600
2023-07-27 07:54:13,908 [INFO] PluginManage:196 - Search for loadable plugins [exclusion list=, ]
2023-07-27 07:54:13,908 [INFO] PluginManage:310 - Check plugin analytics
2023-07-27 07:54:14,157 [INFO] AnalyticsPlugin:253 - Accepted Software Licenses: STM32CubeMX.6.8.0
2023-07-27 07:54:14,157 [INFO] AnalyticsPlugin:255 - Accepted CMSIS Pack Licenses: 
2023-07-27 07:54:14,157 [INFO] AnalyticsPlugin:257 - Accepted Firmware Licenses: 
2023-07-27 07:54:14,158 [INFO] PluginManage:359 - Loaded plugin analytics (category:tool,tabindex:-1)
2023-07-27 07:54:14,158 [INFO] PluginManage:310 - Check plugin cadmodel
2023-07-27 07:54:14,175 [INFO] CADModel:105 - Init CAD model plugin
2023-07-27 07:54:14,175 [INFO] PluginManage:359 - Loaded plugin cadmodel (category:power,tabindex:5)
2023-07-27 07:54:14,175 [INFO] PluginManage:310 - Check plugin clock
2023-07-27 07:54:14,208 [INFO] PluginManage:359 - Loaded plugin clock (category:base,tabindex:2)
2023-07-27 07:54:14,208 [INFO] PluginManage:310 - Check plugin ddr
2023-07-27 07:54:14,208 [INFO] PluginManage:359 - Loaded plugin ddr (category:tool,tabindex:6)
2023-07-27 07:54:14,208 [INFO] PluginManage:310 - Check plugin filemanager
2023-07-27 07:54:14,342 [INFO] PluginManage:359 - Loaded plugin filemanager (category:base,tabindex:10)
2023-07-27 07:54:14,342 [INFO] PluginManage:310 - Check plugin ipmanager
2023-07-27 07:54:14,360 [INFO] PluginManage:359 - Loaded plugin ipmanager (category:base,tabindex:5)
2023-07-27 07:54:14,360 [INFO] PluginManage:310 - Check plugin lpbam
2023-07-27 07:54:14,386 [INFO] PluginManage:359 - Loaded plugin lpbam (category:base,tabindex:0)
2023-07-27 07:54:14,386 [INFO] PluginManage:310 - Check plugin pinoutandconfiguration
2023-07-27 07:54:14,401 [INFO] PluginManage:359 - Loaded plugin pinoutandconfiguration (category:base,tabindex:1)
2023-07-27 07:54:14,401 [INFO] PluginManage:310 - Check plugin pinoutconfig
2023-07-27 07:54:14,525 [WARN] SupportedApi:132 - Cannot load RTOS API schema: s4s-elt-must-match.1: The content of 'definitions' must match (annotation?, (simpleType | complexType)?, (unique | key | keyref)*)). A problem was found starting at: attribute.
2023-07-27 07:54:14,679 [INFO] PluginManage:359 - Loaded plugin pinoutconfig (category:base,tabindex:0)
2023-07-27 07:54:14,679 [INFO] PluginManage:310 - Check plugin power
2023-07-27 07:54:14,708 [INFO] PluginManage:359 - Loaded plugin power (category:power,tabindex:4)
2023-07-27 07:54:14,708 [INFO] PluginManage:310 - Check plugin projectmanager
2023-07-27 07:54:14,725 [INFO] PluginManage:359 - Loaded plugin projectmanager (category:projectmanager,tabindex:3)
2023-07-27 07:54:14,725 [INFO] PluginManage:310 - Check plugin thirdparty
2023-07-27 07:54:15,025 [INFO] PluginManage:359 - Loaded plugin thirdparty (category:base,tabindex:-1)
2023-07-27 07:54:15,025 [INFO] PluginManage:310 - Check plugin tools
2023-07-27 07:54:15,025 [WARN] IntegrityCheckThread:84 - waiting for thirdparty lock release [integrity check]
2023-07-27 07:54:15,025 [INFO] IntegrityCheckThread:86 - entering critical section [integrity check]
2023-07-27 07:54:15,035 [INFO] ThirdPartyUpdaterWithRetryManager:70 - Updater plugin not ready yet. [1/15]
2023-07-27 07:54:15,075 [INFO] PluginManage:359 - Loaded plugin tools (category:base,tabindex:7)
2023-07-27 07:54:15,075 [INFO] PluginManage:310 - Check plugin tutovideos
2023-07-27 07:54:15,324 [INFO] PluginManage:359 - Loaded plugin tutovideos (category:base,tabindex:-1)
2023-07-27 07:54:15,324 [INFO] PluginManage:310 - Check plugin updater
2023-07-27 07:54:15,341 [INFO] PluginManage:359 - Loaded plugin updater (category:base,tabindex:12)
2023-07-27 07:54:15,341 [INFO] PluginManage:283 - PluginManage : Loaded plugins [15]
2023-07-27 07:54:15,640 [INFO] PinOutPanel:1499 - setPackage(No Configuration,No Configuration)
2023-07-27 07:54:15,708 [INFO] CADModel:165 - CPN selected for project level
2023-07-27 07:54:15,708 [INFO] CADModel:114 - Register for checkConnection events
2023-07-27 07:54:15,741 [INFO] IPUIPlugin:80 - create IPUIPlugin
2023-07-27 07:54:15,741 [INFO] PluginManager:220 - loadIPPluginJar : add adc
2023-07-27 07:54:15,774 [INFO] IPUIPlugin:80 - create IPUIPlugin
2023-07-27 07:54:15,774 [INFO] PluginManager:220 - loadIPPluginJar : add aes
2023-07-27 07:54:15,807 [INFO] IPUIPlugin:80 - create IPUIPlugin
2023-07-27 07:54:15,807 [INFO] PluginManager:220 - loadIPPluginJar : add can
2023-07-27 07:54:15,825 [INFO] IPUIPlugin:80 - create IPUIPlugin
2023-07-27 07:54:15,825 [INFO] PluginManager:220 - loadIPPluginJar : add comp
2023-07-27 07:54:15,851 [INFO] IPUIPlugin:80 - create IPUIPlugin
2023-07-27 07:54:15,851 [INFO] PluginManager:220 - loadIPPluginJar : add cryp
2023-07-27 07:54:15,875 [INFO] IPUIPlugin:80 - create IPUIPlugin
2023-07-27 07:54:15,875 [INFO] PluginManager:220 - loadIPPluginJar : add dfsdm
2023-07-27 07:54:15,890 [INFO] IPUIPlugin:80 - create IPUIPlugin
2023-07-27 07:54:15,890 [INFO] PluginManager:220 - loadIPPluginJar : add dma
2023-07-27 07:54:15,925 [INFO] IPUIPlugin:80 - create IPUIPlugin
2023-07-27 07:54:15,925 [INFO] PluginManager:220 - loadIPPluginJar : add dma3
2023-07-27 07:54:15,941 [INFO] IPUIPlugin:80 - create IPUIPlugin
2023-07-27 07:54:15,941 [INFO] PluginManager:220 - loadIPPluginJar : add fatfs
2023-07-27 07:54:15,974 [INFO] IPUIPlugin:80 - create IPUIPlugin
2023-07-27 07:54:15,974 [INFO] PluginManager:220 - loadIPPluginJar : add fmc
2023-07-27 07:54:15,990 [INFO] IPUIPlugin:80 - create IPUIPlugin
2023-07-27 07:54:15,990 [INFO] PluginManager:220 - loadIPPluginJar : add freertos
2023-07-27 07:54:16,007 [INFO] IPUIPlugin:80 - create IPUIPlugin
2023-07-27 07:54:16,007 [INFO] PluginManager:220 - loadIPPluginJar : add genericplugin
2023-07-27 07:54:16,073 [INFO] IPUIPlugin:80 - create IPUIPlugin
2023-07-27 07:54:16,073 [INFO] PluginManager:220 - loadIPPluginJar : add gfxmmu
2023-07-27 07:54:16,174 [INFO] IPUIPlugin:80 - create IPUIPlugin
2023-07-27 07:54:16,174 [INFO] PluginManager:220 - loadIPPluginJar : add gic
2023-07-27 07:54:16,191 [INFO] IPUIPlugin:80 - create IPUIPlugin
2023-07-27 07:54:16,191 [INFO] PluginManager:220 - loadIPPluginJar : add gpio
2023-07-27 07:54:16,257 [INFO] IPUIPlugin:80 - create IPUIPlugin
2023-07-27 07:54:16,257 [INFO] PluginManager:220 - loadIPPluginJar : add gtzc
2023-07-27 07:54:16,289 [INFO] IPUIPlugin:80 - create IPUIPlugin
2023-07-27 07:54:16,289 [INFO] PluginManager:220 - loadIPPluginJar : add hash
2023-07-27 07:54:16,325 [INFO] IPUIPlugin:80 - create IPUIPlugin
2023-07-27 07:54:16,325 [INFO] PluginManager:220 - loadIPPluginJar : add i2c
2023-07-27 07:54:16,357 [INFO] IPUIPlugin:80 - create IPUIPlugin
2023-07-27 07:54:16,357 [INFO] PluginManager:220 - loadIPPluginJar : add i2s
2023-07-27 07:54:16,389 [INFO] IPUIPlugin:80 - create IPUIPlugin
2023-07-27 07:54:16,389 [INFO] PluginManager:220 - loadIPPluginJar : add i3c
2023-07-27 07:54:16,473 [INFO] IPUIPlugin:80 - create IPUIPlugin
2023-07-27 07:54:16,473 [INFO] PluginManager:220 - loadIPPluginJar : add ipddr
2023-07-27 07:54:16,540 [INFO] IPUIPlugin:80 - create IPUIPlugin
2023-07-27 07:54:16,540 [INFO] PluginManager:220 - loadIPPluginJar : add linkedlist
2023-07-27 07:54:16,567 [INFO] IPUIPlugin:80 - create IPUIPlugin
2023-07-27 07:54:16,567 [INFO] PluginManager:220 - loadIPPluginJar : add lorawan
2023-07-27 07:54:16,591 [INFO] IPUIPlugin:80 - create IPUIPlugin
2023-07-27 07:54:16,591 [INFO] PluginManager:220 - loadIPPluginJar : add ltdc
2023-07-27 07:54:16,607 [INFO] IPUIPlugin:80 - create IPUIPlugin
2023-07-27 07:54:16,607 [INFO] PluginManager:220 - loadIPPluginJar : add mdma
2023-07-27 07:54:16,622 [INFO] IPUIPlugin:80 - create IPUIPlugin
2023-07-27 07:54:16,622 [INFO] PluginManager:220 - loadIPPluginJar : add nvic
2023-07-27 07:54:16,640 [INFO] IPUIPlugin:80 - create IPUIPlugin
2023-07-27 07:54:16,650 [INFO] PluginManager:220 - loadIPPluginJar : add opamp
2023-07-27 07:54:16,700 [INFO] IPUIPlugin:80 - create IPUIPlugin
2023-07-27 07:54:16,700 [INFO] PluginManager:220 - loadIPPluginJar : add openamp
2023-07-27 07:54:16,741 [INFO] IPUIPlugin:80 - create IPUIPlugin
2023-07-27 07:54:16,741 [INFO] PluginManager:220 - loadIPPluginJar : add pdm2pcm
2023-07-27 07:54:16,756 [INFO] IPUIPlugin:80 - create IPUIPlugin
2023-07-27 07:54:16,756 [INFO] PluginManager:220 - loadIPPluginJar : add plateformsettings
2023-07-27 07:54:16,773 [INFO] IPUIPlugin:80 - create IPUIPlugin
2023-07-27 07:54:16,773 [INFO] PluginManager:220 - loadIPPluginJar : add quadspi
2023-07-27 07:54:16,790 [INFO] IPUIPlugin:80 - create IPUIPlugin
2023-07-27 07:54:16,790 [INFO] PluginManager:220 - loadIPPluginJar : add resmgrutility
2023-07-27 07:54:16,824 [INFO] IPUIPlugin:80 - create IPUIPlugin
2023-07-27 07:54:16,824 [INFO] PluginManager:220 - loadIPPluginJar : add sai
2023-07-27 07:54:16,856 [INFO] IPUIPlugin:80 - create IPUIPlugin
2023-07-27 07:54:16,856 [INFO] PluginManager:220 - loadIPPluginJar : add spi
2023-07-27 07:54:16,890 [INFO] IPUIPlugin:80 - create IPUIPlugin
2023-07-27 07:54:16,890 [INFO] PluginManager:220 - loadIPPluginJar : add stm32_wpan
2023-07-27 07:54:16,941 [INFO] IPUIPlugin:80 - create IPUIPlugin
2023-07-27 07:54:16,941 [INFO] PluginManager:220 - loadIPPluginJar : add tim
2023-07-27 07:54:16,983 [INFO] IPUIPlugin:80 - create IPUIPlugin
2023-07-27 07:54:16,983 [INFO] PluginManager:220 - loadIPPluginJar : add touchsensing
2023-07-27 07:54:17,002 [INFO] IPUIPlugin:80 - create IPUIPlugin
2023-07-27 07:54:17,002 [INFO] PluginManager:220 - loadIPPluginJar : add tracer_emb
2023-07-27 07:54:17,016 [INFO] IPUIPlugin:80 - create IPUIPlugin
2023-07-27 07:54:17,016 [INFO] PluginManager:220 - loadIPPluginJar : add ts
2023-07-27 07:54:17,040 [INFO] IPUIPlugin:80 - create IPUIPlugin
2023-07-27 07:54:17,040 [INFO] PluginManager:220 - loadIPPluginJar : add tsc
2023-07-27 07:54:17,057 [INFO] IPUIPlugin:80 - create IPUIPlugin
2023-07-27 07:54:17,057 [INFO] PluginManager:220 - loadIPPluginJar : add ucpd
2023-07-27 07:54:17,090 [INFO] IPUIPlugin:80 - create IPUIPlugin
2023-07-27 07:54:17,090 [INFO] PluginManager:220 - loadIPPluginJar : add usart
2023-07-27 07:54:17,123 [INFO] IPUIPlugin:80 - create IPUIPlugin
2023-07-27 07:54:17,123 [INFO] PluginManager:220 - loadIPPluginJar : add usbx
2023-07-27 07:54:17,248 [INFO] CADModel:165 - CPN selected for project level
2023-07-27 07:54:17,255 [INFO] CADModel:114 - Register for checkConnection events
2023-07-27 07:54:17,256 [FATAL] Updater:308 - Updater called before beeing initialized
2023-07-27 07:54:17,256 [ERROR] CADModel:125 - Updater not yet initialized, retry later 
2023-07-27 07:54:17,416 [INFO] CADModel:165 - CPN selected for project level
2023-07-27 07:54:17,416 [INFO] CADModel:114 - Register for checkConnection events
2023-07-27 07:54:17,416 [FATAL] Updater:308 - Updater called before beeing initialized
2023-07-27 07:54:17,416 [ERROR] CADModel:125 - Updater not yet initialized, retry later 
2023-07-27 07:54:17,416 [FATAL] Updater:308 - Updater called before beeing initialized
2023-07-27 07:54:17,523 [FATAL] Updater:308 - Updater called before beeing initialized
2023-07-27 07:54:17,533 [INFO] DbMcusAds:53 - JSON generation date=Tue Mar 07 17:50:55 JST 2023 (1678179055114)
2023-07-27 07:54:17,533 [FATAL] Updater:308 - Updater called before beeing initialized
2023-07-27 07:54:17,616 [WARN] DetailPanel:346 - Failed to get advertising image, set to default
2023-07-27 07:54:17,756 [FATAL] Updater:308 - Updater called before beeing initialized
2023-07-27 07:54:17,756 [FATAL] Updater:308 - Updater called before beeing initialized
2023-07-27 07:54:17,756 [FATAL] Updater:308 - Updater called before beeing initialized
2023-07-27 07:54:17,756 [WARN] DetailPanel:346 - Failed to get advertising image, set to default
2023-07-27 07:54:17,766 [FATAL] Updater:308 - Updater called before beeing initialized
2023-07-27 07:54:17,822 [ERROR] Updater:1120 - MainUpdater not yet initialized. External WinMGr cannot be set.
2023-07-27 07:54:17,839 [INFO] Updater:1056 - Updater Version found : 6.8.0
2023-07-27 07:54:17,866 [INFO] ApplicationProperties:184 - Using Application install path: C:\ST\STM32CubeIDE_1.12.0\STM32CubeIDE\plugins\com.st.stm32cube.common.mx_6.8.0.202302231600
2023-07-27 07:54:18,046 [INFO] ThirdPartyUpdaterWithRetryManager:70 - Updater plugin not ready yet. [2/15]
2023-07-27 07:54:18,351 [INFO] MainUpdater:2854 - connection check result : 10
2023-07-27 07:54:18,351 [INFO] MainUpdater:283 - Updater Check For Update Now.
2023-07-27 07:54:18,351 [INFO] MicroXplorer:498 - Change Database Version : DB.6.0.80
2023-07-27 07:54:18,556 [INFO] CheckServerUpdateThread:120 - End of CheckServer Thread
2023-07-27 07:54:18,600 [INFO] MainUpdater:2854 - connection check result : 10
2023-07-27 07:54:18,607 [INFO] MainUpdater:2854 - connection check result : 10
2023-07-27 07:54:18,791 [INFO] MicroXplorer:468 - Change Database Path : 
2023-07-27 07:54:18,791 [INFO] MicroXplorer:498 - Change Database Version : DB.6.0.80
2023-07-27 07:54:18,801 [WARN] ThirdParty:871 - waiting for thirdparty lock release [close project]
2023-07-27 07:54:21,186 [WARN] PackLoader:240 - Cannot read IP mode file for STMicroelectronics.X-CUBE-SMBUS.2.1.0
2023-07-27 07:54:21,220 [WARN] PackLoader:240 - Cannot read IP mode file for STMicroelectronics.X-CUBE-AZRTOS-F7.1.1.0
2023-07-27 07:54:21,237 [WARN] PackLoader:240 - Cannot read IP mode file for STMicroelectronics.FP-SNS-MOTENV1.4.3.2
2023-07-27 07:54:21,252 [WARN] PackLoader:240 - Cannot read IP mode file for STMicroelectronics.FP-SNS-FLIGHT1.5.0.1
2023-07-27 07:54:21,263 [WARN] PackLoader:240 - Cannot read IP mode file for STMicroelectronics.X-CUBE-BLE1.6.2.4
2023-07-27 07:54:21,280 [WARN] PackLoader:240 - Cannot read IP mode file for STMicroelectronics.X-CUBE-DISPLAY.3.0.0
2023-07-27 07:54:21,305 [WARN] PackLoader:240 - Cannot read IP mode file for STMicroelectronics.X-CUBE-TOUCHGFX.4.22.0
2023-07-27 07:54:21,320 [INFO] LogOutputStream:77 - [STDOUT_REDIRECT] 1 : Invalid condition id : UX_CORESTACK_Condition cause : null
2023-07-27 07:54:21,330 [INFO] LogOutputStream:77 - [STDOUT_REDIRECT] 1 : Invalid condition id : UX_CORESTACK_Condition cause : null
2023-07-27 07:54:21,330 [INFO] LogOutputStream:77 - [STDOUT_REDIRECT] 1 : Invalid condition id : UX_CORESTACK_Condition cause : null
2023-07-27 07:54:21,330 [INFO] LogOutputStream:77 - [STDOUT_REDIRECT] 1 : Invalid condition id : UX_CORESTACK_Condition cause : null
2023-07-27 07:54:21,330 [INFO] LogOutputStream:77 - [STDOUT_REDIRECT] 1 : Invalid condition id : UX_CORESTACK_Condition cause : null
2023-07-27 07:54:21,335 [WARN] PackLoader:240 - Cannot read IP mode file for STMicroelectronics.X-CUBE-AZRTOS-WL.2.0.0
2023-07-27 07:54:21,354 [WARN] PackLoader:240 - Cannot read IP mode file for WES.I-CUBE-Cesium.1.3.0
2023-07-27 07:54:21,364 [WARN] PackLoader:240 - Cannot read IP mode file for STMicroelectronics.X-CUBE-BLE2.3.3.0
2023-07-27 07:54:21,380 [WARN] PackLoader:240 - Cannot read IP mode file for STMicroelectronics.X-CUBE-TOUCHGFX.4.21.3
2023-07-27 07:54:21,386 [WARN] PackLoader:240 - Cannot read IP mode file for STMicroelectronics.X-CUBE-ALGOBUILD.1.3.0
2023-07-27 07:54:21,420 [WARN] PackLoader:240 - Cannot read IP mode file for STMicroelectronics.X-CUBE-AZRTOS-G0.1.1.0
2023-07-27 07:54:21,443 [WARN] PackLoader:240 - Cannot read IP mode file for STMicroelectronics.X-CUBE-NFC4.3.0.0
2023-07-27 07:54:21,454 [WARN] PackLoader:240 - Cannot read IP mode file for STMicroelectronics.FP-ATR-SIGFOX1.3.2.0
2023-07-27 07:54:21,504 [WARN] PackLoader:240 - Cannot read IP mode file for SEGGER.I-CUBE-embOS.1.3.1
2023-07-27 07:54:21,570 [WARN] PackLoader:240 - Cannot read IP mode file for STMicroelectronics.X-CUBE-GNSS1.6.0.0
2023-07-27 07:54:21,602 [WARN] PackLoader:240 - Cannot read IP mode file for STMicroelectronics.X-CUBE-AZRTOS-F4.1.1.0
2023-07-27 07:54:21,620 [WARN] PackLoader:240 - Cannot read IP mode file for wolfSSL.I-CUBE-wolfSSL.5.6.0
2023-07-27 07:54:21,705 [WARN] PackLoader:240 - Cannot read IP mode file for STMicroelectronics.X-CUBE-MEMS1.9.6.0
2023-07-27 07:54:21,893 [WARN] PackLoader:240 - Cannot read IP mode file for emotas.I-CUBE-CANOPEN.1.1.3
2023-07-27 07:54:21,913 [WARN] PackLoader:240 - Cannot read IP mode file for STMicroelectronics.X-CUBE-BLEMGR.2.0.0
2023-07-27 07:54:21,936 [WARN] ConditionMgr:438 - getConditionDescription Invalid condition id : UX DEVICE CLASS RTOS Condition cause : null
2023-07-27 07:54:21,936 [WARN] ConditionMgr:438 - getConditionDescription Invalid condition id : UX DEVICE CLASS RTOS Condition cause : null
2023-07-27 07:54:21,946 [WARN] PackLoader:240 - Cannot read IP mode file for STMicroelectronics.X-CUBE-AZRTOS-H7.3.1.0
2023-07-27 07:54:21,946 [WARN] ConditionMgr:1039 - genDependencies : Invalid condition id : UX DEVICE CLASS RTOS Condition cause : null
2023-07-27 07:54:21,946 [WARN] ConditionMgr:1039 - genDependencies : Invalid condition id : UX DEVICE CLASS RTOS Condition cause : null
2023-07-27 07:54:21,946 [WARN] ConditionMgr:1039 - genDependencies : Invalid condition id : UX DEVICE CLASS RTOS Condition cause : null
2023-07-27 07:54:21,946 [WARN] ConditionMgr:1039 - genDependencies : Invalid condition id : UX DEVICE CLASS RTOS Condition cause : null
2023-07-27 07:54:21,946 [WARN] ConditionMgr:1039 - genDependencies : Invalid condition id : UX DEVICE CLASS RTOS Condition cause : null
2023-07-27 07:54:21,953 [WARN] PackLoader:240 - Cannot read IP mode file for STMicroelectronics.X-CUBE-NFC7.1.0.1
2023-07-27 07:54:21,970 [WARN] PackLoader:240 - Cannot read IP mode file for STMicroelectronics.X-CUBE-NFC7.1.0.0
2023-07-27 07:54:21,986 [WARN] PackLoader:240 - Cannot read IP mode file for STMicroelectronics.X-CUBE-EEPRMA1.4.1.0
2023-07-27 07:54:22,015 [WARN] ConditionMgr:438 - getConditionDescription Invalid condition id : LAN8742 Phy interface Condition cause : null
2023-07-27 07:54:22,015 [WARN] PackLoader:240 - Cannot read IP mode file for STMicroelectronics.X-CUBE-AZRTOS-L4.2.0.0
2023-07-27 07:54:22,018 [WARN] ConditionMgr:1039 - genDependencies : Invalid condition id : LAN8742 Phy interface Condition cause : null
2023-07-27 07:54:22,018 [WARN] ConditionMgr:1039 - genDependencies : Invalid condition id : LAN8742 Phy interface Condition cause : null
2023-07-27 07:54:22,019 [WARN] ConditionMgr:1039 - genDependencies : Invalid condition id : LAN8742 Phy interface Condition cause : null
2023-07-27 07:54:22,035 [WARN] PackLoader:240 - Cannot read IP mode file for STMicroelectronics.X-CUBE-SFXS2LP1.4.0.0
2023-07-27 07:54:22,036 [WARN] PackLoader:240 - Cannot read IP mode file for STMicroelectronics.X-CUBE-ISPU.1.1.0
2023-07-27 07:54:22,053 [WARN] PackLoader:240 - Cannot read IP mode file for STMicroelectronics.X-CUBE-AI.8.0.0
2023-07-27 07:54:22,064 [WARN] PackLoader:240 - Cannot read IP mode file for STMicroelectronics.X-CUBE-FREERTOS.1.0.1
2023-07-27 07:54:22,080 [WARN] PackLoader:240 - Cannot read IP mode file for STMicroelectronics.X-CUBE-AZRTOS-L5.1.1.0
2023-07-27 07:54:22,096 [WARN] PackLoader:240 - Cannot read IP mode file for STMicroelectronics.X-CUBE-AI.8.0.1
2023-07-27 07:54:22,103 [WARN] PackLoader:240 - Cannot read IP mode file for STMicroelectronics.X-CUBE-SUBG2.5.0.0
2023-07-27 07:54:22,143 [WARN] PackLoader:240 - Cannot read IP mode file for STMicroelectronics.X-CUBE-TOF1.3.3.1
2023-07-27 07:54:22,162 [WARN] PackLoader:240 - Cannot read IP mode file for STMicroelectronics.X-CUBE-AZRTOS-G4.2.0.0
2023-07-27 07:54:22,179 [WARN] PackLoader:240 - Cannot read IP mode file for STMicroelectronics.X-CUBE-TOF1.3.3.0
2023-07-27 07:54:22,209 [WARN] PackLoader:240 - Cannot read IP mode file for STMicroelectronics.X-CUBE-AZRTOS-L4.1.0.0
2023-07-27 07:54:22,236 [WARN] PackLoader:240 - Cannot read IP mode file for STMicroelectronics.X-CUBE-AZRTOS-WL.1.0.0
2023-07-27 07:54:22,253 [WARN] PackLoader:240 - Cannot read IP mode file for portGmbH.I-Cube-SoM-uGOAL.1.1.0
2023-07-27 07:54:22,268 [WARN] PackLoader:240 - Cannot read IP mode file for STMicroelectronics.X-CUBE-ALS.1.0.1
2023-07-27 07:54:22,289 [WARN] PackLoader:240 - Cannot read IP mode file for STMicroelectronics.X-CUBE-AZRTOS-WB.1.1.0
2023-07-27 07:54:22,303 [WARN] PackLoader:240 - Cannot read IP mode file for STMicroelectronics.FP-ATR-ASTRA1.2.0.0
2023-07-27 07:54:22,303 [INFO] ThirdParty:978 - Integrity check success = true
2023-07-27 07:54:22,303 [INFO] IntegrityCheckThread:100 - exiting critical section [integrity check]
2023-07-27 07:54:22,303 [INFO] IntegrityCheckThread:103 - End integrity checks thread
2023-07-27 07:54:22,303 [INFO] ThirdParty:873 - entering critical section [close project]
2023-07-27 07:54:22,303 [INFO] ThirdParty:883 - exiting critical section [close project]
2023-07-27 07:54:22,303 [INFO] PinOutPanel:1499 - setPackage(No Configuration,No Configuration)
2023-07-27 07:54:22,313 [INFO] UtilMem:75 - Begin LoadConfig() Used Memory: 534301528 Bytes (554696704)
2023-07-27 07:54:22,313 [INFO] MicroXplorer:468 - Change Database Path : 
2023-07-27 07:54:22,313 [INFO] MicroXplorer:498 - Change Database Version : DB.6.0.80
2023-07-27 07:54:22,313 [INFO] OpenFileManager:308 - Change cursor
2023-07-27 07:54:22,364 [INFO] Mcu:1937 - Initializing MCU STM32F401R(D-E)Tx STM32F401RETx STM32F401RET6
2023-07-27 07:54:23,635 [INFO] Context:659 - Trying to add GPIOservice into a context  which must be forbidden
2023-07-27 07:54:24,201 [INFO] RtosManager:555 - Registered RTOS mode: class=CMSIS, group=RTOS, mode=CMSIS_V1, owner=FREERTOS
2023-07-27 07:54:24,201 [INFO] RtosManager:555 - Registered RTOS mode: class=CMSIS, group=RTOS2, mode=CMSIS_V2, owner=FREERTOS
2023-07-27 07:54:24,201 [INFO] RtosManager:555 - Registered RTOS mode: class=RTOS, group=Core, mode=CMSIS_V1, owner=FREERTOS
2023-07-27 07:54:24,201 [INFO] RtosManager:555 - Registered RTOS mode: class=RTOS, group=Core, mode=CMSIS_V2, owner=FREERTOS
2023-07-27 07:54:24,201 [WARN] ModelIntegratedComponent:184 - Missing modes for component STMicroelectronics:FreeRTOS:0.0.1:STMicroelectronics:RTOS:FreeRTOS:Core:::10.2.0:
2023-07-27 07:54:24,219 [WARN] ModelIntegratedComponent:63 - No mode defined for component null
2023-07-27 07:54:24,219 [WARN] ModelIntegratedComponent:63 - No mode defined for component null
2023-07-27 07:54:24,219 [WARN] ModelIntegratedComponent:63 - No mode defined for component null
2023-07-27 07:54:24,219 [WARN] ModelIntegratedComponent:63 - No mode defined for component null
2023-07-27 07:54:24,219 [WARN] ModelIntegratedComponent:63 - No mode defined for component null
2023-07-27 07:54:24,219 [WARN] ModelIntegratedComponent:63 - No mode defined for component null
2023-07-27 07:54:24,219 [WARN] ModelIntegratedComponent:63 - No mode defined for component null
2023-07-27 07:54:24,219 [WARN] ModelIntegratedComponent:63 - No mode defined for component null
2023-07-27 07:54:24,219 [WARN] ModelIntegratedComponent:63 - No mode defined for component null
2023-07-27 07:54:24,219 [WARN] ModelIntegratedComponent:63 - No mode defined for component null
2023-07-27 07:54:24,219 [WARN] ModelIntegratedComponent:63 - No mode defined for component null
2023-07-27 07:54:24,219 [WARN] ModelIntegratedComponent:63 - No mode defined for component null
2023-07-27 07:54:24,219 [WARN] ModelIntegratedComponent:63 - No mode defined for component null
2023-07-27 07:54:24,219 [WARN] ModelIntegratedComponent:63 - No mode defined for component null
2023-07-27 07:54:24,219 [WARN] ModelIntegratedComponent:63 - No mode defined for component null
2023-07-27 07:54:24,219 [WARN] ModelIntegratedComponent:63 - No mode defined for component null
2023-07-27 07:54:24,219 [WARN] ModelIntegratedComponent:63 - No mode defined for component null
2023-07-27 07:54:24,219 [WARN] ModelIntegratedComponent:63 - No mode defined for component null
2023-07-27 07:54:24,219 [WARN] ModelIntegratedComponent:63 - No mode defined for component null
2023-07-27 07:54:24,219 [WARN] ModelIntegratedComponent:63 - No mode defined for component null
2023-07-27 07:54:24,219 [WARN] ModelIntegratedComponent:63 - No mode defined for component null
2023-07-27 07:54:24,219 [WARN] ModelIntegratedComponent:63 - No mode defined for component null
2023-07-27 07:54:24,219 [WARN] ModelIntegratedComponent:63 - No mode defined for component null
2023-07-27 07:54:24,219 [WARN] ModelIntegratedComponent:63 - No mode defined for component null
2023-07-27 07:54:24,219 [WARN] ModelIntegratedComponent:63 - No mode defined for component null
2023-07-27 07:54:24,219 [WARN] ModelIntegratedComponent:63 - No mode defined for component null
2023-07-27 07:54:24,219 [WARN] ModelIntegratedComponent:63 - No mode defined for component null
2023-07-27 07:54:24,219 [WARN] ModelIntegratedComponent:63 - No mode defined for component null
2023-07-27 07:54:24,219 [WARN] ModelIntegratedComponent:63 - No mode defined for component null
2023-07-27 07:54:24,219 [WARN] ModelIntegratedComponent:63 - No mode defined for component null
2023-07-27 07:54:24,219 [WARN] ModelIntegratedComponent:63 - No mode defined for component null
2023-07-27 07:54:24,219 [WARN] ModelIntegratedComponent:63 - No mode defined for component null
2023-07-27 07:54:24,219 [WARN] ModelIntegratedComponent:63 - No mode defined for component null
2023-07-27 07:54:24,235 [INFO] ThirdPartyModel:298 - Start build external matchings
2023-07-27 07:54:24,421 [INFO] ThirdPartyModel:316 - End build external matchings
2023-07-27 07:54:24,434 [INFO] RtosManager:919 - Current active RTOS is FREERTOS [Cortex-M4NS]
2023-07-27 07:54:24,454 [INFO] ImportTextPane:194 - (OptionalMessage_ERROR) IP (RCC) : Parameter (RTCHSEDivFreq_Value) has invalid value (4000000)
2023-07-27 07:54:24,762 [INFO] UtilMem:75 - End LoadConfig() Used Memory: 553730200 Bytes (676331520)
2023-07-27 07:54:24,911 [INFO] ApiDb:581 - Connected to CubeFinder SQLite database (C:\Users\nosak\.stmcufinder\plugins\mcufinder\mcu\cube-finder-db.db)
2023-07-27 07:54:25,010 [INFO] ApiDb:668 - CubeFinder database Data Model version=2.1
2023-07-27 07:54:25,010 [INFO] ApiDb:669 - CubeFinder database Configuration version=3.0.37
2023-07-27 07:54:25,016 [INFO] ApiDb:670 - CubeFinder database generation date=2023-06-26 (1687786131)
2023-07-27 07:54:25,016 [INFO] ApiDb:671 - CubeFinder database FW Pack versions=[FP-ATR-ASTRA1_V2.0.0, FP-SNS-FLIGHT1_V5.0.1, FP-SNS-MOTENV1_V4.3.1, STM32Cube_FW_C0_V1.1.0, STM32Cube_FW_F4_V1.27.1, STM32Cube_FW_F7_V1.17.0, STM32Cube_FW_G0_V1.6.1, STM32Cube_FW_G4_V1.5.1, STM32Cube_FW_H5_V0.5.1, STM32Cube_FW_H5_V1.1.0, STM32Cube_FW_H7_V1.11.0, STM32Cube_FW_L0_V1.12.2, STM32Cube_FW_L5_V1.5.0, STM32Cube_FW_U5_V1.3.0, STM32Cube_FW_U5_V1.3.0RC4, STM32Cube_FW_WBA_V1.0.0RC1, STM32Cube_FW_WBA_V1.1.0, STM32Cube_FW_WBA_V1.1.0RC1, STM32Cube_FW_WB_V1.15.0RC1, STM32Cube_FW_WB_V1.16.0, STM32Cube_FW_WB_V1.16.0RC2, STM32Cube_FW_WB_V1.17.0, STM32Cube_FW_WL_V1.3.0, X-CUBE-ALGOBUILD_V1.3.0, X-CUBE-ALS_V1.0.1, X-CUBE-AZRTOS-F4_V1.1.0, X-CUBE-AZRTOS-F7_V1.1.0, X-CUBE-AZRTOS-G0_V1.1.0, X-CUBE-AZRTOS-G4_V2.0.0, X-CUBE-AZRTOS-H7_V3.1.0, X-CUBE-AZRTOS-L4_V1.0.0, X-CUBE-AZRTOS-L4_V2.0.0, X-CUBE-AZRTOS-L5_V1.1.0, X-CUBE-AZRTOS-WB_V1.1.0, X-CUBE-AZRTOS-WL_V2.0.0, X-CUBE-BLE1_V6.2.4, X-CUBE-BLE2_V3.3.0, X-CUBE-BLEMGR_V2.0.0, X-CUBE-EEPRMA1_V4.1.0, X-CUBE-FREERTOS_V1.0.1, X-CUBE-GNSS1_V6.0.0, X-CUBE-MEMS1_V9.1.0, X-CUBE-MEMS1_V9.4.0, X-CUBE-MEMS1_V9.6.0, X-CUBE-NFC4_V3.0.0, X-CUBE-NFC7_V1.0.0, X-CUBE-SFXS2LP1_V4.0.0, X-CUBE-SUBG2_V5.0.0]
2023-07-27 07:54:27,316 [INFO] ApiDb:240 - Found 297 in-development CPN: [B-G473E-ZEST1S, B-WB1M-WPAN1, B-WL5M-SUBG1, NUCLEO-C031C6, NUCLEO-H503RB, NUCLEO-H563ZI, NUCLEO-U545RE-Q, NUCLEO-U5A5ZJ-Q, NUCLEO-WBA52CG, STEVAL-PROTEUS1, STEVAL-STWINBX1, STM320518-EVAL, STM32C0116-DK, STM32C011D6Y3TR, STM32C011D6Y6TR, STM32C011F4P3, STM32C011F4P6, STM32C011F4U3, STM32C011F4U6TR, STM32C011F6P3, STM32C011F6P6, STM32C011F6U3, STM32C011F6U6TR, STM32C011J4M3, STM32C011J4M6, STM32C011J6M3, STM32C011J6M6, STM32C0316-DK, STM32C031C4T3, STM32C031C4T6, STM32C031C4U3, STM32C031C4U6, STM32C031C6T3, STM32C031C6T6, STM32C031C6U3, STM32C031C6U6, STM32C031F4P3, STM32C031F4P6, STM32C031F6P3, STM32C031F6P6, STM32C031G4U3, STM32C031G4U6, STM32C031G6U3, STM32C031G6U6, STM32C031K4T3, STM32C031K4T6, STM32C031K4U3, STM32C031K4U6, STM32C031K6T3, STM32C031K6T6, STM32C031K6U3, STM32C031K6U6, STM32G071K8TXN, STM32G071K8UXN, STM32G081GBU6N, STM32G081KBT6N, STM32G081KBUXN, STM32G0B1CCT6N, STM32G0B1KCT6, STM32G0B1NEY6TR, STM32G0B1RCT6N, STM32G0C1CCT6, STM32G0C1CCT6N, STM32G0C1CCU6N, STM32G0C1CET6N, STM32G0C1CEU6N, STM32G0C1KCT6, STM32G0C1NEY6TR, STM32G0C1RCI6N, STM32G0C1RCT6N, STM32G0C1REI6N, STM32G0C1RET6N, STM32G0C1VCI6, STM32G0C1VEI6, STM32G471CCT6, STM32G471CCU6, STM32G471CET3, STM32G471CET6, STM32G471CEU3, STM32G471CEU6, STM32G471MCT6, STM32G471MET3, STM32G471MET6, STM32G471MEY6TR, STM32G471QCT6, STM32G471QET3, STM32G471RCT6, STM32G471RET3, STM32G471RET6, STM32G471VCH6, STM32G471VCI6, STM32G471VCT6, STM32G471VEH3, STM32G471VEH6, STM32G471VEI3, STM32G471VEI6, STM32G471VET3, STM32G471VET6, STM32G474CCT6, STM32H503CBT6, STM32H503CBU6, STM32H503EBY6TR, STM32H503KBU6, STM32H503RBT6, STM32H562AGI6, STM32H562AII6, STM32H562IGK6, STM32H562IGT6, STM32H562IIK6, STM32H562IIT6, STM32H562RGT6, STM32H562RGV6, STM32H562RIT6, STM32H562RIV6, STM32H562VGT6, STM32H562VIT6, STM32H562ZGT6, STM32H562ZIT6, STM32H563AGI6, STM32H563AII3Q, STM32H563AII6, STM32H563IGK6, STM32H563IGT6, STM32H563IIK3Q, STM32H563IIK6, STM32H563IIT3Q, STM32H563IIT6, STM32H563MIY3QTR, STM32H563RGT6, STM32H563RGV6, STM32H563RIT6, STM32H563RIV6, STM32H563VGT6, STM32H563VIT3Q, STM32H563VIT6, STM32H563ZGT6, STM32H563ZIT3Q, STM32H563ZIT6, STM32H573AII3Q, STM32H573AII6, STM32H573I-DK, STM32H573IIK3Q, STM32H573IIK6, STM32H573IIT3Q, STM32H573IIT6, STM32H573MIY3QTR, STM32H573RIT6, STM32H573RIV6, STM32H573VIT3Q, STM32H573VIT6, STM32H573ZIT3Q, STM32H573ZIT6, STM32L4R5QGI6STR, STM32MP131AAE3, STM32MP131AAF3, STM32MP131AAG3, STM32MP131CAE3, STM32MP131CAF3, STM32MP131CAG3, STM32MP131DAE7, STM32MP131DAF7, STM32MP131DAG7, STM32MP131FAE7, STM32MP131FAF7, STM32MP131FAG7, STM32MP133AAE3, STM32MP133AAF3, STM32MP133AAG3, STM32MP133CAE3, STM32MP133CAF3, STM32MP133CAG3, STM32MP133DAE7, STM32MP133DAF7, STM32MP133DAG7, STM32MP133FAE7, STM32MP133FAF7, STM32MP133FAG7, STM32MP135AAE3, STM32MP135AAF3, STM32MP135AAG3, STM32MP135CAE3, STM32MP135CAF3, STM32MP135CAG3, STM32MP135DAE7, STM32MP135DAF7, STM32MP135DAG7, STM32MP135F-DK, STM32MP135FAE7, STM32MP135FAF7, STM32MP135FAF7T, STM32MP135FAF7U, STM32MP135FAG7, STM32U535CBT6, STM32U535CBT6Q, STM32U535CBU6, STM32U535CBU6Q, STM32U535CCT6, STM32U535CCT6Q, STM32U535CCU6, STM32U535CCU6Q, STM32U535CET6, STM32U535CET6Q, STM32U535CEU6, STM32U535CEU6Q, STM32U535JEY6QTR, STM32U535NCY6QTR, STM32U535NEY6QTR, STM32U535RBI6, STM32U535RBI6Q, STM32U535RBT6, STM32U535RBT6Q, STM32U535RCI6, STM32U535RCI6Q, STM32U535RCT6, STM32U535RCT6Q, STM32U535REI6, STM32U535REI6Q, STM32U535RET6, STM32U535RET6Q, STM32U535VCI6, STM32U535VCI6Q, STM32U535VCT6, STM32U535VCT6Q, STM32U535VEI6, STM32U535VEI6Q, STM32U535VET6, STM32U535VET6Q, STM32U545CET6, STM32U545CET6Q, STM32U545CEU6, STM32U545CEU6Q, STM32U545JEY6QTR, STM32U545NEY6QTR, STM32U545REI6, STM32U545REI6Q, STM32U545RET6, STM32U545RET6Q, STM32U545VEI6, STM32U545VEI6Q, STM32U545VET6, STM32U545VET6Q, STM32U595AIH6, STM32U595AIH6Q, STM32U595AJH6, STM32U595AJH6Q, STM32U595QII6, STM32U595QII6Q, STM32U595QJI6, STM32U595QJI6Q, STM32U595RIT6, STM32U595RIT6Q, STM32U595RJT6, STM32U595RJT6Q, STM32U595VIT6, STM32U595VIT6Q, STM32U595VJT6, STM32U595VJT6Q, STM32U595ZIT6, STM32U595ZIT6Q, STM32U595ZIY6QTR, STM32U595ZJT6, STM32U595ZJT6Q, STM32U595ZJY6QTR, STM32U599BJY6QTR, STM32U599NIH6Q, STM32U599NJH6Q, STM32U599VIT6Q, STM32U599VJT6, STM32U599VJT6Q, STM32U599ZIT6Q, STM32U599ZIY6QTR, STM32U599ZJT6Q, STM32U599ZJY6QTR, STM32U5A5AJH6, STM32U5A5AJH6Q, STM32U5A5QJI6, STM32U5A5QJI6Q, STM32U5A5RJT6, STM32U5A5RJT6Q, STM32U5A5VJT6, STM32U5A5VJT6Q, STM32U5A5ZJT6, STM32U5A5ZJT6Q, STM32U5A5ZJY6QTR, STM32U5A9BJY6QTR, STM32U5A9J-DK, STM32U5A9NJH6Q, STM32U5A9VJT6Q, STM32U5A9ZJT6Q, STM32U5A9ZJY6QTR, STM32WB1MMCH6, STM32WBA52CEU6, STM32WBA52CEU6T, STM32WBA52CGU6, STM32WBA52CGU6T, STM32WL5MOCH6, STM32WL5MOCH6TR]
2023-07-27 07:54:27,323 [INFO] DbMcus:216 - Found 3825 MCUs, 3825 are supported
2023-07-27 07:54:27,332 [INFO] ApiDb:423 - Load user favorites file C:\Users\nosak/.stm32cubeide/favorites.mcus.txt: 1 item(s)
2023-07-27 07:54:27,334 [INFO] ApiDb:427 - User favorites MCUs=[STM32F401RET6]
2023-07-27 07:54:27,334 [INFO] DbMcus:222 - Set 1 / 1 favorites MCUs
2023-07-27 07:54:27,700 [WARN] ThirdParty:833 - waiting for thirdparty lock release [change project]
2023-07-27 07:54:27,700 [INFO] ThirdParty:835 - entering critical section [change project]
2023-07-27 07:54:27,700 [INFO] ThirdParty:1030 - CMSIS Pack Vendor :STMicroelectronics X-CUBE-ISPU 1.1.0
2023-07-27 07:54:27,700 [INFO] ThirdParty:1030 - CMSIS Pack Vendor :STMicroelectronics X-CUBE-GNSS1 6.0.0
2023-07-27 07:54:27,700 [INFO] ThirdParty:1030 - CMSIS Pack Vendor :STMicroelectronics USB_HOST 2.0.0
2023-07-27 07:54:27,700 [INFO] ThirdParty:1030 - CMSIS Pack Vendor :STMicroelectronics X-CUBE-AZRTOS-F4 1.1.0
2023-07-27 07:54:27,700 [INFO] ThirdParty:1030 - CMSIS Pack Vendor :STMicroelectronics LIBJPEG 8.0.0
2023-07-27 07:54:27,700 [INFO] ThirdParty:1030 - CMSIS Pack Vendor :STMicroelectronics X-CUBE-SMBUS 2.1.0
2023-07-27 07:54:27,700 [INFO] ThirdParty:1030 - CMSIS Pack Vendor :wolfSSL I-CUBE-wolfSSL 5.6.0
2023-07-27 07:54:27,700 [INFO] ThirdParty:1030 - CMSIS Pack Vendor :STMicroelectronics USB_DEVICE 3.0.0
2023-07-27 07:54:27,700 [INFO] ThirdParty:1030 - CMSIS Pack Vendor :STMicroelectronics X-CUBE-AI 8.0.0
2023-07-27 07:54:27,700 [INFO] ThirdParty:1030 - CMSIS Pack Vendor :STMicroelectronics X-CUBE-FREERTOS 1.0.1
2023-07-27 07:54:27,700 [INFO] ThirdParty:1030 - CMSIS Pack Vendor :STMicroelectronics X-CUBE-TOUCHGFX 4.21.3
2023-07-27 07:54:27,700 [INFO] ThirdParty:1030 - CMSIS Pack Vendor :STMicroelectronics X-CUBE-AZRTOS-F7 1.1.0
2023-07-27 07:54:27,700 [INFO] ThirdParty:1030 - CMSIS Pack Vendor :STMicroelectronics USB_DEVICE 2.0.0
2023-07-27 07:54:27,700 [INFO] ThirdParty:1030 - CMSIS Pack Vendor :STMicroelectronics X-CUBE-MEMS1 9.6.0
2023-07-27 07:54:27,700 [INFO] ThirdParty:1030 - CMSIS Pack Vendor :STMicroelectronics FP-SNS-MOTENV1 4.3.2
2023-07-27 07:54:27,700 [INFO] ThirdParty:1030 - CMSIS Pack Vendor :STMicroelectronics FP-SNS-FLIGHT1 5.0.1
2023-07-27 07:54:27,700 [INFO] ThirdParty:1030 - CMSIS Pack Vendor :STMicroelectronics X-CUBE-ALGOBUILD 1.3.0
2023-07-27 07:54:27,700 [INFO] ThirdParty:1030 - CMSIS Pack Vendor :STMicroelectronics X-CUBE-BLE1 6.2.4
2023-07-27 07:54:27,700 [INFO] ThirdParty:1030 - CMSIS Pack Vendor :STMicroelectronics X-CUBE-AZRTOS-L5 1.1.0
2023-07-27 07:54:27,700 [INFO] ThirdParty:1030 - CMSIS Pack Vendor :STMicroelectronics FreeRTOS 0.0.1
2023-07-27 07:54:27,700 [INFO] ThirdParty:1030 - CMSIS Pack Vendor :STMicroelectronics X-CUBE-AZRTOS-G0 1.1.0
2023-07-27 07:54:27,700 [INFO] ThirdParty:1030 - CMSIS Pack Vendor :emotas I-CUBE-CANOPEN 1.1.3
2023-07-27 07:54:27,700 [INFO] ThirdParty:1030 - CMSIS Pack Vendor :STMicroelectronics X-CUBE-BLEMGR 2.0.0
2023-07-27 07:54:27,700 [INFO] ThirdParty:1030 - CMSIS Pack Vendor :STMicroelectronics X-CUBE-AI 8.0.1
2023-07-27 07:54:27,700 [INFO] ThirdParty:1030 - CMSIS Pack Vendor :STMicroelectronics X-CUBE-NFC4 3.0.0
2023-07-27 07:54:27,700 [INFO] ThirdParty:1030 - CMSIS Pack Vendor :STMicroelectronics X-CUBE-SUBG2 5.0.0
2023-07-27 07:54:27,700 [INFO] ThirdParty:1030 - CMSIS Pack Vendor :STMicroelectronics STM32_WPAN 1.0.0
2023-07-27 07:54:27,700 [INFO] ThirdParty:1030 - CMSIS Pack Vendor :STMicroelectronics lwIP 2.0.3
2023-07-27 07:54:27,700 [INFO] ThirdParty:1030 - CMSIS Pack Vendor :STMicroelectronics USB_HOST 1.0.0
2023-07-27 07:54:27,700 [INFO] ThirdParty:1030 - CMSIS Pack Vendor :STMicroelectronics X-CUBE-TOF1 3.3.1
2023-07-27 07:54:27,700 [INFO] ThirdParty:1030 - CMSIS Pack Vendor :STMicroelectronics X-CUBE-AZRTOS-G4 2.0.0
2023-07-27 07:54:27,700 [INFO] ThirdParty:1030 - CMSIS Pack Vendor :STMicroelectronics PDM2PCM 3.1.0
2023-07-27 07:54:27,700 [INFO] ThirdParty:1030 - CMSIS Pack Vendor :STMicroelectronics X-CUBE-AZRTOS-H7 3.1.0
2023-07-27 07:54:27,700 [INFO] ThirdParty:1030 - CMSIS Pack Vendor :STMicroelectronics X-CUBE-TOF1 3.3.0
2023-07-27 07:54:27,700 [INFO] ThirdParty:1030 - CMSIS Pack Vendor :STMicroelectronics PDM2PCM 3.3.0
2023-07-27 07:54:27,700 [INFO] ThirdParty:1030 - CMSIS Pack Vendor :STMicroelectronics X-CUBE-DISPLAY 3.0.0
2023-07-27 07:54:27,700 [INFO] ThirdParty:1030 - CMSIS Pack Vendor :STMicroelectronics FP-ATR-SIGFOX1 3.2.0
2023-07-27 07:54:27,700 [INFO] ThirdParty:1030 - CMSIS Pack Vendor :STMicroelectronics X-CUBE-AZRTOS-L4 1.0.0
2023-07-27 07:54:27,700 [INFO] ThirdParty:1030 - CMSIS Pack Vendor :STMicroelectronics HAL Drivers 0.0.0
2023-07-27 07:54:27,700 [INFO] ThirdParty:1030 - CMSIS Pack Vendor :STMicroelectronics MBEDTLS 2.16.2
2023-07-27 07:54:27,700 [INFO] ThirdParty:1030 - CMSIS Pack Vendor :STMicroelectronics X-CUBE-TOUCHGFX 4.22.0
2023-07-27 07:54:27,700 [INFO] ThirdParty:1030 - CMSIS Pack Vendor :STMicroelectronics X-CUBE-NFC7 1.0.1
2023-07-27 07:54:27,700 [INFO] ThirdParty:1030 - CMSIS Pack Vendor :STMicroelectronics MBEDTLS 2.14.1
2023-07-27 07:54:27,700 [INFO] ThirdParty:1030 - CMSIS Pack Vendor :STMicroelectronics X-CUBE-NFC7 1.0.0
2023-07-27 07:54:27,700 [INFO] ThirdParty:1030 - CMSIS Pack Vendor :STMicroelectronics X-CUBE-AZRTOS-WL 1.0.0
2023-07-27 07:54:27,700 [INFO] ThirdParty:1030 - CMSIS Pack Vendor :STMicroelectronics X-CUBE-EEPRMA1 4.1.0
2023-07-27 07:54:27,700 [INFO] ThirdParty:1030 - CMSIS Pack Vendor :portGmbH I-Cube-SoM-uGOAL 1.1.0
2023-07-27 07:54:27,700 [INFO] ThirdParty:1030 - CMSIS Pack Vendor :STMicroelectronics X-CUBE-ALS 1.0.1
2023-07-27 07:54:27,700 [INFO] ThirdParty:1030 - CMSIS Pack Vendor :STMicroelectronics ThreadX 1.0.0
2023-07-27 07:54:27,700 [INFO] ThirdParty:1030 - CMSIS Pack Vendor :STMicroelectronics X-CUBE-AZRTOS-WB 1.1.0
2023-07-27 07:54:27,700 [INFO] ThirdParty:1030 - CMSIS Pack Vendor :STMicroelectronics X-CUBE-AZRTOS-WL 2.0.0
2023-07-27 07:54:27,700 [INFO] ThirdParty:1030 - CMSIS Pack Vendor :SEGGER I-CUBE-embOS 1.3.1
2023-07-27 07:54:27,700 [INFO] ThirdParty:1030 - CMSIS Pack Vendor :STMicroelectronics USB_DEVICE 1.0.0
2023-07-27 07:54:27,710 [INFO] ThirdParty:1030 - CMSIS Pack Vendor :STMicroelectronics X-CUBE-AZRTOS-L4 2.0.0
2023-07-27 07:54:27,710 [INFO] ThirdParty:1030 - CMSIS Pack Vendor :STMicroelectronics ThreadX 0.0.2
2023-07-27 07:54:27,710 [INFO] ThirdParty:1030 - CMSIS Pack Vendor :WES I-CUBE-Cesium 1.3.0
2023-07-27 07:54:27,710 [INFO] ThirdParty:1030 - CMSIS Pack Vendor :STMicroelectronics FP-ATR-ASTRA1 2.0.0
2023-07-27 07:54:27,710 [INFO] ThirdParty:1030 - CMSIS Pack Vendor :STMicroelectronics lwIP 2.1.2
2023-07-27 07:54:27,710 [INFO] ThirdParty:1030 - CMSIS Pack Vendor :STMicroelectronics X-CUBE-SFXS2LP1 4.0.0
2023-07-27 07:54:27,710 [INFO] ThirdParty:1030 - CMSIS Pack Vendor :STMicroelectronics X-CUBE-BLE2 3.3.0
2023-07-27 07:54:27,710 [INFO] ThirdParty:1030 - CMSIS Pack Vendor :STMicroelectronics PDM2PCM 3.2.0
2023-07-27 07:54:27,710 [INFO] ThirdParty:841 - exiting critical section [change project]
2023-07-27 07:54:28,159 [INFO] PinOutPanel:1499 - setPackage(No Configuration,No Configuration)
2023-07-27 07:54:28,159 [INFO] PinOutPanel:1499 - setPackage(STM32F401RETx,LQFP64)
2023-07-27 07:54:28,742 [INFO] UtilMem:75 - Before build in PCC Used Memory: 565798672 Bytes (676331520)
2023-07-27 07:54:29,648 [INFO] UtilMem:75 - After build in PCC Used Memory: 597132376 Bytes (676331520)
2023-07-27 07:54:29,764 [INFO] ApiDbMcu:507 - Load IP Config File for FREERTOS
2023-07-27 07:54:29,781 [INFO] IPUIPlugin:80 - create IPUIPlugin
2023-07-27 07:54:29,781 [INFO] IPUIPlugin:80 - create IPUIPlugin
2023-07-27 07:54:29,781 [INFO] IPUIPlugin:80 - create IPUIPlugin
2023-07-27 07:54:29,781 [INFO] IPUIPlugin:80 - create IPUIPlugin
2023-07-27 07:54:29,781 [INFO] IPUIPlugin:80 - create IPUIPlugin
2023-07-27 07:54:29,781 [INFO] IPUIPlugin:80 - create IPUIPlugin
2023-07-27 07:54:29,781 [INFO] IPUIPlugin:80 - create IPUIPlugin
2023-07-27 07:54:29,781 [INFO] IPUIPlugin:80 - create IPUIPlugin
2023-07-27 07:54:29,781 [INFO] IPUIPlugin:80 - create IPUIPlugin
2023-07-27 07:54:29,781 [INFO] IPUIPlugin:80 - create IPUIPlugin
2023-07-27 07:54:29,781 [INFO] IPUIPlugin:80 - create IPUIPlugin
2023-07-27 07:54:29,781 [INFO] IPUIPlugin:80 - create IPUIPlugin
2023-07-27 07:54:29,781 [INFO] IPUIPlugin:80 - create IPUIPlugin
2023-07-27 07:54:29,781 [INFO] IPUIPlugin:80 - create IPUIPlugin
2023-07-27 07:54:29,781 [INFO] IPUIPlugin:80 - create IPUIPlugin
2023-07-27 07:54:29,781 [INFO] IPUIPlugin:80 - create IPUIPlugin
2023-07-27 07:54:29,781 [INFO] IPUIPlugin:80 - create IPUIPlugin
2023-07-27 07:54:29,781 [INFO] IPUIPlugin:80 - create IPUIPlugin
2023-07-27 07:54:29,781 [INFO] IPUIPlugin:80 - create IPUIPlugin
2023-07-27 07:54:29,781 [INFO] IPUIPlugin:80 - create IPUIPlugin
2023-07-27 07:54:29,781 [INFO] IPUIPlugin:80 - create IPUIPlugin
2023-07-27 07:54:29,781 [INFO] IPUIPlugin:80 - create IPUIPlugin
2023-07-27 07:54:29,781 [INFO] IPUIPlugin:80 - create IPUIPlugin
2023-07-27 07:54:29,781 [INFO] IPUIPlugin:80 - create IPUIPlugin
2023-07-27 07:54:29,781 [INFO] IPUIPlugin:80 - create IPUIPlugin
2023-07-27 07:54:29,781 [INFO] IPUIPlugin:80 - create IPUIPlugin
2023-07-27 07:54:29,781 [INFO] IPUIPlugin:80 - create IPUIPlugin
2023-07-27 07:54:29,781 [INFO] IPUIPlugin:80 - create IPUIPlugin
2023-07-27 07:54:29,781 [INFO] IPUIPlugin:80 - create IPUIPlugin
2023-07-27 07:54:29,781 [INFO] IPUIPlugin:80 - create IPUIPlugin
2023-07-27 07:54:29,781 [INFO] IPUIPlugin:80 - create IPUIPlugin
2023-07-27 07:54:29,781 [INFO] IPUIPlugin:80 - create IPUIPlugin
2023-07-27 07:54:29,781 [INFO] IPUIPlugin:80 - create IPUIPlugin
2023-07-27 07:54:29,781 [INFO] IPUIPlugin:80 - create IPUIPlugin
2023-07-27 07:54:29,792 [INFO] IPUIPlugin:80 - create IPUIPlugin
2023-07-27 07:54:29,792 [INFO] IPUIPlugin:80 - create IPUIPlugin
2023-07-27 07:54:29,792 [INFO] IPUIPlugin:80 - create IPUIPlugin
2023-07-27 07:54:29,792 [INFO] IPUIPlugin:80 - create IPUIPlugin
2023-07-27 07:54:29,814 [INFO] ApiDbMcu:507 - Load IP Config File for PDM2PCM
2023-07-27 07:54:29,847 [WARN] FreeRTOS:1023 - Null or empty value: should not occur! (nothing added to the table)
2023-07-27 07:54:30,057 [INFO] CADModel:165 - CPN selected for project levelSTM32F401RET6
2023-07-27 07:54:30,057 [INFO] CADModel:114 - Register for checkConnection events
2023-07-27 07:54:30,057 [INFO] RtosManager:697 - Active RTOS found at IOC load: FREERTOS [Cortex-M4NS]
2023-07-27 07:54:30,110 [INFO] OpenFileManager:328 - Restore cursor
2023-07-27 08:02:53,095 [INFO] NvicIntPanel:101 - NVIC parent = com.st.microxplorer.plugins.ip.nvic.MultiNvicIntPanel[,0,0,0x0,invalid,layout=javax.swing.BoxLayout,alignmentX=0.0,alignmentY=0.0,border=,flags=9,maximumSize=,minimumSize=,preferredSize=]
2023-07-27 08:56:51,772 [INFO] NvicIntPanel:101 - NVIC parent = com.st.microxplorer.plugins.ip.nvic.MultiNvicIntPanel[,0,0,0x0,invalid,layout=javax.swing.BoxLayout,alignmentX=0.0,alignmentY=0.0,border=,flags=9,maximumSize=,minimumSize=,preferredSize=]
2023-07-27 09:04:10,002 [ERROR] RtosPanel:558 - Can not restore the selected Tab for FREERTOS(A reason can be that the tab is no more available.)
2023-07-27 09:06:01,194 [INFO] TasksAndQueuesTab:757 - Dynamic
2023-07-27 09:06:01,197 [WARN] TasksAndQueuesTab:763 - 128 128
2023-07-27 09:06:01,197 [WARN] TasksAndQueuesTab:775 - max value is: 3840.0
2023-07-27 09:06:01,197 [INFO] TasksAndQueuesTab:757 - Dynamic
2023-07-27 09:06:01,197 [WARN] TasksAndQueuesTab:763 - 256 128
2023-07-27 09:06:01,197 [WARN] TasksAndQueuesTab:775 - max value is: 3840.0
2023-07-27 09:06:50,283 [INFO] EditThreadDialog:704 - RAM SIZE (in KB): 96
2023-07-27 09:06:50,283 [INFO] EditThreadDialog:706 - RAM SIZE (in words): 24576
2023-07-27 09:08:26,229 [INFO] TasksAndQueuesTab:757 - Dynamic
2023-07-27 09:08:26,229 [WARN] TasksAndQueuesTab:763 - 128 128
2023-07-27 09:08:26,229 [WARN] TasksAndQueuesTab:775 - max value is: 3840.0
2023-07-27 09:08:26,229 [INFO] TasksAndQueuesTab:757 - Dynamic
2023-07-27 09:08:26,229 [WARN] TasksAndQueuesTab:763 - 256 128
2023-07-27 09:08:26,229 [WARN] TasksAndQueuesTab:775 - max value is: 3840.0
2023-07-27 09:08:26,229 [INFO] TasksAndQueuesTab:757 - Dynamic
2023-07-27 09:08:26,229 [WARN] TasksAndQueuesTab:763 - 128 128
2023-07-27 09:08:26,229 [WARN] TasksAndQueuesTab:775 - max value is: 3840.0
2023-07-27 09:09:15,384 [INFO] TasksAndQueuesTab:757 - Dynamic
2023-07-27 09:09:15,384 [WARN] TasksAndQueuesTab:763 - 128 128
2023-07-27 09:09:15,384 [WARN] TasksAndQueuesTab:775 - max value is: 3840.0
2023-07-27 09:09:15,384 [INFO] TasksAndQueuesTab:757 - Dynamic
2023-07-27 09:09:15,384 [WARN] TasksAndQueuesTab:763 - 256 128
2023-07-27 09:09:15,384 [WARN] TasksAndQueuesTab:775 - max value is: 3840.0
2023-07-27 09:09:15,384 [INFO] TasksAndQueuesTab:757 - Dynamic
2023-07-27 09:09:15,384 [WARN] TasksAndQueuesTab:763 - 128 128
2023-07-27 09:09:15,384 [WARN] TasksAndQueuesTab:775 - max value is: 3840.0
2023-07-27 09:09:24,039 [INFO] TasksAndQueuesTab:757 - Dynamic
2023-07-27 09:09:24,040 [WARN] TasksAndQueuesTab:763 - 128 128
2023-07-27 09:09:24,040 [WARN] TasksAndQueuesTab:775 - max value is: 3840.0
2023-07-27 09:09:24,040 [INFO] TasksAndQueuesTab:757 - Dynamic
2023-07-27 09:09:24,040 [WARN] TasksAndQueuesTab:763 - 256 128
2023-07-27 09:09:24,040 [WARN] TasksAndQueuesTab:775 - max value is: 3840.0
2023-07-27 09:09:24,040 [INFO] TasksAndQueuesTab:757 - Dynamic
2023-07-27 09:09:24,040 [WARN] TasksAndQueuesTab:763 - 128 128
2023-07-27 09:09:24,040 [WARN] TasksAndQueuesTab:775 - max value is: 3840.0
2023-07-27 09:12:53,617 [INFO] TasksAndQueuesTab:757 - Dynamic
2023-07-27 09:12:53,617 [WARN] TasksAndQueuesTab:763 - 128 128
2023-07-27 09:12:53,617 [WARN] TasksAndQueuesTab:775 - max value is: 3840.0
2023-07-27 09:12:53,617 [INFO] TasksAndQueuesTab:757 - Dynamic
2023-07-27 09:12:53,617 [WARN] TasksAndQueuesTab:763 - 256 128
2023-07-27 09:12:53,617 [WARN] TasksAndQueuesTab:775 - max value is: 3840.0
2023-07-27 09:12:53,617 [INFO] TasksAndQueuesTab:757 - Dynamic
2023-07-27 09:12:53,617 [WARN] TasksAndQueuesTab:763 - 128 128
2023-07-27 09:12:53,617 [WARN] TasksAndQueuesTab:775 - max value is: 3840.0
2023-07-27 09:13:01,568 [INFO] EditThreadDialog:704 - RAM SIZE (in KB): 96
2023-07-27 09:13:01,568 [INFO] EditThreadDialog:706 - RAM SIZE (in words): 24576
2023-07-27 09:13:49,398 [INFO] EditThreadDialog:704 - RAM SIZE (in KB): 96
2023-07-27 09:13:49,398 [INFO] EditThreadDialog:706 - RAM SIZE (in words): 24576
2023-07-27 09:13:59,578 [INFO] TasksAndQueuesTab:757 - Dynamic
2023-07-27 09:13:59,579 [WARN] TasksAndQueuesTab:763 - 128 128
2023-07-27 09:13:59,579 [WARN] TasksAndQueuesTab:775 - max value is: 3840.0
2023-07-27 09:13:59,579 [INFO] TasksAndQueuesTab:757 - Dynamic
2023-07-27 09:13:59,579 [WARN] TasksAndQueuesTab:763 - 256 128
2023-07-27 09:13:59,579 [WARN] TasksAndQueuesTab:775 - max value is: 3840.0
2023-07-27 09:13:59,579 [INFO] TasksAndQueuesTab:757 - Dynamic
2023-07-27 09:13:59,579 [WARN] TasksAndQueuesTab:763 - 128 128
2023-07-27 09:13:59,579 [WARN] TasksAndQueuesTab:775 - max value is: 3840.0
2023-07-27 09:14:17,676 [INFO] TasksAndQueuesTab:757 - Dynamic
2023-07-27 09:14:17,677 [WARN] TasksAndQueuesTab:763 - 128 128
2023-07-27 09:14:17,677 [WARN] TasksAndQueuesTab:775 - max value is: 3840.0
2023-07-27 09:14:17,677 [INFO] TasksAndQueuesTab:757 - Dynamic
2023-07-27 09:14:17,677 [WARN] TasksAndQueuesTab:763 - 256 128
2023-07-27 09:14:17,677 [WARN] TasksAndQueuesTab:775 - max value is: 3840.0
2023-07-27 09:14:17,677 [INFO] TasksAndQueuesTab:757 - Dynamic
2023-07-27 09:14:17,677 [WARN] TasksAndQueuesTab:763 - 128 128
2023-07-27 09:14:17,677 [WARN] TasksAndQueuesTab:775 - max value is: 3840.0
2023-07-27 09:14:36,511 [INFO] TasksAndQueuesTab:757 - Dynamic
2023-07-27 09:14:36,511 [WARN] TasksAndQueuesTab:763 - 128 128
2023-07-27 09:14:36,511 [WARN] TasksAndQueuesTab:775 - max value is: 3840.0
2023-07-27 09:14:36,511 [INFO] TasksAndQueuesTab:757 - Dynamic
2023-07-27 09:14:36,511 [WARN] TasksAndQueuesTab:763 - 256 128
2023-07-27 09:14:36,511 [WARN] TasksAndQueuesTab:775 - max value is: 3840.0
2023-07-27 09:14:36,511 [INFO] TasksAndQueuesTab:757 - Dynamic
2023-07-27 09:14:36,511 [WARN] TasksAndQueuesTab:763 - 128 128
2023-07-27 09:14:36,512 [WARN] TasksAndQueuesTab:775 - max value is: 3840.0
2023-07-27 09:16:08,990 [INFO] TasksAndQueuesTab:757 - Dynamic
2023-07-27 09:16:08,990 [WARN] TasksAndQueuesTab:763 - 128 128
2023-07-27 09:16:08,990 [WARN] TasksAndQueuesTab:775 - max value is: 3840.0
2023-07-27 09:16:08,990 [INFO] TasksAndQueuesTab:757 - Dynamic
2023-07-27 09:16:08,990 [WARN] TasksAndQueuesTab:763 - 256 128
2023-07-27 09:16:08,990 [WARN] TasksAndQueuesTab:775 - max value is: 3840.0
2023-07-27 09:16:08,990 [INFO] TasksAndQueuesTab:757 - Dynamic
2023-07-27 09:16:08,990 [WARN] TasksAndQueuesTab:763 - 128 128
2023-07-27 09:16:08,990 [WARN] TasksAndQueuesTab:775 - max value is: 3840.0
2023-07-27 09:17:30,837 [INFO] TasksAndQueuesTab:757 - Dynamic
2023-07-27 09:17:30,838 [WARN] TasksAndQueuesTab:763 - 128 128
2023-07-27 09:17:30,838 [WARN] TasksAndQueuesTab:775 - max value is: 3840.0
2023-07-27 09:17:30,838 [INFO] TasksAndQueuesTab:757 - Dynamic
2023-07-27 09:17:30,839 [WARN] TasksAndQueuesTab:763 - 256 128
2023-07-27 09:17:30,839 [WARN] TasksAndQueuesTab:775 - max value is: 3840.0
2023-07-27 09:17:30,839 [INFO] TasksAndQueuesTab:757 - Dynamic
2023-07-27 09:17:30,839 [WARN] TasksAndQueuesTab:763 - 128 128
2023-07-27 09:17:30,839 [WARN] TasksAndQueuesTab:775 - max value is: 3840.0
2023-07-27 09:25:54,173 [INFO] UtilMem:75 - End SaveConfig() Used Memory: 594618424 Bytes (676331520)
2023-07-27 09:25:56,854 [INFO] UtilMem:75 - End SaveConfig() Used Memory: 562222768 Bytes (676331520)
2023-07-27 09:25:59,048 [INFO] UtilMem:75 - End SaveConfig() Used Memory: 602594992 Bytes (676331520)
2023-07-27 09:26:02,767 [INFO] BlockDiagram:2759 - set Specific Code input for plugin: RTC
2023-07-27 09:26:02,767 [INFO] BlockDiagram:2759 - set Specific Code input for plugin: NVIC
2023-07-27 09:26:02,767 [INFO] BlockDiagram:2759 - set Specific Code input for plugin: FREERTOS
2023-07-27 09:26:02,767 [INFO] BlockDiagram:2759 - set Specific Code input for plugin: USART
2023-07-27 09:26:02,767 [INFO] BlockDiagram:2759 - set Specific Code input for plugin: USART
2023-07-27 09:26:02,767 [INFO] BlockDiagram:2759 - set Specific Code input for plugin: TIM1_8
2023-07-27 09:26:02,767 [INFO] BlockDiagram:2759 - set Specific Code input for plugin: TIM1_8
2023-07-27 09:26:02,767 [INFO] BlockDiagram:2759 - set Specific Code input for plugin: SYS
2023-07-27 09:26:02,768 [INFO] BlockDiagram:2759 - set Specific Code input for plugin: GPIO
2023-07-27 09:26:02,768 [INFO] BlockDiagram:2759 - set Specific Code input for plugin: RCC
2023-07-27 09:26:02,795 [INFO] CodeGenerator:793 - code generatio: config db path: C:\ST\STM32CubeIDE_1.12.0\STM32CubeIDE\plugins\com.st.stm32cube.common.mx_6.8.0.202302231600\\db\
2023-07-27 09:26:03,265 [INFO] CodeEngine:255 - oldGeneratedFile, D:\ST\git\STM32-NucleoF401RE\TEST001\MXTmpFiles\license.tmp_save
2023-07-27 09:26:03,818 [INFO] CodeEngine:279 - Generated code: D:\ST\git\STM32-NucleoF401RE\TEST001\MXTmpFiles\license.tmp
2023-07-27 09:26:03,886 [INFO] CodeEngine:255 - oldGeneratedFile, D:\ST\git\STM32-NucleoF401RE\TEST001\MXTmpFiles\gpio.tmp_save
2023-07-27 09:26:04,076 [INFO] CodeEngine:279 - Generated code: D:\ST\git\STM32-NucleoF401RE\TEST001\MXTmpFiles\gpio.tmp
2023-07-27 09:26:04,496 [INFO] Middleware:1439 - No code input for Bsp Dependency
2023-07-27 09:26:04,518 [INFO] CodeEngine:255 - oldGeneratedFile, D:\ST\git\STM32-NucleoF401RE\TEST001\MXTmpFiles\rtos_inc.tmp_save
2023-07-27 09:26:04,661 [INFO] CodeEngine:279 - Generated code: D:\ST\git\STM32-NucleoF401RE\TEST001\MXTmpFiles\rtos_inc.tmp
2023-07-27 09:26:04,662 [INFO] CodeEngine:255 - oldGeneratedFile, D:\ST\git\STM32-NucleoF401RE\TEST001\MXTmpFiles\rtos_kernelInit.tmp_save
2023-07-27 09:26:04,791 [INFO] CodeEngine:279 - Generated code: D:\ST\git\STM32-NucleoF401RE\TEST001\MXTmpFiles\rtos_kernelInit.tmp
2023-07-27 09:26:04,795 [INFO] CodeEngine:255 - oldGeneratedFile, D:\ST\git\STM32-NucleoF401RE\TEST001\MXTmpFiles\rtos_kernelStart.tmp_save
2023-07-27 09:26:04,914 [INFO] CodeEngine:279 - Generated code: D:\ST\git\STM32-NucleoF401RE\TEST001\MXTmpFiles\rtos_kernelStart.tmp
2023-07-27 09:26:04,926 [INFO] CodeEngine:255 - oldGeneratedFile, D:\ST\git\STM32-NucleoF401RE\TEST001\MXTmpFiles\rtos_typedefs.tmp_save
2023-07-27 09:26:05,026 [INFO] CodeEngine:279 - Generated code: D:\ST\git\STM32-NucleoF401RE\TEST001\MXTmpFiles\rtos_typedefs.tmp
2023-07-27 09:26:05,042 [INFO] CodeEngine:255 - oldGeneratedFile, D:\ST\git\STM32-NucleoF401RE\TEST001\MXTmpFiles\rtos_vars.tmp_save
2023-07-27 09:26:05,164 [INFO] CodeEngine:279 - Generated code: D:\ST\git\STM32-NucleoF401RE\TEST001\MXTmpFiles\rtos_vars.tmp
2023-07-27 09:26:05,176 [INFO] CodeEngine:255 - oldGeneratedFile, D:\ST\git\STM32-NucleoF401RE\TEST001\MXTmpFiles\rtos_pfp.tmp_save
2023-07-27 09:26:05,276 [INFO] CodeEngine:279 - Generated code: D:\ST\git\STM32-NucleoF401RE\TEST001\MXTmpFiles\rtos_pfp.tmp
2023-07-27 09:26:05,282 [INFO] CodeEngine:255 - oldGeneratedFile, D:\ST\git\STM32-NucleoF401RE\TEST001\MXTmpFiles\rtos_obj_creat.tmp_save
2023-07-27 09:26:05,368 [INFO] CodeEngine:279 - Generated code: D:\ST\git\STM32-NucleoF401RE\TEST001\MXTmpFiles\rtos_obj_creat.tmp
2023-07-27 09:26:05,375 [INFO] CodeEngine:255 - oldGeneratedFile, D:\ST\git\STM32-NucleoF401RE\TEST001\MXTmpFiles\rtos_default_thread.tmp_save
2023-07-27 09:26:05,435 [INFO] CodeEngine:279 - Generated code: D:\ST\git\STM32-NucleoF401RE\TEST001\MXTmpFiles\rtos_default_thread.tmp
2023-07-27 09:26:05,442 [INFO] CodeEngine:255 - oldGeneratedFile, D:\ST\git\STM32-NucleoF401RE\TEST001\MXTmpFiles\rtos_threads.tmp_save
2023-07-27 09:26:05,502 [INFO] CodeEngine:279 - Generated code: D:\ST\git\STM32-NucleoF401RE\TEST001\MXTmpFiles\rtos_threads.tmp
2023-07-27 09:26:05,509 [INFO] Middleware:1439 - No code input for Bsp Dependency
2023-07-27 09:26:05,519 [INFO] CodeEngine:255 - oldGeneratedFile, D:\ST\git\STM32-NucleoF401RE\TEST001\MXTmpFiles\rtos_inc.tmp_save
2023-07-27 09:26:05,575 [INFO] CodeEngine:279 - Generated code: D:\ST\git\STM32-NucleoF401RE\TEST001\MXTmpFiles\rtos_inc.tmp
2023-07-27 09:26:05,585 [INFO] CodeEngine:255 - oldGeneratedFile, D:\ST\git\STM32-NucleoF401RE\TEST001\MXTmpFiles\rtos_kernelInit.tmp_save
2023-07-27 09:26:05,626 [INFO] CodeEngine:279 - Generated code: D:\ST\git\STM32-NucleoF401RE\TEST001\MXTmpFiles\rtos_kernelInit.tmp
2023-07-27 09:26:05,626 [INFO] CodeEngine:255 - oldGeneratedFile, D:\ST\git\STM32-NucleoF401RE\TEST001\MXTmpFiles\rtos_kernelStart.tmp_save
2023-07-27 09:26:05,658 [INFO] CodeEngine:279 - Generated code: D:\ST\git\STM32-NucleoF401RE\TEST001\MXTmpFiles\rtos_kernelStart.tmp
2023-07-27 09:26:05,692 [INFO] CodeEngine:255 - oldGeneratedFile, D:\ST\git\STM32-NucleoF401RE\TEST001\MXTmpFiles\rtos_typedefs.tmp_save
2023-07-27 09:26:05,725 [INFO] CodeEngine:279 - Generated code: D:\ST\git\STM32-NucleoF401RE\TEST001\MXTmpFiles\rtos_typedefs.tmp
2023-07-27 09:26:05,741 [INFO] CodeEngine:255 - oldGeneratedFile, D:\ST\git\STM32-NucleoF401RE\TEST001\MXTmpFiles\rtos_vars.tmp_save
2023-07-27 09:26:05,794 [INFO] CodeEngine:279 - Generated code: D:\ST\git\STM32-NucleoF401RE\TEST001\MXTmpFiles\rtos_vars.tmp
2023-07-27 09:26:05,794 [INFO] CodeEngine:255 - oldGeneratedFile, D:\ST\git\STM32-NucleoF401RE\TEST001\MXTmpFiles\rtos_pfp.tmp_save
2023-07-27 09:26:05,835 [INFO] CodeEngine:279 - Generated code: D:\ST\git\STM32-NucleoF401RE\TEST001\MXTmpFiles\rtos_pfp.tmp
2023-07-27 09:26:05,841 [INFO] CodeEngine:255 - oldGeneratedFile, D:\ST\git\STM32-NucleoF401RE\TEST001\MXTmpFiles\rtos_obj_creat.tmp_save
2023-07-27 09:26:05,885 [INFO] CodeEngine:279 - Generated code: D:\ST\git\STM32-NucleoF401RE\TEST001\MXTmpFiles\rtos_obj_creat.tmp
2023-07-27 09:26:05,893 [INFO] CodeEngine:255 - oldGeneratedFile, D:\ST\git\STM32-NucleoF401RE\TEST001\MXTmpFiles\rtos_default_thread.tmp_save
2023-07-27 09:26:05,925 [INFO] CodeEngine:279 - Generated code: D:\ST\git\STM32-NucleoF401RE\TEST001\MXTmpFiles\rtos_default_thread.tmp
2023-07-27 09:26:05,935 [INFO] CodeEngine:255 - oldGeneratedFile, D:\ST\git\STM32-NucleoF401RE\TEST001\MXTmpFiles\rtos_threads.tmp_save
2023-07-27 09:26:05,985 [INFO] CodeEngine:279 - Generated code: D:\ST\git\STM32-NucleoF401RE\TEST001\MXTmpFiles\rtos_threads.tmp
2023-07-27 09:26:06,008 [INFO] CodeEngine:255 - oldGeneratedFile, D:\ST\git\STM32-NucleoF401RE\TEST001\Core\Inc\FreeRTOSConfig.h_save
2023-07-27 09:26:06,178 [INFO] CodeEngine:279 - Generated code: D:\ST\git\STM32-NucleoF401RE\TEST001\Core\Inc\FreeRTOSConfig.h
2023-07-27 09:26:06,202 [INFO] CodeEngine:255 - oldGeneratedFile, D:\ST\git\STM32-NucleoF401RE\TEST001\Core\Src\freertos.c_save
2023-07-27 09:26:06,384 [INFO] CodeEngine:279 - Generated code: D:\ST\git\STM32-NucleoF401RE\TEST001\Core\Src\freertos.c
2023-07-27 09:26:06,432 [INFO] CodeEngine:255 - oldGeneratedFile, D:\ST\git\STM32-NucleoF401RE\TEST001\Core\Src\stm32f4xx_it.c_save
2023-07-27 09:26:06,603 [INFO] CodeEngine:279 - Generated code: D:\ST\git\STM32-NucleoF401RE\TEST001\Core\Src\stm32f4xx_it.c
2023-07-27 09:26:06,608 [INFO] CodeEngine:255 - oldGeneratedFile, D:\ST\git\STM32-NucleoF401RE\TEST001\Core\Inc\stm32f4xx_it.h_save
2023-07-27 09:26:06,710 [INFO] CodeEngine:279 - Generated code: D:\ST\git\STM32-NucleoF401RE\TEST001\Core\Inc\stm32f4xx_it.h
2023-07-27 09:26:06,735 [INFO] CodeEngine:255 - oldGeneratedFile, D:\ST\git\STM32-NucleoF401RE\TEST001\Core\Src\stm32f4xx_hal_msp.c_save
2023-07-27 09:26:06,908 [INFO] CodeEngine:279 - Generated code: D:\ST\git\STM32-NucleoF401RE\TEST001\Core\Src\stm32f4xx_hal_msp.c
2023-07-27 09:26:06,924 [INFO] CodeEngine:255 - oldGeneratedFile, D:\ST\git\STM32-NucleoF401RE\TEST001\MXTmpFiles\system.tmp_save
2023-07-27 09:26:06,974 [INFO] CodeEngine:279 - Generated code: D:\ST\git\STM32-NucleoF401RE\TEST001\MXTmpFiles\system.tmp
2023-07-27 09:26:06,991 [INFO] CodeEngine:255 - oldGeneratedFile, D:\ST\git\STM32-NucleoF401RE\TEST001\Core\Src\stm32f4xx_hal_timebase_tim.c_save
2023-07-27 09:26:07,107 [INFO] CodeEngine:279 - Generated code: D:\ST\git\STM32-NucleoF401RE\TEST001\Core\Src\stm32f4xx_hal_timebase_tim.c
2023-07-27 09:26:07,134 [INFO] CodeEngine:311 - oldGeneratedFile, D:\ST\git\STM32-NucleoF401RE\TEST001\Core\Inc\stm32f4xx_hal_conf.h_save
2023-07-27 09:26:07,234 [INFO] CodeEngine:335 - Generated code: D:\ST\git\STM32-NucleoF401RE\TEST001\Core\Inc\stm32f4xx_hal_conf.h
2023-07-27 09:26:07,290 [WARN] IPConfigManager:3431 - IP not found : TIM
2023-07-27 09:26:07,291 [WARN] CodeGenerator:3754 - IP not found : null
2023-07-27 09:26:07,309 [INFO] CodeEngine:255 - oldGeneratedFile, D:\ST\git\STM32-NucleoF401RE\TEST001\Core\Inc\main.h_save
2023-07-27 09:26:07,449 [INFO] CodeEngine:279 - Generated code: D:\ST\git\STM32-NucleoF401RE\TEST001\Core\Inc\main.h
2023-07-27 09:26:07,474 [INFO] CodeEngine:255 - oldGeneratedFile, D:\ST\git\STM32-NucleoF401RE\TEST001\Core\Src\main.c_save
2023-07-27 09:26:07,773 [INFO] CodeEngine:279 - Generated code: D:\ST\git\STM32-NucleoF401RE\TEST001\Core\Src\main.c
2023-07-27 09:26:08,958 [INFO] ProjectBuilder:2996 - Time for Copy HAL[1] : 601mS.
2023-07-27 09:26:08,973 [INFO] ProjectBuilder:4304 - Project Generator version: 3.19.2
2023-07-27 09:26:09,301 [INFO] ConfigFileManager:1483 - The Die is : DIE433
2023-07-27 09:26:09,316 [INFO] ApiDbMcu:507 - Load IP Config File for FATFS
2023-07-27 09:26:09,333 [INFO] ApiDbMcu:507 - Load IP Config File for LIBJPEG
2023-07-27 09:26:09,383 [INFO] ApiDbMcu:507 - Load IP Config File for MBEDTLS
2023-07-27 09:26:09,422 [INFO] ApiDbMcu:507 - Load IP Config File for USB_DEVICE
2023-07-27 09:26:09,439 [INFO] ApiDbMcu:507 - Load IP Config File for USB_HOST
2023-07-27 09:26:10,721 [INFO] LogOutputStream:77 - [STDOUT_REDIRECT] 
2023-07-27 09:26:14,826 [INFO] ProjectBuilder:4505 - Time for Generating toolchain IDE Files: 5853mS.
2023-07-27 09:26:14,829 [INFO] ProjectBuilder:2867 - Time for Copy CMSIS : 3mS.
2023-07-27 09:26:14,829 [INFO] ProjectBuilder:2867 - Time for Copy CMSIS : 0mS.
2023-07-27 16:32:34,745 [INFO] Activator:176 - 


2023-07-27 16:32:34,745 [INFO] Activator:177 - !SESSION log4j initialized
2023-07-27 16:32:40,184 [INFO] LogOutputStream:77 - [STDOUT_REDIRECT] 
2023-07-27 16:33:01,876 [ERROR] LogOutputStream:75 - [STDERR_REDIRECT] SLF4J: Failed to load class "org.slf4j.impl.StaticLoggerBinder".
2023-07-27 16:33:01,876 [ERROR] LogOutputStream:75 - [STDERR_REDIRECT] SLF4J: Defaulting to no-operation (NOP) logger implementation
2023-07-27 16:33:01,876 [ERROR] LogOutputStream:75 - [STDERR_REDIRECT] SLF4J: See http://www.slf4j.org/codes.html#StaticLoggerBinder for further details.
2023-07-27 16:41:30,761 [INFO] Activator:176 - 


2023-07-27 16:41:30,761 [INFO] Activator:177 - !SESSION log4j initialized
2023-07-27 16:41:33,916 [INFO] LogOutputStream:77 - [STDOUT_REDIRECT] 
2023-07-27 16:41:55,251 [ERROR] LogOutputStream:75 - [STDERR_REDIRECT] SLF4J: Failed to load class "org.slf4j.impl.StaticLoggerBinder".
2023-07-27 16:41:55,251 [ERROR] LogOutputStream:75 - [STDERR_REDIRECT] SLF4J: Defaulting to no-operation (NOP) logger implementation
2023-07-27 16:41:55,251 [ERROR] LogOutputStream:75 - [STDERR_REDIRECT] SLF4J: See http://www.slf4j.org/codes.html#StaticLoggerBinder for further details.
