2023-08-10 07:40:04,990 [INFO] Activator:176 - 


2023-08-10 07:40:05,026 [INFO] Activator:177 - !SESSION log4j initialized
2023-08-10 07:40:09,834 [INFO] LogOutputStream:77 - [STDOUT_REDIRECT] 
2023-08-10 07:40:35,072 [ERROR] LogOutputStream:75 - [STDERR_REDIRECT] SLF4J: Failed to load class "org.slf4j.impl.StaticLoggerBinder".
2023-08-10 07:40:35,072 [ERROR] LogOutputStream:75 - [STDERR_REDIRECT] SLF4J: Defaulting to no-operation (NOP) logger implementation
2023-08-10 07:40:35,072 [ERROR] LogOutputStream:75 - [STDERR_REDIRECT] SLF4J: See http://www.slf4j.org/codes.html#StaticLoggerBinder for further details.
2023-08-10 07:50:11,530 [INFO] ApplicationProperties:184 - Using Application install path: C:\ST\STM32CubeIDE_1.12.0\STM32CubeIDE\plugins\com.st.stm32cube.common.mx_6.8.0.202302231600
2023-08-10 07:50:11,552 [INFO] DbMcusXml:78 - Set database path to: C:\ST\STM32CubeIDE_1.12.0\STM32CubeIDE\plugins\com.st.stm32cube.common.mx_6.8.0.202302231600\\db\/mcu/
2023-08-10 07:50:11,552 [INFO] ApiDb:274 - Set plugin database path to: C:\ST\STM32CubeIDE_1.12.0\STM32CubeIDE\plugins\com.st.stm32cube.common.mx_6.8.0.202302231600\\db\/plugins/boardmanager/
2023-08-10 07:50:11,552 [WARN] ApiDb:259 - Overriding images path with different value:  => C:\ST\STM32CubeIDE_1.12.0\STM32CubeIDE\plugins\com.st.stm32cube.common.mx_6.8.0.202302231600\\db\/plugins/mcufinder/images/
2023-08-10 07:50:11,569 [INFO] ApiDb:250 - Set database path to: C:\Users\nosak\.stmcufinder\plugins\mcufinder//mcu/
2023-08-10 07:50:11,579 [INFO] DbMcusAds:125 - Set database path to: C:\Users\nosak\.stmcufinder\plugins\mcufinder//mcu/
2023-08-10 07:50:11,695 [INFO] CrossReferenceDbSqlite:203 - Set database path to: C:\Users\nosak\.stmcufinder\plugins\mcufinder//mcu/cs/
2023-08-10 07:50:11,819 [INFO] RulesReader:64 - Compatibility file has been processed (293 Rules)
2023-08-10 07:50:11,920 [INFO] DbMcusXml:78 - Set database path to: C:\ST\STM32CubeIDE_1.12.0\STM32CubeIDE\plugins\com.st.stm32cube.common.mx_6.8.0.202302231600\\db\/mcu/
2023-08-10 07:50:11,920 [INFO] ApiDb:274 - Set plugin database path to: C:\ST\STM32CubeIDE_1.12.0\STM32CubeIDE\plugins\com.st.stm32cube.common.mx_6.8.0.202302231600\\db\/plugins/boardmanager/
2023-08-10 07:50:11,920 [INFO] ApiDb:261 - Set plugin images path to: C:\ST\STM32CubeIDE_1.12.0\STM32CubeIDE\plugins\com.st.stm32cube.common.mx_6.8.0.202302231600\\db\/plugins/mcufinder/images/
2023-08-10 07:50:11,920 [WARN] DbFile:41 - Overriding database path with different value: C:\Users\nosak\.stmcufinder\plugins\mcufinder/ => C:\Users\nosak\.stmcufinder\plugins\mcufinder
2023-08-10 07:50:11,920 [INFO] ApiDb:250 - Set database path to: C:\Users\nosak\.stmcufinder\plugins\mcufinder//mcu/
2023-08-10 07:50:11,920 [WARN] DbFile:41 - Overriding database path with different value: C:\Users\nosak\.stmcufinder\plugins\mcufinder/ => C:\Users\nosak\.stmcufinder\plugins\mcufinder
2023-08-10 07:50:11,920 [INFO] DbMcusAds:125 - Set database path to: C:\Users\nosak\.stmcufinder\plugins\mcufinder//mcu/
2023-08-10 07:50:11,920 [WARN] DbFile:41 - Overriding database path with different value: C:\Users\nosak\.stmcufinder\plugins\mcufinder/ => C:\Users\nosak\.stmcufinder\plugins\mcufinder
2023-08-10 07:50:11,920 [WARN] DbFile:41 - Overriding database path with different value: C:\Users\nosak\.stmcufinder\plugins\mcufinder/ => C:\Users\nosak\.stmcufinder\plugins\mcufinder
2023-08-10 07:50:11,920 [INFO] CrossReferenceDbSqlite:203 - Set database path to: C:\Users\nosak\.stmcufinder\plugins\mcufinder//mcu/cs/
2023-08-10 07:50:12,015 [INFO] MainPanel:253 - HeapMemory: 606076928
2023-08-10 07:50:12,119 [INFO] DbMcusXml:78 - Set database path to: C:\ST\STM32CubeIDE_1.12.0\STM32CubeIDE\plugins\com.st.stm32cube.common.mx_6.8.0.202302231600\\db\/mcu/
2023-08-10 07:50:12,119 [INFO] ApiDb:274 - Set plugin database path to: C:\ST\STM32CubeIDE_1.12.0\STM32CubeIDE\plugins\com.st.stm32cube.common.mx_6.8.0.202302231600\\db\/plugins/boardmanager/
2023-08-10 07:50:12,119 [INFO] ApiDb:261 - Set plugin images path to: C:\ST\STM32CubeIDE_1.12.0\STM32CubeIDE\plugins\com.st.stm32cube.common.mx_6.8.0.202302231600\\db\/plugins/mcufinder/images/
2023-08-10 07:50:12,119 [WARN] DbFile:41 - Overriding database path with different value: C:\Users\nosak\.stmcufinder\plugins\mcufinder/ => C:\Users\nosak\.stmcufinder\plugins\mcufinder
2023-08-10 07:50:12,119 [INFO] ApiDb:250 - Set database path to: C:\Users\nosak\.stmcufinder\plugins\mcufinder//mcu/
2023-08-10 07:50:12,119 [WARN] DbFile:41 - Overriding database path with different value: C:\Users\nosak\.stmcufinder\plugins\mcufinder/ => C:\Users\nosak\.stmcufinder\plugins\mcufinder
2023-08-10 07:50:12,119 [INFO] DbMcusAds:125 - Set database path to: C:\Users\nosak\.stmcufinder\plugins\mcufinder//mcu/
2023-08-10 07:50:12,119 [WARN] DbFile:41 - Overriding database path with different value: C:\Users\nosak\.stmcufinder\plugins\mcufinder/ => C:\Users\nosak\.stmcufinder\plugins\mcufinder
2023-08-10 07:50:12,119 [WARN] DbFile:41 - Overriding database path with different value: C:\Users\nosak\.stmcufinder\plugins\mcufinder/ => C:\Users\nosak\.stmcufinder\plugins\mcufinder
2023-08-10 07:50:12,119 [INFO] CrossReferenceDbSqlite:203 - Set database path to: C:\Users\nosak\.stmcufinder\plugins\mcufinder//mcu/cs/
2023-08-10 07:50:12,146 [INFO] ApplicationProperties:184 - Using Application install path: C:\ST\STM32CubeIDE_1.12.0\STM32CubeIDE\plugins\com.st.stm32cube.common.mx_6.8.0.202302231600
2023-08-10 07:50:12,146 [INFO] PluginManage:196 - Search for loadable plugins [exclusion list=, ]
2023-08-10 07:50:12,146 [INFO] PluginManage:310 - Check plugin analytics
2023-08-10 07:50:12,353 [INFO] AnalyticsPlugin:253 - Accepted Software Licenses: STM32CubeMX.6.8.0
2023-08-10 07:50:12,353 [INFO] AnalyticsPlugin:255 - Accepted CMSIS Pack Licenses: 
2023-08-10 07:50:12,353 [INFO] AnalyticsPlugin:257 - Accepted Firmware Licenses: 
2023-08-10 07:50:12,353 [INFO] PluginManage:359 - Loaded plugin analytics (category:tool,tabindex:-1)
2023-08-10 07:50:12,353 [INFO] PluginManage:310 - Check plugin cadmodel
2023-08-10 07:50:12,379 [INFO] CADModel:105 - Init CAD model plugin
2023-08-10 07:50:12,379 [INFO] PluginManage:359 - Loaded plugin cadmodel (category:power,tabindex:5)
2023-08-10 07:50:12,379 [INFO] PluginManage:310 - Check plugin clock
2023-08-10 07:50:12,402 [INFO] PluginManage:359 - Loaded plugin clock (category:base,tabindex:2)
2023-08-10 07:50:12,402 [INFO] PluginManage:310 - Check plugin ddr
2023-08-10 07:50:12,402 [INFO] PluginManage:359 - Loaded plugin ddr (category:tool,tabindex:6)
2023-08-10 07:50:12,402 [INFO] PluginManage:310 - Check plugin filemanager
2023-08-10 07:50:12,546 [INFO] PluginManage:359 - Loaded plugin filemanager (category:base,tabindex:10)
2023-08-10 07:50:12,546 [INFO] PluginManage:310 - Check plugin ipmanager
2023-08-10 07:50:12,552 [INFO] PluginManage:359 - Loaded plugin ipmanager (category:base,tabindex:5)
2023-08-10 07:50:12,552 [INFO] PluginManage:310 - Check plugin lpbam
2023-08-10 07:50:12,579 [INFO] PluginManage:359 - Loaded plugin lpbam (category:base,tabindex:0)
2023-08-10 07:50:12,579 [INFO] PluginManage:310 - Check plugin pinoutandconfiguration
2023-08-10 07:50:12,595 [INFO] PluginManage:359 - Loaded plugin pinoutandconfiguration (category:base,tabindex:1)
2023-08-10 07:50:12,595 [INFO] PluginManage:310 - Check plugin pinoutconfig
2023-08-10 07:50:12,719 [WARN] SupportedApi:132 - Cannot load RTOS API schema: s4s-elt-must-match.1: The content of 'definitions' must match (annotation?, (simpleType | complexType)?, (unique | key | keyref)*)). A problem was found starting at: attribute.
2023-08-10 07:50:12,852 [INFO] PluginManage:359 - Loaded plugin pinoutconfig (category:base,tabindex:0)
2023-08-10 07:50:12,852 [INFO] PluginManage:310 - Check plugin power
2023-08-10 07:50:12,868 [INFO] PluginManage:359 - Loaded plugin power (category:power,tabindex:4)
2023-08-10 07:50:12,868 [INFO] PluginManage:310 - Check plugin projectmanager
2023-08-10 07:50:12,885 [INFO] PluginManage:359 - Loaded plugin projectmanager (category:projectmanager,tabindex:3)
2023-08-10 07:50:12,885 [INFO] PluginManage:310 - Check plugin thirdparty
2023-08-10 07:50:13,118 [INFO] PluginManage:359 - Loaded plugin thirdparty (category:base,tabindex:-1)
2023-08-10 07:50:13,118 [INFO] PluginManage:310 - Check plugin tools
2023-08-10 07:50:13,118 [WARN] IntegrityCheckThread:84 - waiting for thirdparty lock release [integrity check]
2023-08-10 07:50:13,118 [INFO] IntegrityCheckThread:86 - entering critical section [integrity check]
2023-08-10 07:50:13,128 [INFO] ThirdPartyUpdaterWithRetryManager:70 - Updater plugin not ready yet. [1/15]
2023-08-10 07:50:13,128 [INFO] PluginManage:359 - Loaded plugin tools (category:base,tabindex:7)
2023-08-10 07:50:13,128 [INFO] PluginManage:310 - Check plugin tutovideos
2023-08-10 07:50:13,378 [INFO] PluginManage:359 - Loaded plugin tutovideos (category:base,tabindex:-1)
2023-08-10 07:50:13,378 [INFO] PluginManage:310 - Check plugin updater
2023-08-10 07:50:13,397 [INFO] PluginManage:359 - Loaded plugin updater (category:base,tabindex:12)
2023-08-10 07:50:13,397 [INFO] PluginManage:283 - PluginManage : Loaded plugins [15]
2023-08-10 07:50:13,696 [INFO] PinOutPanel:1499 - setPackage(No Configuration,No Configuration)
2023-08-10 07:50:13,761 [INFO] CADModel:165 - CPN selected for project level
2023-08-10 07:50:13,761 [INFO] CADModel:114 - Register for checkConnection events
2023-08-10 07:50:13,785 [INFO] IPUIPlugin:80 - create IPUIPlugin
2023-08-10 07:50:13,785 [INFO] PluginManager:220 - loadIPPluginJar : add adc
2023-08-10 07:50:13,818 [INFO] IPUIPlugin:80 - create IPUIPlugin
2023-08-10 07:50:13,818 [INFO] PluginManager:220 - loadIPPluginJar : add aes
2023-08-10 07:50:13,851 [INFO] IPUIPlugin:80 - create IPUIPlugin
2023-08-10 07:50:13,851 [INFO] PluginManager:220 - loadIPPluginJar : add can
2023-08-10 07:50:13,852 [INFO] IPUIPlugin:80 - create IPUIPlugin
2023-08-10 07:50:13,852 [INFO] PluginManager:220 - loadIPPluginJar : add comp
2023-08-10 07:50:13,878 [INFO] IPUIPlugin:80 - create IPUIPlugin
2023-08-10 07:50:13,878 [INFO] PluginManager:220 - loadIPPluginJar : add cryp
2023-08-10 07:50:13,901 [INFO] IPUIPlugin:80 - create IPUIPlugin
2023-08-10 07:50:13,901 [INFO] PluginManager:220 - loadIPPluginJar : add dfsdm
2023-08-10 07:50:13,918 [INFO] IPUIPlugin:80 - create IPUIPlugin
2023-08-10 07:50:13,918 [INFO] PluginManager:220 - loadIPPluginJar : add dma
2023-08-10 07:50:13,951 [INFO] IPUIPlugin:80 - create IPUIPlugin
2023-08-10 07:50:13,951 [INFO] PluginManager:220 - loadIPPluginJar : add dma3
2023-08-10 07:50:13,968 [INFO] IPUIPlugin:80 - create IPUIPlugin
2023-08-10 07:50:13,968 [INFO] PluginManager:220 - loadIPPluginJar : add fatfs
2023-08-10 07:50:14,001 [INFO] IPUIPlugin:80 - create IPUIPlugin
2023-08-10 07:50:14,001 [INFO] PluginManager:220 - loadIPPluginJar : add fmc
2023-08-10 07:50:14,018 [INFO] IPUIPlugin:80 - create IPUIPlugin
2023-08-10 07:50:14,018 [INFO] PluginManager:220 - loadIPPluginJar : add freertos
2023-08-10 07:50:14,018 [INFO] IPUIPlugin:80 - create IPUIPlugin
2023-08-10 07:50:14,018 [INFO] PluginManager:220 - loadIPPluginJar : add genericplugin
2023-08-10 07:50:14,084 [INFO] IPUIPlugin:80 - create IPUIPlugin
2023-08-10 07:50:14,084 [INFO] PluginManager:220 - loadIPPluginJar : add gfxmmu
2023-08-10 07:50:14,192 [INFO] IPUIPlugin:80 - create IPUIPlugin
2023-08-10 07:50:14,192 [INFO] PluginManager:220 - loadIPPluginJar : add gic
2023-08-10 07:50:14,201 [INFO] IPUIPlugin:80 - create IPUIPlugin
2023-08-10 07:50:14,201 [INFO] PluginManager:220 - loadIPPluginJar : add gpio
2023-08-10 07:50:14,268 [INFO] IPUIPlugin:80 - create IPUIPlugin
2023-08-10 07:50:14,268 [INFO] PluginManager:220 - loadIPPluginJar : add gtzc
2023-08-10 07:50:14,301 [INFO] IPUIPlugin:80 - create IPUIPlugin
2023-08-10 07:50:14,301 [INFO] PluginManager:220 - loadIPPluginJar : add hash
2023-08-10 07:50:14,334 [INFO] IPUIPlugin:80 - create IPUIPlugin
2023-08-10 07:50:14,334 [INFO] PluginManager:220 - loadIPPluginJar : add i2c
2023-08-10 07:50:14,365 [INFO] IPUIPlugin:80 - create IPUIPlugin
2023-08-10 07:50:14,365 [INFO] PluginManager:220 - loadIPPluginJar : add i2s
2023-08-10 07:50:14,396 [INFO] IPUIPlugin:80 - create IPUIPlugin
2023-08-10 07:50:14,396 [INFO] PluginManager:220 - loadIPPluginJar : add i3c
2023-08-10 07:50:14,467 [INFO] IPUIPlugin:80 - create IPUIPlugin
2023-08-10 07:50:14,467 [INFO] PluginManager:220 - loadIPPluginJar : add ipddr
2023-08-10 07:50:14,534 [INFO] IPUIPlugin:80 - create IPUIPlugin
2023-08-10 07:50:14,534 [INFO] PluginManager:220 - loadIPPluginJar : add linkedlist
2023-08-10 07:50:14,568 [INFO] IPUIPlugin:80 - create IPUIPlugin
2023-08-10 07:50:14,569 [INFO] PluginManager:220 - loadIPPluginJar : add lorawan
2023-08-10 07:50:14,595 [INFO] IPUIPlugin:80 - create IPUIPlugin
2023-08-10 07:50:14,595 [INFO] PluginManager:220 - loadIPPluginJar : add ltdc
2023-08-10 07:50:14,608 [INFO] IPUIPlugin:80 - create IPUIPlugin
2023-08-10 07:50:14,608 [INFO] PluginManager:220 - loadIPPluginJar : add mdma
2023-08-10 07:50:14,618 [INFO] IPUIPlugin:80 - create IPUIPlugin
2023-08-10 07:50:14,618 [INFO] PluginManager:220 - loadIPPluginJar : add nvic
2023-08-10 07:50:14,644 [INFO] IPUIPlugin:80 - create IPUIPlugin
2023-08-10 07:50:14,644 [INFO] PluginManager:220 - loadIPPluginJar : add opamp
2023-08-10 07:50:14,684 [INFO] IPUIPlugin:80 - create IPUIPlugin
2023-08-10 07:50:14,684 [INFO] PluginManager:220 - loadIPPluginJar : add openamp
2023-08-10 07:50:14,717 [INFO] IPUIPlugin:80 - create IPUIPlugin
2023-08-10 07:50:14,717 [INFO] PluginManager:220 - loadIPPluginJar : add pdm2pcm
2023-08-10 07:50:14,734 [INFO] IPUIPlugin:80 - create IPUIPlugin
2023-08-10 07:50:14,734 [INFO] PluginManager:220 - loadIPPluginJar : add plateformsettings
2023-08-10 07:50:14,750 [INFO] IPUIPlugin:80 - create IPUIPlugin
2023-08-10 07:50:14,750 [INFO] PluginManager:220 - loadIPPluginJar : add quadspi
2023-08-10 07:50:14,769 [INFO] IPUIPlugin:80 - create IPUIPlugin
2023-08-10 07:50:14,769 [INFO] PluginManager:220 - loadIPPluginJar : add resmgrutility
2023-08-10 07:50:14,801 [INFO] IPUIPlugin:80 - create IPUIPlugin
2023-08-10 07:50:14,801 [INFO] PluginManager:220 - loadIPPluginJar : add sai
2023-08-10 07:50:14,827 [INFO] IPUIPlugin:80 - create IPUIPlugin
2023-08-10 07:50:14,827 [INFO] PluginManager:220 - loadIPPluginJar : add spi
2023-08-10 07:50:14,867 [INFO] IPUIPlugin:80 - create IPUIPlugin
2023-08-10 07:50:14,867 [INFO] PluginManager:220 - loadIPPluginJar : add stm32_wpan
2023-08-10 07:50:14,884 [INFO] IPUIPlugin:80 - create IPUIPlugin
2023-08-10 07:50:14,884 [INFO] PluginManager:220 - loadIPPluginJar : add tim
2023-08-10 07:50:14,927 [INFO] IPUIPlugin:80 - create IPUIPlugin
2023-08-10 07:50:14,927 [INFO] PluginManager:220 - loadIPPluginJar : add touchsensing
2023-08-10 07:50:14,934 [INFO] IPUIPlugin:80 - create IPUIPlugin
2023-08-10 07:50:14,934 [INFO] PluginManager:220 - loadIPPluginJar : add tracer_emb
2023-08-10 07:50:14,934 [INFO] IPUIPlugin:80 - create IPUIPlugin
2023-08-10 07:50:14,934 [INFO] PluginManager:220 - loadIPPluginJar : add ts
2023-08-10 07:50:14,950 [INFO] IPUIPlugin:80 - create IPUIPlugin
2023-08-10 07:50:14,950 [INFO] PluginManager:220 - loadIPPluginJar : add tsc
2023-08-10 07:50:14,969 [INFO] IPUIPlugin:80 - create IPUIPlugin
2023-08-10 07:50:14,969 [INFO] PluginManager:220 - loadIPPluginJar : add ucpd
2023-08-10 07:50:15,002 [INFO] IPUIPlugin:80 - create IPUIPlugin
2023-08-10 07:50:15,002 [INFO] PluginManager:220 - loadIPPluginJar : add usart
2023-08-10 07:50:15,027 [INFO] IPUIPlugin:80 - create IPUIPlugin
2023-08-10 07:50:15,027 [INFO] PluginManager:220 - loadIPPluginJar : add usbx
2023-08-10 07:50:15,161 [INFO] CADModel:165 - CPN selected for project level
2023-08-10 07:50:15,162 [INFO] CADModel:114 - Register for checkConnection events
2023-08-10 07:50:15,162 [FATAL] Updater:308 - Updater called before beeing initialized
2023-08-10 07:50:15,162 [ERROR] CADModel:125 - Updater not yet initialized, retry later 
2023-08-10 07:50:15,317 [INFO] CADModel:165 - CPN selected for project level
2023-08-10 07:50:15,317 [INFO] CADModel:114 - Register for checkConnection events
2023-08-10 07:50:15,317 [FATAL] Updater:308 - Updater called before beeing initialized
2023-08-10 07:50:15,317 [ERROR] CADModel:125 - Updater not yet initialized, retry later 
2023-08-10 07:50:15,317 [FATAL] Updater:308 - Updater called before beeing initialized
2023-08-10 07:50:15,450 [FATAL] Updater:308 - Updater called before beeing initialized
2023-08-10 07:50:15,460 [INFO] DbMcusAds:53 - JSON generation date=Tue Mar 07 17:50:55 JST 2023 (1678179055114)
2023-08-10 07:50:15,460 [FATAL] Updater:308 - Updater called before beeing initialized
2023-08-10 07:50:15,533 [WARN] DetailPanel:346 - Failed to get advertising image, set to default
2023-08-10 07:50:15,633 [FATAL] Updater:308 - Updater called before beeing initialized
2023-08-10 07:50:15,633 [FATAL] Updater:308 - Updater called before beeing initialized
2023-08-10 07:50:15,633 [FATAL] Updater:308 - Updater called before beeing initialized
2023-08-10 07:50:15,633 [WARN] DetailPanel:346 - Failed to get advertising image, set to default
2023-08-10 07:50:15,633 [FATAL] Updater:308 - Updater called before beeing initialized
2023-08-10 07:50:15,727 [ERROR] Updater:1120 - MainUpdater not yet initialized. External WinMGr cannot be set.
2023-08-10 07:50:15,743 [INFO] Updater:1056 - Updater Version found : 6.8.0
2023-08-10 07:50:15,760 [INFO] ApplicationProperties:184 - Using Application install path: C:\ST\STM32CubeIDE_1.12.0\STM32CubeIDE\plugins\com.st.stm32cube.common.mx_6.8.0.202302231600
2023-08-10 07:50:16,129 [INFO] ThirdPartyUpdaterWithRetryManager:70 - Updater plugin not ready yet. [2/15]
2023-08-10 07:50:16,161 [INFO] MainUpdater:2854 - connection check result : 10
2023-08-10 07:50:16,161 [INFO] MainUpdater:283 - Updater Check For Update Now.
2023-08-10 07:50:16,161 [INFO] MicroXplorer:498 - Change Database Version : DB.6.0.80
2023-08-10 07:50:16,350 [INFO] CheckServerUpdateThread:120 - End of CheckServer Thread
2023-08-10 07:50:16,393 [INFO] MainUpdater:2854 - connection check result : 10
2023-08-10 07:50:16,403 [INFO] MainUpdater:2854 - connection check result : 10
2023-08-10 07:50:16,584 [INFO] MicroXplorer:468 - Change Database Path : 
2023-08-10 07:50:16,584 [INFO] MicroXplorer:498 - Change Database Version : DB.6.0.80
2023-08-10 07:50:16,585 [WARN] ThirdParty:871 - waiting for thirdparty lock release [close project]
2023-08-10 07:50:19,274 [WARN] PackLoader:240 - Cannot read IP mode file for STMicroelectronics.X-CUBE-SMBUS.2.1.0
2023-08-10 07:50:19,297 [WARN] PackLoader:240 - Cannot read IP mode file for STMicroelectronics.X-CUBE-AZRTOS-F7.1.1.0
2023-08-10 07:50:19,314 [WARN] PackLoader:240 - Cannot read IP mode file for STMicroelectronics.FP-SNS-MOTENV1.4.3.2
2023-08-10 07:50:19,331 [WARN] PackLoader:240 - Cannot read IP mode file for STMicroelectronics.FP-SNS-FLIGHT1.5.0.1
2023-08-10 07:50:19,341 [WARN] PackLoader:240 - Cannot read IP mode file for STMicroelectronics.X-CUBE-BLE1.6.2.4
2023-08-10 07:50:19,358 [WARN] PackLoader:240 - Cannot read IP mode file for STMicroelectronics.X-CUBE-DISPLAY.3.0.0
2023-08-10 07:50:19,383 [WARN] PackLoader:240 - Cannot read IP mode file for STMicroelectronics.X-CUBE-TOUCHGFX.4.22.0
2023-08-10 07:50:19,399 [INFO] LogOutputStream:77 - [STDOUT_REDIRECT] 1 : Invalid condition id : UX_CORESTACK_Condition cause : null
2023-08-10 07:50:19,399 [INFO] LogOutputStream:77 - [STDOUT_REDIRECT] 1 : Invalid condition id : UX_CORESTACK_Condition cause : null
2023-08-10 07:50:19,399 [INFO] LogOutputStream:77 - [STDOUT_REDIRECT] 1 : Invalid condition id : UX_CORESTACK_Condition cause : null
2023-08-10 07:50:19,399 [INFO] LogOutputStream:77 - [STDOUT_REDIRECT] 1 : Invalid condition id : UX_CORESTACK_Condition cause : null
2023-08-10 07:50:19,399 [INFO] LogOutputStream:77 - [STDOUT_REDIRECT] 1 : Invalid condition id : UX_CORESTACK_Condition cause : null
2023-08-10 07:50:19,399 [WARN] PackLoader:240 - Cannot read IP mode file for STMicroelectronics.X-CUBE-AZRTOS-WL.2.0.0
2023-08-10 07:50:19,414 [WARN] PackLoader:240 - Cannot read IP mode file for WES.I-CUBE-Cesium.1.3.0
2023-08-10 07:50:19,431 [WARN] PackLoader:240 - Cannot read IP mode file for STMicroelectronics.X-CUBE-BLE2.3.3.0
2023-08-10 07:50:19,431 [WARN] PackLoader:240 - Cannot read IP mode file for STMicroelectronics.X-CUBE-TOUCHGFX.4.21.3
2023-08-10 07:50:19,447 [WARN] PackLoader:240 - Cannot read IP mode file for STMicroelectronics.X-CUBE-ALGOBUILD.1.3.0
2023-08-10 07:50:19,480 [WARN] PackLoader:240 - Cannot read IP mode file for STMicroelectronics.X-CUBE-AZRTOS-G0.1.1.0
2023-08-10 07:50:19,497 [WARN] PackLoader:240 - Cannot read IP mode file for STMicroelectronics.X-CUBE-NFC4.3.0.0
2023-08-10 07:50:19,497 [WARN] PackLoader:240 - Cannot read IP mode file for STMicroelectronics.FP-ATR-SIGFOX1.3.2.0
2023-08-10 07:50:19,540 [WARN] PackLoader:240 - Cannot read IP mode file for SEGGER.I-CUBE-embOS.1.3.1
2023-08-10 07:50:19,599 [WARN] PackLoader:240 - Cannot read IP mode file for STMicroelectronics.X-CUBE-GNSS1.6.0.0
2023-08-10 07:50:19,635 [WARN] PackLoader:240 - Cannot read IP mode file for STMicroelectronics.X-CUBE-AZRTOS-F4.1.1.0
2023-08-10 07:50:19,658 [WARN] PackLoader:240 - Cannot read IP mode file for wolfSSL.I-CUBE-wolfSSL.5.6.0
2023-08-10 07:50:19,724 [WARN] PackLoader:240 - Cannot read IP mode file for STMicroelectronics.X-CUBE-MEMS1.9.6.0
2023-08-10 07:50:19,930 [WARN] PackLoader:240 - Cannot read IP mode file for emotas.I-CUBE-CANOPEN.1.1.3
2023-08-10 07:50:19,948 [WARN] PackLoader:240 - Cannot read IP mode file for STMicroelectronics.X-CUBE-BLEMGR.2.0.0
2023-08-10 07:50:19,983 [WARN] ConditionMgr:438 - getConditionDescription Invalid condition id : UX DEVICE CLASS RTOS Condition cause : null
2023-08-10 07:50:19,983 [WARN] ConditionMgr:438 - getConditionDescription Invalid condition id : UX DEVICE CLASS RTOS Condition cause : null
2023-08-10 07:50:19,986 [WARN] PackLoader:240 - Cannot read IP mode file for STMicroelectronics.X-CUBE-AZRTOS-H7.3.1.0
2023-08-10 07:50:19,986 [WARN] ConditionMgr:1039 - genDependencies : Invalid condition id : UX DEVICE CLASS RTOS Condition cause : null
2023-08-10 07:50:19,986 [WARN] ConditionMgr:1039 - genDependencies : Invalid condition id : UX DEVICE CLASS RTOS Condition cause : null
2023-08-10 07:50:19,987 [WARN] ConditionMgr:1039 - genDependencies : Invalid condition id : UX DEVICE CLASS RTOS Condition cause : null
2023-08-10 07:50:19,988 [WARN] ConditionMgr:1039 - genDependencies : Invalid condition id : UX DEVICE CLASS RTOS Condition cause : null
2023-08-10 07:50:19,988 [WARN] ConditionMgr:1039 - genDependencies : Invalid condition id : UX DEVICE CLASS RTOS Condition cause : null
2023-08-10 07:50:20,001 [WARN] PackLoader:240 - Cannot read IP mode file for STMicroelectronics.X-CUBE-NFC7.1.0.1
2023-08-10 07:50:20,054 [WARN] PackLoader:240 - Cannot read IP mode file for STMicroelectronics.X-CUBE-NFC7.1.0.0
2023-08-10 07:50:20,070 [WARN] PackLoader:240 - Cannot read IP mode file for STMicroelectronics.X-CUBE-EEPRMA1.4.1.0
2023-08-10 07:50:20,102 [WARN] ConditionMgr:438 - getConditionDescription Invalid condition id : LAN8742 Phy interface Condition cause : null
2023-08-10 07:50:20,102 [WARN] PackLoader:240 - Cannot read IP mode file for STMicroelectronics.X-CUBE-AZRTOS-L4.2.0.0
2023-08-10 07:50:20,102 [WARN] ConditionMgr:1039 - genDependencies : Invalid condition id : LAN8742 Phy interface Condition cause : null
2023-08-10 07:50:20,112 [WARN] ConditionMgr:1039 - genDependencies : Invalid condition id : LAN8742 Phy interface Condition cause : null
2023-08-10 07:50:20,112 [WARN] ConditionMgr:1039 - genDependencies : Invalid condition id : LAN8742 Phy interface Condition cause : null
2023-08-10 07:50:20,127 [WARN] PackLoader:240 - Cannot read IP mode file for STMicroelectronics.X-CUBE-SFXS2LP1.4.0.0
2023-08-10 07:50:20,140 [WARN] PackLoader:240 - Cannot read IP mode file for STMicroelectronics.X-CUBE-ISPU.1.1.0
2023-08-10 07:50:20,153 [WARN] PackLoader:240 - Cannot read IP mode file for STMicroelectronics.X-CUBE-AI.8.0.0
2023-08-10 07:50:20,167 [WARN] PackLoader:240 - Cannot read IP mode file for STMicroelectronics.X-CUBE-FREERTOS.1.0.1
2023-08-10 07:50:20,197 [WARN] PackLoader:240 - Cannot read IP mode file for STMicroelectronics.X-CUBE-AZRTOS-L5.1.1.0
2023-08-10 07:50:20,214 [WARN] PackLoader:240 - Cannot read IP mode file for STMicroelectronics.X-CUBE-AI.8.0.1
2023-08-10 07:50:20,238 [WARN] PackLoader:240 - Cannot read IP mode file for STMicroelectronics.X-CUBE-SUBG2.5.0.0
2023-08-10 07:50:20,264 [WARN] PackLoader:240 - Cannot read IP mode file for STMicroelectronics.X-CUBE-TOF1.3.3.1
2023-08-10 07:50:20,297 [WARN] PackLoader:240 - Cannot read IP mode file for STMicroelectronics.X-CUBE-AZRTOS-G4.2.0.0
2023-08-10 07:50:20,324 [WARN] PackLoader:240 - Cannot read IP mode file for STMicroelectronics.X-CUBE-TOF1.3.3.0
2023-08-10 07:50:20,346 [WARN] PackLoader:240 - Cannot read IP mode file for STMicroelectronics.X-CUBE-AZRTOS-L4.1.0.0
2023-08-10 07:50:20,380 [WARN] PackLoader:240 - Cannot read IP mode file for STMicroelectronics.X-CUBE-AZRTOS-WL.1.0.0
2023-08-10 07:50:20,392 [WARN] PackLoader:240 - Cannot read IP mode file for portGmbH.I-Cube-SoM-uGOAL.1.1.0
2023-08-10 07:50:20,396 [WARN] PackLoader:240 - Cannot read IP mode file for STMicroelectronics.X-CUBE-ALS.1.0.1
2023-08-10 07:50:20,423 [WARN] PackLoader:240 - Cannot read IP mode file for STMicroelectronics.X-CUBE-AZRTOS-WB.1.1.0
2023-08-10 07:50:20,430 [WARN] PackLoader:240 - Cannot read IP mode file for STMicroelectronics.FP-ATR-ASTRA1.2.0.0
2023-08-10 07:50:20,430 [INFO] ThirdParty:978 - Integrity check success = true
2023-08-10 07:50:20,430 [INFO] IntegrityCheckThread:100 - exiting critical section [integrity check]
2023-08-10 07:50:20,430 [INFO] IntegrityCheckThread:103 - End integrity checks thread
2023-08-10 07:50:20,430 [INFO] ThirdParty:873 - entering critical section [close project]
2023-08-10 07:50:20,430 [INFO] ThirdParty:883 - exiting critical section [close project]
2023-08-10 07:50:20,442 [INFO] PinOutPanel:1499 - setPackage(No Configuration,No Configuration)
2023-08-10 07:50:20,446 [INFO] UtilMem:75 - Begin LoadConfig() Used Memory: 538721560 Bytes (606076928)
2023-08-10 07:50:20,446 [INFO] MicroXplorer:468 - Change Database Path : 
2023-08-10 07:50:20,446 [INFO] MicroXplorer:498 - Change Database Version : DB.6.0.80
2023-08-10 07:50:20,446 [INFO] OpenFileManager:308 - Change cursor
2023-08-10 07:50:20,512 [INFO] Mcu:1937 - Initializing MCU STM32F401R(D-E)Tx STM32F401RETx STM32F401RET6
2023-08-10 07:50:21,746 [INFO] Context:659 - Trying to add GPIOservice into a context  which must be forbidden
2023-08-10 07:50:22,412 [INFO] RtosManager:555 - Registered RTOS mode: class=CMSIS, group=RTOS, mode=CMSIS_V1, owner=FREERTOS
2023-08-10 07:50:22,412 [INFO] RtosManager:555 - Registered RTOS mode: class=CMSIS, group=RTOS2, mode=CMSIS_V2, owner=FREERTOS
2023-08-10 07:50:22,412 [INFO] RtosManager:555 - Registered RTOS mode: class=RTOS, group=Core, mode=CMSIS_V1, owner=FREERTOS
2023-08-10 07:50:22,412 [INFO] RtosManager:555 - Registered RTOS mode: class=RTOS, group=Core, mode=CMSIS_V2, owner=FREERTOS
2023-08-10 07:50:22,412 [WARN] ModelIntegratedComponent:184 - Missing modes for component STMicroelectronics:FreeRTOS:0.0.1:STMicroelectronics:RTOS:FreeRTOS:Core:::10.2.0:
2023-08-10 07:50:22,429 [WARN] ModelIntegratedComponent:63 - No mode defined for component null
2023-08-10 07:50:22,429 [WARN] ModelIntegratedComponent:63 - No mode defined for component null
2023-08-10 07:50:22,429 [WARN] ModelIntegratedComponent:63 - No mode defined for component null
2023-08-10 07:50:22,429 [WARN] ModelIntegratedComponent:63 - No mode defined for component null
2023-08-10 07:50:22,429 [WARN] ModelIntegratedComponent:63 - No mode defined for component null
2023-08-10 07:50:22,429 [WARN] ModelIntegratedComponent:63 - No mode defined for component null
2023-08-10 07:50:22,429 [WARN] ModelIntegratedComponent:63 - No mode defined for component null
2023-08-10 07:50:22,429 [WARN] ModelIntegratedComponent:63 - No mode defined for component null
2023-08-10 07:50:22,429 [WARN] ModelIntegratedComponent:63 - No mode defined for component null
2023-08-10 07:50:22,429 [WARN] ModelIntegratedComponent:63 - No mode defined for component null
2023-08-10 07:50:22,429 [WARN] ModelIntegratedComponent:63 - No mode defined for component null
2023-08-10 07:50:22,429 [WARN] ModelIntegratedComponent:63 - No mode defined for component null
2023-08-10 07:50:22,429 [WARN] ModelIntegratedComponent:63 - No mode defined for component null
2023-08-10 07:50:22,429 [WARN] ModelIntegratedComponent:63 - No mode defined for component null
2023-08-10 07:50:22,429 [WARN] ModelIntegratedComponent:63 - No mode defined for component null
2023-08-10 07:50:22,429 [WARN] ModelIntegratedComponent:63 - No mode defined for component null
2023-08-10 07:50:22,429 [WARN] ModelIntegratedComponent:63 - No mode defined for component null
2023-08-10 07:50:22,429 [WARN] ModelIntegratedComponent:63 - No mode defined for component null
2023-08-10 07:50:22,429 [WARN] ModelIntegratedComponent:63 - No mode defined for component null
2023-08-10 07:50:22,429 [WARN] ModelIntegratedComponent:63 - No mode defined for component null
2023-08-10 07:50:22,429 [WARN] ModelIntegratedComponent:63 - No mode defined for component null
2023-08-10 07:50:22,429 [WARN] ModelIntegratedComponent:63 - No mode defined for component null
2023-08-10 07:50:22,429 [WARN] ModelIntegratedComponent:63 - No mode defined for component null
2023-08-10 07:50:22,429 [WARN] ModelIntegratedComponent:63 - No mode defined for component null
2023-08-10 07:50:22,429 [WARN] ModelIntegratedComponent:63 - No mode defined for component null
2023-08-10 07:50:22,429 [WARN] ModelIntegratedComponent:63 - No mode defined for component null
2023-08-10 07:50:22,429 [WARN] ModelIntegratedComponent:63 - No mode defined for component null
2023-08-10 07:50:22,429 [WARN] ModelIntegratedComponent:63 - No mode defined for component null
2023-08-10 07:50:22,429 [WARN] ModelIntegratedComponent:63 - No mode defined for component null
2023-08-10 07:50:22,429 [WARN] ModelIntegratedComponent:63 - No mode defined for component null
2023-08-10 07:50:22,429 [WARN] ModelIntegratedComponent:63 - No mode defined for component null
2023-08-10 07:50:22,429 [WARN] ModelIntegratedComponent:63 - No mode defined for component null
2023-08-10 07:50:22,429 [WARN] ModelIntegratedComponent:63 - No mode defined for component null
2023-08-10 07:50:22,459 [INFO] ThirdPartyModel:298 - Start build external matchings
2023-08-10 07:50:22,660 [INFO] ThirdPartyModel:316 - End build external matchings
2023-08-10 07:50:22,670 [INFO] RtosManager:919 - Current active RTOS is FREERTOS [Cortex-M4NS]
2023-08-10 07:50:22,690 [INFO] ImportTextPane:194 - (OptionalMessage_ERROR) IP (RCC) : Parameter (RTCHSEDivFreq_Value) has invalid value (4000000)
2023-08-10 07:50:22,923 [INFO] UtilMem:75 - End LoadConfig() Used Memory: 548163560 Bytes (698351616)
2023-08-10 07:50:23,070 [INFO] ApiDb:581 - Connected to CubeFinder SQLite database (C:\Users\nosak\.stmcufinder\plugins\mcufinder\mcu\cube-finder-db.db)
2023-08-10 07:50:23,144 [INFO] ApiDb:668 - CubeFinder database Data Model version=2.1
2023-08-10 07:50:23,144 [INFO] ApiDb:669 - CubeFinder database Configuration version=3.0.37
2023-08-10 07:50:23,144 [INFO] ApiDb:670 - CubeFinder database generation date=2023-06-26 (1687786131)
2023-08-10 07:50:23,144 [INFO] ApiDb:671 - CubeFinder database FW Pack versions=[FP-ATR-ASTRA1_V2.0.0, FP-SNS-FLIGHT1_V5.0.1, FP-SNS-MOTENV1_V4.3.1, STM32Cube_FW_C0_V1.1.0, STM32Cube_FW_F4_V1.27.1, STM32Cube_FW_F7_V1.17.0, STM32Cube_FW_G0_V1.6.1, STM32Cube_FW_G4_V1.5.1, STM32Cube_FW_H5_V0.5.1, STM32Cube_FW_H5_V1.1.0, STM32Cube_FW_H7_V1.11.0, STM32Cube_FW_L0_V1.12.2, STM32Cube_FW_L5_V1.5.0, STM32Cube_FW_U5_V1.3.0, STM32Cube_FW_U5_V1.3.0RC4, STM32Cube_FW_WBA_V1.0.0RC1, STM32Cube_FW_WBA_V1.1.0, STM32Cube_FW_WBA_V1.1.0RC1, STM32Cube_FW_WB_V1.15.0RC1, STM32Cube_FW_WB_V1.16.0, STM32Cube_FW_WB_V1.16.0RC2, STM32Cube_FW_WB_V1.17.0, STM32Cube_FW_WL_V1.3.0, X-CUBE-ALGOBUILD_V1.3.0, X-CUBE-ALS_V1.0.1, X-CUBE-AZRTOS-F4_V1.1.0, X-CUBE-AZRTOS-F7_V1.1.0, X-CUBE-AZRTOS-G0_V1.1.0, X-CUBE-AZRTOS-G4_V2.0.0, X-CUBE-AZRTOS-H7_V3.1.0, X-CUBE-AZRTOS-L4_V1.0.0, X-CUBE-AZRTOS-L4_V2.0.0, X-CUBE-AZRTOS-L5_V1.1.0, X-CUBE-AZRTOS-WB_V1.1.0, X-CUBE-AZRTOS-WL_V2.0.0, X-CUBE-BLE1_V6.2.4, X-CUBE-BLE2_V3.3.0, X-CUBE-BLEMGR_V2.0.0, X-CUBE-EEPRMA1_V4.1.0, X-CUBE-FREERTOS_V1.0.1, X-CUBE-GNSS1_V6.0.0, X-CUBE-MEMS1_V9.1.0, X-CUBE-MEMS1_V9.4.0, X-CUBE-MEMS1_V9.6.0, X-CUBE-NFC4_V3.0.0, X-CUBE-NFC7_V1.0.0, X-CUBE-SFXS2LP1_V4.0.0, X-CUBE-SUBG2_V5.0.0]
2023-08-10 07:50:25,401 [INFO] ApiDb:240 - Found 297 in-development CPN: [B-G473E-ZEST1S, B-WB1M-WPAN1, B-WL5M-SUBG1, NUCLEO-C031C6, NUCLEO-H503RB, NUCLEO-H563ZI, NUCLEO-U545RE-Q, NUCLEO-U5A5ZJ-Q, NUCLEO-WBA52CG, STEVAL-PROTEUS1, STEVAL-STWINBX1, STM320518-EVAL, STM32C0116-DK, STM32C011D6Y3TR, STM32C011D6Y6TR, STM32C011F4P3, STM32C011F4P6, STM32C011F4U3, STM32C011F4U6TR, STM32C011F6P3, STM32C011F6P6, STM32C011F6U3, STM32C011F6U6TR, STM32C011J4M3, STM32C011J4M6, STM32C011J6M3, STM32C011J6M6, STM32C0316-DK, STM32C031C4T3, STM32C031C4T6, STM32C031C4U3, STM32C031C4U6, STM32C031C6T3, STM32C031C6T6, STM32C031C6U3, STM32C031C6U6, STM32C031F4P3, STM32C031F4P6, STM32C031F6P3, STM32C031F6P6, STM32C031G4U3, STM32C031G4U6, STM32C031G6U3, STM32C031G6U6, STM32C031K4T3, STM32C031K4T6, STM32C031K4U3, STM32C031K4U6, STM32C031K6T3, STM32C031K6T6, STM32C031K6U3, STM32C031K6U6, STM32G071K8TXN, STM32G071K8UXN, STM32G081GBU6N, STM32G081KBT6N, STM32G081KBUXN, STM32G0B1CCT6N, STM32G0B1KCT6, STM32G0B1NEY6TR, STM32G0B1RCT6N, STM32G0C1CCT6, STM32G0C1CCT6N, STM32G0C1CCU6N, STM32G0C1CET6N, STM32G0C1CEU6N, STM32G0C1KCT6, STM32G0C1NEY6TR, STM32G0C1RCI6N, STM32G0C1RCT6N, STM32G0C1REI6N, STM32G0C1RET6N, STM32G0C1VCI6, STM32G0C1VEI6, STM32G471CCT6, STM32G471CCU6, STM32G471CET3, STM32G471CET6, STM32G471CEU3, STM32G471CEU6, STM32G471MCT6, STM32G471MET3, STM32G471MET6, STM32G471MEY6TR, STM32G471QCT6, STM32G471QET3, STM32G471RCT6, STM32G471RET3, STM32G471RET6, STM32G471VCH6, STM32G471VCI6, STM32G471VCT6, STM32G471VEH3, STM32G471VEH6, STM32G471VEI3, STM32G471VEI6, STM32G471VET3, STM32G471VET6, STM32G474CCT6, STM32H503CBT6, STM32H503CBU6, STM32H503EBY6TR, STM32H503KBU6, STM32H503RBT6, STM32H562AGI6, STM32H562AII6, STM32H562IGK6, STM32H562IGT6, STM32H562IIK6, STM32H562IIT6, STM32H562RGT6, STM32H562RGV6, STM32H562RIT6, STM32H562RIV6, STM32H562VGT6, STM32H562VIT6, STM32H562ZGT6, STM32H562ZIT6, STM32H563AGI6, STM32H563AII3Q, STM32H563AII6, STM32H563IGK6, STM32H563IGT6, STM32H563IIK3Q, STM32H563IIK6, STM32H563IIT3Q, STM32H563IIT6, STM32H563MIY3QTR, STM32H563RGT6, STM32H563RGV6, STM32H563RIT6, STM32H563RIV6, STM32H563VGT6, STM32H563VIT3Q, STM32H563VIT6, STM32H563ZGT6, STM32H563ZIT3Q, STM32H563ZIT6, STM32H573AII3Q, STM32H573AII6, STM32H573I-DK, STM32H573IIK3Q, STM32H573IIK6, STM32H573IIT3Q, STM32H573IIT6, STM32H573MIY3QTR, STM32H573RIT6, STM32H573RIV6, STM32H573VIT3Q, STM32H573VIT6, STM32H573ZIT3Q, STM32H573ZIT6, STM32L4R5QGI6STR, STM32MP131AAE3, STM32MP131AAF3, STM32MP131AAG3, STM32MP131CAE3, STM32MP131CAF3, STM32MP131CAG3, STM32MP131DAE7, STM32MP131DAF7, STM32MP131DAG7, STM32MP131FAE7, STM32MP131FAF7, STM32MP131FAG7, STM32MP133AAE3, STM32MP133AAF3, STM32MP133AAG3, STM32MP133CAE3, STM32MP133CAF3, STM32MP133CAG3, STM32MP133DAE7, STM32MP133DAF7, STM32MP133DAG7, STM32MP133FAE7, STM32MP133FAF7, STM32MP133FAG7, STM32MP135AAE3, STM32MP135AAF3, STM32MP135AAG3, STM32MP135CAE3, STM32MP135CAF3, STM32MP135CAG3, STM32MP135DAE7, STM32MP135DAF7, STM32MP135DAG7, STM32MP135F-DK, STM32MP135FAE7, STM32MP135FAF7, STM32MP135FAF7T, STM32MP135FAF7U, STM32MP135FAG7, STM32U535CBT6, STM32U535CBT6Q, STM32U535CBU6, STM32U535CBU6Q, STM32U535CCT6, STM32U535CCT6Q, STM32U535CCU6, STM32U535CCU6Q, STM32U535CET6, STM32U535CET6Q, STM32U535CEU6, STM32U535CEU6Q, STM32U535JEY6QTR, STM32U535NCY6QTR, STM32U535NEY6QTR, STM32U535RBI6, STM32U535RBI6Q, STM32U535RBT6, STM32U535RBT6Q, STM32U535RCI6, STM32U535RCI6Q, STM32U535RCT6, STM32U535RCT6Q, STM32U535REI6, STM32U535REI6Q, STM32U535RET6, STM32U535RET6Q, STM32U535VCI6, STM32U535VCI6Q, STM32U535VCT6, STM32U535VCT6Q, STM32U535VEI6, STM32U535VEI6Q, STM32U535VET6, STM32U535VET6Q, STM32U545CET6, STM32U545CET6Q, STM32U545CEU6, STM32U545CEU6Q, STM32U545JEY6QTR, STM32U545NEY6QTR, STM32U545REI6, STM32U545REI6Q, STM32U545RET6, STM32U545RET6Q, STM32U545VEI6, STM32U545VEI6Q, STM32U545VET6, STM32U545VET6Q, STM32U595AIH6, STM32U595AIH6Q, STM32U595AJH6, STM32U595AJH6Q, STM32U595QII6, STM32U595QII6Q, STM32U595QJI6, STM32U595QJI6Q, STM32U595RIT6, STM32U595RIT6Q, STM32U595RJT6, STM32U595RJT6Q, STM32U595VIT6, STM32U595VIT6Q, STM32U595VJT6, STM32U595VJT6Q, STM32U595ZIT6, STM32U595ZIT6Q, STM32U595ZIY6QTR, STM32U595ZJT6, STM32U595ZJT6Q, STM32U595ZJY6QTR, STM32U599BJY6QTR, STM32U599NIH6Q, STM32U599NJH6Q, STM32U599VIT6Q, STM32U599VJT6, STM32U599VJT6Q, STM32U599ZIT6Q, STM32U599ZIY6QTR, STM32U599ZJT6Q, STM32U599ZJY6QTR, STM32U5A5AJH6, STM32U5A5AJH6Q, STM32U5A5QJI6, STM32U5A5QJI6Q, STM32U5A5RJT6, STM32U5A5RJT6Q, STM32U5A5VJT6, STM32U5A5VJT6Q, STM32U5A5ZJT6, STM32U5A5ZJT6Q, STM32U5A5ZJY6QTR, STM32U5A9BJY6QTR, STM32U5A9J-DK, STM32U5A9NJH6Q, STM32U5A9VJT6Q, STM32U5A9ZJT6Q, STM32U5A9ZJY6QTR, STM32WB1MMCH6, STM32WBA52CEU6, STM32WBA52CEU6T, STM32WBA52CGU6, STM32WBA52CGU6T, STM32WL5MOCH6, STM32WL5MOCH6TR]
2023-08-10 07:50:25,405 [INFO] DbMcus:216 - Found 3825 MCUs, 3825 are supported
2023-08-10 07:50:25,410 [INFO] ApiDb:423 - Load user favorites file C:\Users\nosak/.stm32cubeide/favorites.mcus.txt: 1 item(s)
2023-08-10 07:50:25,410 [INFO] ApiDb:427 - User favorites MCUs=[STM32F401RET6]
2023-08-10 07:50:25,410 [INFO] DbMcus:222 - Set 1 / 1 favorites MCUs
2023-08-10 07:50:25,726 [WARN] ThirdParty:833 - waiting for thirdparty lock release [change project]
2023-08-10 07:50:25,726 [INFO] ThirdParty:835 - entering critical section [change project]
2023-08-10 07:50:25,726 [INFO] ThirdParty:1030 - CMSIS Pack Vendor :STMicroelectronics X-CUBE-ISPU 1.1.0
2023-08-10 07:50:25,726 [INFO] ThirdParty:1030 - CMSIS Pack Vendor :STMicroelectronics X-CUBE-GNSS1 6.0.0
2023-08-10 07:50:25,726 [INFO] ThirdParty:1030 - CMSIS Pack Vendor :STMicroelectronics USB_HOST 2.0.0
2023-08-10 07:50:25,726 [INFO] ThirdParty:1030 - CMSIS Pack Vendor :STMicroelectronics X-CUBE-AZRTOS-F4 1.1.0
2023-08-10 07:50:25,726 [INFO] ThirdParty:1030 - CMSIS Pack Vendor :STMicroelectronics LIBJPEG 8.0.0
2023-08-10 07:50:25,726 [INFO] ThirdParty:1030 - CMSIS Pack Vendor :STMicroelectronics X-CUBE-SMBUS 2.1.0
2023-08-10 07:50:25,726 [INFO] ThirdParty:1030 - CMSIS Pack Vendor :wolfSSL I-CUBE-wolfSSL 5.6.0
2023-08-10 07:50:25,726 [INFO] ThirdParty:1030 - CMSIS Pack Vendor :STMicroelectronics USB_DEVICE 3.0.0
2023-08-10 07:50:25,726 [INFO] ThirdParty:1030 - CMSIS Pack Vendor :STMicroelectronics X-CUBE-AI 8.0.0
2023-08-10 07:50:25,726 [INFO] ThirdParty:1030 - CMSIS Pack Vendor :STMicroelectronics X-CUBE-FREERTOS 1.0.1
2023-08-10 07:50:25,726 [INFO] ThirdParty:1030 - CMSIS Pack Vendor :STMicroelectronics X-CUBE-TOUCHGFX 4.21.3
2023-08-10 07:50:25,726 [INFO] ThirdParty:1030 - CMSIS Pack Vendor :STMicroelectronics X-CUBE-AZRTOS-F7 1.1.0
2023-08-10 07:50:25,726 [INFO] ThirdParty:1030 - CMSIS Pack Vendor :STMicroelectronics USB_DEVICE 2.0.0
2023-08-10 07:50:25,726 [INFO] ThirdParty:1030 - CMSIS Pack Vendor :STMicroelectronics X-CUBE-MEMS1 9.6.0
2023-08-10 07:50:25,726 [INFO] ThirdParty:1030 - CMSIS Pack Vendor :STMicroelectronics FP-SNS-MOTENV1 4.3.2
2023-08-10 07:50:25,726 [INFO] ThirdParty:1030 - CMSIS Pack Vendor :STMicroelectronics FP-SNS-FLIGHT1 5.0.1
2023-08-10 07:50:25,726 [INFO] ThirdParty:1030 - CMSIS Pack Vendor :STMicroelectronics X-CUBE-ALGOBUILD 1.3.0
2023-08-10 07:50:25,726 [INFO] ThirdParty:1030 - CMSIS Pack Vendor :STMicroelectronics X-CUBE-BLE1 6.2.4
2023-08-10 07:50:25,726 [INFO] ThirdParty:1030 - CMSIS Pack Vendor :STMicroelectronics X-CUBE-AZRTOS-L5 1.1.0
2023-08-10 07:50:25,726 [INFO] ThirdParty:1030 - CMSIS Pack Vendor :STMicroelectronics FreeRTOS 0.0.1
2023-08-10 07:50:25,726 [INFO] ThirdParty:1030 - CMSIS Pack Vendor :STMicroelectronics X-CUBE-AZRTOS-G0 1.1.0
2023-08-10 07:50:25,726 [INFO] ThirdParty:1030 - CMSIS Pack Vendor :emotas I-CUBE-CANOPEN 1.1.3
2023-08-10 07:50:25,726 [INFO] ThirdParty:1030 - CMSIS Pack Vendor :STMicroelectronics X-CUBE-BLEMGR 2.0.0
2023-08-10 07:50:25,726 [INFO] ThirdParty:1030 - CMSIS Pack Vendor :STMicroelectronics X-CUBE-AI 8.0.1
2023-08-10 07:50:25,726 [INFO] ThirdParty:1030 - CMSIS Pack Vendor :STMicroelectronics X-CUBE-NFC4 3.0.0
2023-08-10 07:50:25,726 [INFO] ThirdParty:1030 - CMSIS Pack Vendor :STMicroelectronics X-CUBE-SUBG2 5.0.0
2023-08-10 07:50:25,726 [INFO] ThirdParty:1030 - CMSIS Pack Vendor :STMicroelectronics STM32_WPAN 1.0.0
2023-08-10 07:50:25,726 [INFO] ThirdParty:1030 - CMSIS Pack Vendor :STMicroelectronics lwIP 2.0.3
2023-08-10 07:50:25,726 [INFO] ThirdParty:1030 - CMSIS Pack Vendor :STMicroelectronics USB_HOST 1.0.0
2023-08-10 07:50:25,726 [INFO] ThirdParty:1030 - CMSIS Pack Vendor :STMicroelectronics X-CUBE-TOF1 3.3.1
2023-08-10 07:50:25,726 [INFO] ThirdParty:1030 - CMSIS Pack Vendor :STMicroelectronics X-CUBE-AZRTOS-G4 2.0.0
2023-08-10 07:50:25,726 [INFO] ThirdParty:1030 - CMSIS Pack Vendor :STMicroelectronics PDM2PCM 3.1.0
2023-08-10 07:50:25,726 [INFO] ThirdParty:1030 - CMSIS Pack Vendor :STMicroelectronics X-CUBE-AZRTOS-H7 3.1.0
2023-08-10 07:50:25,726 [INFO] ThirdParty:1030 - CMSIS Pack Vendor :STMicroelectronics X-CUBE-TOF1 3.3.0
2023-08-10 07:50:25,726 [INFO] ThirdParty:1030 - CMSIS Pack Vendor :STMicroelectronics PDM2PCM 3.3.0
2023-08-10 07:50:25,726 [INFO] ThirdParty:1030 - CMSIS Pack Vendor :STMicroelectronics X-CUBE-DISPLAY 3.0.0
2023-08-10 07:50:25,726 [INFO] ThirdParty:1030 - CMSIS Pack Vendor :STMicroelectronics FP-ATR-SIGFOX1 3.2.0
2023-08-10 07:50:25,726 [INFO] ThirdParty:1030 - CMSIS Pack Vendor :STMicroelectronics X-CUBE-AZRTOS-L4 1.0.0
2023-08-10 07:50:25,726 [INFO] ThirdParty:1030 - CMSIS Pack Vendor :STMicroelectronics HAL Drivers 0.0.0
2023-08-10 07:50:25,726 [INFO] ThirdParty:1030 - CMSIS Pack Vendor :STMicroelectronics MBEDTLS 2.16.2
2023-08-10 07:50:25,726 [INFO] ThirdParty:1030 - CMSIS Pack Vendor :STMicroelectronics X-CUBE-TOUCHGFX 4.22.0
2023-08-10 07:50:25,726 [INFO] ThirdParty:1030 - CMSIS Pack Vendor :STMicroelectronics X-CUBE-NFC7 1.0.1
2023-08-10 07:50:25,726 [INFO] ThirdParty:1030 - CMSIS Pack Vendor :STMicroelectronics MBEDTLS 2.14.1
2023-08-10 07:50:25,726 [INFO] ThirdParty:1030 - CMSIS Pack Vendor :STMicroelectronics X-CUBE-NFC7 1.0.0
2023-08-10 07:50:25,726 [INFO] ThirdParty:1030 - CMSIS Pack Vendor :STMicroelectronics X-CUBE-AZRTOS-WL 1.0.0
2023-08-10 07:50:25,726 [INFO] ThirdParty:1030 - CMSIS Pack Vendor :STMicroelectronics X-CUBE-EEPRMA1 4.1.0
2023-08-10 07:50:25,726 [INFO] ThirdParty:1030 - CMSIS Pack Vendor :portGmbH I-Cube-SoM-uGOAL 1.1.0
2023-08-10 07:50:25,726 [INFO] ThirdParty:1030 - CMSIS Pack Vendor :STMicroelectronics X-CUBE-ALS 1.0.1
2023-08-10 07:50:25,726 [INFO] ThirdParty:1030 - CMSIS Pack Vendor :STMicroelectronics ThreadX 1.0.0
2023-08-10 07:50:25,726 [INFO] ThirdParty:1030 - CMSIS Pack Vendor :STMicroelectronics X-CUBE-AZRTOS-WB 1.1.0
2023-08-10 07:50:25,726 [INFO] ThirdParty:1030 - CMSIS Pack Vendor :STMicroelectronics X-CUBE-AZRTOS-WL 2.0.0
2023-08-10 07:50:25,726 [INFO] ThirdParty:1030 - CMSIS Pack Vendor :SEGGER I-CUBE-embOS 1.3.1
2023-08-10 07:50:25,726 [INFO] ThirdParty:1030 - CMSIS Pack Vendor :STMicroelectronics USB_DEVICE 1.0.0
2023-08-10 07:50:25,726 [INFO] ThirdParty:1030 - CMSIS Pack Vendor :STMicroelectronics X-CUBE-AZRTOS-L4 2.0.0
2023-08-10 07:50:25,726 [INFO] ThirdParty:1030 - CMSIS Pack Vendor :STMicroelectronics ThreadX 0.0.2
2023-08-10 07:50:25,726 [INFO] ThirdParty:1030 - CMSIS Pack Vendor :WES I-CUBE-Cesium 1.3.0
2023-08-10 07:50:25,726 [INFO] ThirdParty:1030 - CMSIS Pack Vendor :STMicroelectronics FP-ATR-ASTRA1 2.0.0
2023-08-10 07:50:25,726 [INFO] ThirdParty:1030 - CMSIS Pack Vendor :STMicroelectronics lwIP 2.1.2
2023-08-10 07:50:25,726 [INFO] ThirdParty:1030 - CMSIS Pack Vendor :STMicroelectronics X-CUBE-SFXS2LP1 4.0.0
2023-08-10 07:50:25,726 [INFO] ThirdParty:1030 - CMSIS Pack Vendor :STMicroelectronics X-CUBE-BLE2 3.3.0
2023-08-10 07:50:25,726 [INFO] ThirdParty:1030 - CMSIS Pack Vendor :STMicroelectronics PDM2PCM 3.2.0
2023-08-10 07:50:25,726 [INFO] ThirdParty:841 - exiting critical section [change project]
2023-08-10 07:50:26,043 [INFO] PinOutPanel:1499 - setPackage(No Configuration,No Configuration)
2023-08-10 07:50:26,047 [INFO] PinOutPanel:1499 - setPackage(STM32F401RETx,LQFP64)
2023-08-10 07:50:26,684 [INFO] UtilMem:75 - Before build in PCC Used Memory: 570428032 Bytes (723517440)
2023-08-10 07:50:27,564 [INFO] UtilMem:75 - After build in PCC Used Memory: 619254696 Bytes (723517440)
2023-08-10 07:50:27,664 [INFO] ApiDbMcu:507 - Load IP Config File for FREERTOS
2023-08-10 07:50:27,694 [INFO] IPUIPlugin:80 - create IPUIPlugin
2023-08-10 07:50:27,694 [INFO] IPUIPlugin:80 - create IPUIPlugin
2023-08-10 07:50:27,694 [INFO] IPUIPlugin:80 - create IPUIPlugin
2023-08-10 07:50:27,694 [INFO] IPUIPlugin:80 - create IPUIPlugin
2023-08-10 07:50:27,694 [INFO] IPUIPlugin:80 - create IPUIPlugin
2023-08-10 07:50:27,694 [INFO] IPUIPlugin:80 - create IPUIPlugin
2023-08-10 07:50:27,694 [INFO] IPUIPlugin:80 - create IPUIPlugin
2023-08-10 07:50:27,694 [INFO] IPUIPlugin:80 - create IPUIPlugin
2023-08-10 07:50:27,694 [INFO] IPUIPlugin:80 - create IPUIPlugin
2023-08-10 07:50:27,698 [INFO] IPUIPlugin:80 - create IPUIPlugin
2023-08-10 07:50:27,698 [INFO] IPUIPlugin:80 - create IPUIPlugin
2023-08-10 07:50:27,698 [INFO] IPUIPlugin:80 - create IPUIPlugin
2023-08-10 07:50:27,699 [INFO] IPUIPlugin:80 - create IPUIPlugin
2023-08-10 07:50:27,699 [INFO] IPUIPlugin:80 - create IPUIPlugin
2023-08-10 07:50:27,699 [INFO] IPUIPlugin:80 - create IPUIPlugin
2023-08-10 07:50:27,699 [INFO] IPUIPlugin:80 - create IPUIPlugin
2023-08-10 07:50:27,699 [INFO] IPUIPlugin:80 - create IPUIPlugin
2023-08-10 07:50:27,699 [INFO] IPUIPlugin:80 - create IPUIPlugin
2023-08-10 07:50:27,699 [INFO] IPUIPlugin:80 - create IPUIPlugin
2023-08-10 07:50:27,699 [INFO] IPUIPlugin:80 - create IPUIPlugin
2023-08-10 07:50:27,699 [INFO] IPUIPlugin:80 - create IPUIPlugin
2023-08-10 07:50:27,699 [INFO] IPUIPlugin:80 - create IPUIPlugin
2023-08-10 07:50:27,699 [INFO] IPUIPlugin:80 - create IPUIPlugin
2023-08-10 07:50:27,699 [INFO] IPUIPlugin:80 - create IPUIPlugin
2023-08-10 07:50:27,699 [INFO] IPUIPlugin:80 - create IPUIPlugin
2023-08-10 07:50:27,699 [INFO] IPUIPlugin:80 - create IPUIPlugin
2023-08-10 07:50:27,699 [INFO] IPUIPlugin:80 - create IPUIPlugin
2023-08-10 07:50:27,699 [INFO] IPUIPlugin:80 - create IPUIPlugin
2023-08-10 07:50:27,699 [INFO] IPUIPlugin:80 - create IPUIPlugin
2023-08-10 07:50:27,699 [INFO] IPUIPlugin:80 - create IPUIPlugin
2023-08-10 07:50:27,699 [INFO] IPUIPlugin:80 - create IPUIPlugin
2023-08-10 07:50:27,703 [INFO] IPUIPlugin:80 - create IPUIPlugin
2023-08-10 07:50:27,703 [INFO] IPUIPlugin:80 - create IPUIPlugin
2023-08-10 07:50:27,703 [INFO] IPUIPlugin:80 - create IPUIPlugin
2023-08-10 07:50:27,703 [INFO] IPUIPlugin:80 - create IPUIPlugin
2023-08-10 07:50:27,703 [INFO] IPUIPlugin:80 - create IPUIPlugin
2023-08-10 07:50:27,709 [INFO] IPUIPlugin:80 - create IPUIPlugin
2023-08-10 07:50:27,709 [INFO] IPUIPlugin:80 - create IPUIPlugin
2023-08-10 07:50:27,715 [INFO] ApiDbMcu:507 - Load IP Config File for PDM2PCM
2023-08-10 07:50:27,764 [WARN] FreeRTOS:1023 - Null or empty value: should not occur! (nothing added to the table)
2023-08-10 07:50:28,019 [INFO] CADModel:165 - CPN selected for project levelSTM32F401RET6
2023-08-10 07:50:28,019 [INFO] CADModel:114 - Register for checkConnection events
2023-08-10 07:50:28,020 [INFO] RtosManager:697 - Active RTOS found at IOC load: FREERTOS [Cortex-M4NS]
2023-08-10 07:50:28,076 [INFO] OpenFileManager:328 - Restore cursor
2023-08-10 07:59:16,147 [WARN] IP:2113 - I2C_Coeff_DF not found: check if there is a RefParameter without a condition.
2023-08-10 07:59:16,147 [WARN] IP:2113 - Analog_Filter not found: check if there is a RefParameter without a condition.
2023-08-10 07:59:16,174 [WARN] IP:2113 - I2C_Coeff_DF not found: check if there is a RefParameter without a condition.
2023-08-10 07:59:16,174 [WARN] IP:2113 - Analog_Filter not found: check if there is a RefParameter without a condition.
2023-08-10 07:59:16,176 [WARN] IP:2113 - I2C_Coeff_DF not found: check if there is a RefParameter without a condition.
2023-08-10 07:59:16,176 [WARN] IP:2113 - Analog_Filter not found: check if there is a RefParameter without a condition.
2023-08-10 07:59:16,339 [WARN] IP:2113 - I2C_Coeff_DF not found: check if there is a RefParameter without a condition.
2023-08-10 07:59:16,339 [WARN] IP:2113 - Analog_Filter not found: check if there is a RefParameter without a condition.
2023-08-10 07:59:16,350 [WARN] IP:2113 - I2C_Coeff_DF not found: check if there is a RefParameter without a condition.
2023-08-10 07:59:16,350 [WARN] IP:2113 - Analog_Filter not found: check if there is a RefParameter without a condition.
2023-08-10 08:00:31,969 [WARN] IP:2113 - I2C_Coeff_DF not found: check if there is a RefParameter without a condition.
2023-08-10 08:00:31,969 [WARN] IP:2113 - Analog_Filter not found: check if there is a RefParameter without a condition.
2023-08-10 08:00:31,980 [WARN] IP:2113 - I2C_Coeff_DF not found: check if there is a RefParameter without a condition.
2023-08-10 08:00:31,980 [WARN] IP:2113 - Analog_Filter not found: check if there is a RefParameter without a condition.
2023-08-10 08:00:31,986 [WARN] IP:2113 - I2C_Coeff_DF not found: check if there is a RefParameter without a condition.
2023-08-10 08:00:31,986 [WARN] IP:2113 - Analog_Filter not found: check if there is a RefParameter without a condition.
2023-08-10 08:00:31,986 [WARN] IP:2113 - I2C_Coeff_DF not found: check if there is a RefParameter without a condition.
2023-08-10 08:00:31,986 [WARN] IP:2113 - Analog_Filter not found: check if there is a RefParameter without a condition.
2023-08-10 08:02:16,132 [INFO] NvicIntPanel:101 - NVIC parent = com.st.microxplorer.plugins.ip.nvic.MultiNvicIntPanel[,0,0,450x323,layout=javax.swing.BoxLayout,alignmentX=0.0,alignmentY=0.0,border=,flags=9,maximumSize=,minimumSize=,preferredSize=]
2023-08-10 08:02:26,190 [WARN] IP:2113 - I2C_Coeff_DF not found: check if there is a RefParameter without a condition.
2023-08-10 08:02:26,190 [WARN] IP:2113 - Analog_Filter not found: check if there is a RefParameter without a condition.
2023-08-10 08:02:26,207 [INFO] NvicIntPanel:101 - NVIC parent = com.st.microxplorer.plugins.ip.nvic.MultiNvicIntPanel[,0,0,0x0,invalid,layout=javax.swing.BoxLayout,alignmentX=0.0,alignmentY=0.0,border=,flags=9,maximumSize=,minimumSize=,preferredSize=]
2023-08-10 08:02:27,705 [INFO] NvicIntPanel:101 - NVIC parent = com.st.microxplorer.plugins.ip.nvic.MultiNvicIntPanel[,0,0,0x0,invalid,layout=javax.swing.BoxLayout,alignmentX=0.0,alignmentY=0.0,border=,flags=9,maximumSize=,minimumSize=,preferredSize=]
2023-08-10 08:03:32,394 [INFO] UtilMem:75 - End SaveConfig() Used Memory: 571370176 Bytes (723517440)
2023-08-10 08:03:34,232 [INFO] UtilMem:75 - End SaveConfig() Used Memory: 589722304 Bytes (723517440)
2023-08-10 08:03:35,668 [INFO] UtilMem:75 - End SaveConfig() Used Memory: 631139008 Bytes (723517440)
2023-08-10 08:03:39,191 [INFO] BlockDiagram:2759 - set Specific Code input for plugin: RTC
2023-08-10 08:03:39,192 [INFO] BlockDiagram:2759 - set Specific Code input for plugin: NVIC
2023-08-10 08:03:39,192 [INFO] BlockDiagram:2759 - set Specific Code input for plugin: FREERTOS
2023-08-10 08:03:39,192 [INFO] BlockDiagram:2759 - set Specific Code input for plugin: USART
2023-08-10 08:03:39,192 [INFO] BlockDiagram:2759 - set Specific Code input for plugin: USART
2023-08-10 08:03:39,192 [INFO] BlockDiagram:2759 - set Specific Code input for plugin: TIM1_8
2023-08-10 08:03:39,192 [INFO] BlockDiagram:2759 - set Specific Code input for plugin: TIM1_8
2023-08-10 08:03:39,192 [INFO] BlockDiagram:2759 - set Specific Code input for plugin: SYS
2023-08-10 08:03:39,193 [INFO] BlockDiagram:2759 - set Specific Code input for plugin: GPIO
2023-08-10 08:03:39,193 [INFO] BlockDiagram:2759 - set Specific Code input for plugin: RCC
2023-08-10 08:03:39,193 [INFO] BlockDiagram:2759 - set Specific Code input for plugin: I2C
2023-08-10 08:03:39,197 [INFO] CodeGenerator:793 - code generatio: config db path: C:\ST\STM32CubeIDE_1.12.0\STM32CubeIDE\plugins\com.st.stm32cube.common.mx_6.8.0.202302231600\\db\
2023-08-10 08:03:39,207 [WARN] IP:2113 - I2C_Coeff_DF not found: check if there is a RefParameter without a condition.
2023-08-10 08:03:39,207 [WARN] IP:2113 - Analog_Filter not found: check if there is a RefParameter without a condition.
2023-08-10 08:03:39,575 [INFO] CodeEngine:255 - oldGeneratedFile, D:\ST\git\STM32-NucleoF401RE\TEST001\MXTmpFiles\license.tmp_save
2023-08-10 08:03:39,990 [INFO] CodeEngine:279 - Generated code: D:\ST\git\STM32-NucleoF401RE\TEST001\MXTmpFiles\license.tmp
2023-08-10 08:03:40,096 [INFO] CodeEngine:255 - oldGeneratedFile, D:\ST\git\STM32-NucleoF401RE\TEST001\MXTmpFiles\gpio.tmp_save
2023-08-10 08:03:40,248 [INFO] CodeEngine:279 - Generated code: D:\ST\git\STM32-NucleoF401RE\TEST001\MXTmpFiles\gpio.tmp
2023-08-10 08:03:40,549 [INFO] Middleware:1439 - No code input for Bsp Dependency
2023-08-10 08:03:40,557 [INFO] CodeEngine:255 - oldGeneratedFile, D:\ST\git\STM32-NucleoF401RE\TEST001\MXTmpFiles\rtos_inc.tmp_save
2023-08-10 08:03:40,668 [INFO] CodeEngine:279 - Generated code: D:\ST\git\STM32-NucleoF401RE\TEST001\MXTmpFiles\rtos_inc.tmp
2023-08-10 08:03:40,671 [INFO] CodeEngine:255 - oldGeneratedFile, D:\ST\git\STM32-NucleoF401RE\TEST001\MXTmpFiles\rtos_kernelInit.tmp_save
2023-08-10 08:03:40,762 [INFO] CodeEngine:279 - Generated code: D:\ST\git\STM32-NucleoF401RE\TEST001\MXTmpFiles\rtos_kernelInit.tmp
2023-08-10 08:03:40,773 [INFO] CodeEngine:255 - oldGeneratedFile, D:\ST\git\STM32-NucleoF401RE\TEST001\MXTmpFiles\rtos_kernelStart.tmp_save
2023-08-10 08:03:40,854 [INFO] CodeEngine:279 - Generated code: D:\ST\git\STM32-NucleoF401RE\TEST001\MXTmpFiles\rtos_kernelStart.tmp
2023-08-10 08:03:40,866 [INFO] CodeEngine:255 - oldGeneratedFile, D:\ST\git\STM32-NucleoF401RE\TEST001\MXTmpFiles\rtos_typedefs.tmp_save
2023-08-10 08:03:40,949 [INFO] CodeEngine:279 - Generated code: D:\ST\git\STM32-NucleoF401RE\TEST001\MXTmpFiles\rtos_typedefs.tmp
2023-08-10 08:03:40,963 [INFO] CodeEngine:255 - oldGeneratedFile, D:\ST\git\STM32-NucleoF401RE\TEST001\MXTmpFiles\rtos_vars.tmp_save
2023-08-10 08:03:41,084 [INFO] CodeEngine:279 - Generated code: D:\ST\git\STM32-NucleoF401RE\TEST001\MXTmpFiles\rtos_vars.tmp
2023-08-10 08:03:41,088 [INFO] CodeEngine:255 - oldGeneratedFile, D:\ST\git\STM32-NucleoF401RE\TEST001\MXTmpFiles\rtos_pfp.tmp_save
2023-08-10 08:03:41,172 [INFO] CodeEngine:279 - Generated code: D:\ST\git\STM32-NucleoF401RE\TEST001\MXTmpFiles\rtos_pfp.tmp
2023-08-10 08:03:41,201 [INFO] CodeEngine:255 - oldGeneratedFile, D:\ST\git\STM32-NucleoF401RE\TEST001\MXTmpFiles\rtos_obj_creat.tmp_save
2023-08-10 08:03:41,285 [INFO] CodeEngine:279 - Generated code: D:\ST\git\STM32-NucleoF401RE\TEST001\MXTmpFiles\rtos_obj_creat.tmp
2023-08-10 08:03:41,288 [INFO] CodeEngine:255 - oldGeneratedFile, D:\ST\git\STM32-NucleoF401RE\TEST001\MXTmpFiles\rtos_default_thread.tmp_save
2023-08-10 08:03:41,345 [INFO] CodeEngine:279 - Generated code: D:\ST\git\STM32-NucleoF401RE\TEST001\MXTmpFiles\rtos_default_thread.tmp
2023-08-10 08:03:41,354 [INFO] CodeEngine:255 - oldGeneratedFile, D:\ST\git\STM32-NucleoF401RE\TEST001\MXTmpFiles\rtos_threads.tmp_save
2023-08-10 08:03:41,437 [INFO] CodeEngine:279 - Generated code: D:\ST\git\STM32-NucleoF401RE\TEST001\MXTmpFiles\rtos_threads.tmp
2023-08-10 08:03:41,454 [INFO] Middleware:1439 - No code input for Bsp Dependency
2023-08-10 08:03:41,467 [INFO] CodeEngine:255 - oldGeneratedFile, D:\ST\git\STM32-NucleoF401RE\TEST001\MXTmpFiles\rtos_inc.tmp_save
2023-08-10 08:03:41,537 [INFO] CodeEngine:279 - Generated code: D:\ST\git\STM32-NucleoF401RE\TEST001\MXTmpFiles\rtos_inc.tmp
2023-08-10 08:03:41,546 [INFO] CodeEngine:255 - oldGeneratedFile, D:\ST\git\STM32-NucleoF401RE\TEST001\MXTmpFiles\rtos_kernelInit.tmp_save
2023-08-10 08:03:41,580 [INFO] CodeEngine:279 - Generated code: D:\ST\git\STM32-NucleoF401RE\TEST001\MXTmpFiles\rtos_kernelInit.tmp
2023-08-10 08:03:41,587 [INFO] CodeEngine:255 - oldGeneratedFile, D:\ST\git\STM32-NucleoF401RE\TEST001\MXTmpFiles\rtos_kernelStart.tmp_save
2023-08-10 08:03:41,620 [INFO] CodeEngine:279 - Generated code: D:\ST\git\STM32-NucleoF401RE\TEST001\MXTmpFiles\rtos_kernelStart.tmp
2023-08-10 08:03:41,630 [INFO] CodeEngine:255 - oldGeneratedFile, D:\ST\git\STM32-NucleoF401RE\TEST001\MXTmpFiles\rtos_typedefs.tmp_save
2023-08-10 08:03:41,669 [INFO] CodeEngine:279 - Generated code: D:\ST\git\STM32-NucleoF401RE\TEST001\MXTmpFiles\rtos_typedefs.tmp
2023-08-10 08:03:41,681 [INFO] CodeEngine:255 - oldGeneratedFile, D:\ST\git\STM32-NucleoF401RE\TEST001\MXTmpFiles\rtos_vars.tmp_save
2023-08-10 08:03:41,721 [INFO] CodeEngine:279 - Generated code: D:\ST\git\STM32-NucleoF401RE\TEST001\MXTmpFiles\rtos_vars.tmp
2023-08-10 08:03:41,733 [INFO] CodeEngine:255 - oldGeneratedFile, D:\ST\git\STM32-NucleoF401RE\TEST001\MXTmpFiles\rtos_pfp.tmp_save
2023-08-10 08:03:41,773 [INFO] CodeEngine:279 - Generated code: D:\ST\git\STM32-NucleoF401RE\TEST001\MXTmpFiles\rtos_pfp.tmp
2023-08-10 08:03:41,784 [INFO] CodeEngine:255 - oldGeneratedFile, D:\ST\git\STM32-NucleoF401RE\TEST001\MXTmpFiles\rtos_obj_creat.tmp_save
2023-08-10 08:03:41,820 [INFO] CodeEngine:279 - Generated code: D:\ST\git\STM32-NucleoF401RE\TEST001\MXTmpFiles\rtos_obj_creat.tmp
2023-08-10 08:03:41,820 [INFO] CodeEngine:255 - oldGeneratedFile, D:\ST\git\STM32-NucleoF401RE\TEST001\MXTmpFiles\rtos_default_thread.tmp_save
2023-08-10 08:03:41,866 [INFO] CodeEngine:279 - Generated code: D:\ST\git\STM32-NucleoF401RE\TEST001\MXTmpFiles\rtos_default_thread.tmp
2023-08-10 08:03:41,870 [INFO] CodeEngine:255 - oldGeneratedFile, D:\ST\git\STM32-NucleoF401RE\TEST001\MXTmpFiles\rtos_threads.tmp_save
2023-08-10 08:03:41,921 [INFO] CodeEngine:279 - Generated code: D:\ST\git\STM32-NucleoF401RE\TEST001\MXTmpFiles\rtos_threads.tmp
2023-08-10 08:03:41,947 [INFO] CodeEngine:255 - oldGeneratedFile, D:\ST\git\STM32-NucleoF401RE\TEST001\Core\Inc\FreeRTOSConfig.h_save
2023-08-10 08:03:42,021 [INFO] CodeEngine:279 - Generated code: D:\ST\git\STM32-NucleoF401RE\TEST001\Core\Inc\FreeRTOSConfig.h
2023-08-10 08:03:42,051 [INFO] CodeEngine:255 - oldGeneratedFile, D:\ST\git\STM32-NucleoF401RE\TEST001\Core\Src\freertos.c_save
2023-08-10 08:03:42,126 [INFO] CodeEngine:279 - Generated code: D:\ST\git\STM32-NucleoF401RE\TEST001\Core\Src\freertos.c
2023-08-10 08:03:42,154 [INFO] CodeEngine:255 - oldGeneratedFile, D:\ST\git\STM32-NucleoF401RE\TEST001\Core\Src\stm32f4xx_it.c_save
2023-08-10 08:03:42,306 [INFO] CodeEngine:279 - Generated code: D:\ST\git\STM32-NucleoF401RE\TEST001\Core\Src\stm32f4xx_it.c
2023-08-10 08:03:42,328 [INFO] CodeEngine:255 - oldGeneratedFile, D:\ST\git\STM32-NucleoF401RE\TEST001\Core\Inc\stm32f4xx_it.h_save
2023-08-10 08:03:42,404 [INFO] CodeEngine:279 - Generated code: D:\ST\git\STM32-NucleoF401RE\TEST001\Core\Inc\stm32f4xx_it.h
2023-08-10 08:03:42,434 [INFO] CodeEngine:255 - oldGeneratedFile, D:\ST\git\STM32-NucleoF401RE\TEST001\Core\Src\stm32f4xx_hal_msp.c_save
2023-08-10 08:03:42,637 [INFO] CodeEngine:279 - Generated code: D:\ST\git\STM32-NucleoF401RE\TEST001\Core\Src\stm32f4xx_hal_msp.c
2023-08-10 08:03:42,661 [INFO] CodeEngine:255 - oldGeneratedFile, D:\ST\git\STM32-NucleoF401RE\TEST001\MXTmpFiles\system.tmp_save
2023-08-10 08:03:42,718 [INFO] CodeEngine:279 - Generated code: D:\ST\git\STM32-NucleoF401RE\TEST001\MXTmpFiles\system.tmp
2023-08-10 08:03:42,736 [INFO] CodeEngine:255 - oldGeneratedFile, D:\ST\git\STM32-NucleoF401RE\TEST001\Core\Src\stm32f4xx_hal_timebase_tim.c_save
2023-08-10 08:03:42,873 [INFO] CodeEngine:279 - Generated code: D:\ST\git\STM32-NucleoF401RE\TEST001\Core\Src\stm32f4xx_hal_timebase_tim.c
2023-08-10 08:03:42,903 [INFO] CodeEngine:311 - oldGeneratedFile, D:\ST\git\STM32-NucleoF401RE\TEST001\Core\Inc\stm32f4xx_hal_conf.h_save
2023-08-10 08:03:43,019 [INFO] CodeEngine:335 - Generated code: D:\ST\git\STM32-NucleoF401RE\TEST001\Core\Inc\stm32f4xx_hal_conf.h
2023-08-10 08:03:43,071 [WARN] IPConfigManager:3431 - IP not found : TIM
2023-08-10 08:03:43,071 [WARN] CodeGenerator:3754 - IP not found : null
2023-08-10 08:03:43,107 [INFO] CodeEngine:255 - oldGeneratedFile, D:\ST\git\STM32-NucleoF401RE\TEST001\Core\Inc\main.h_save
2023-08-10 08:03:43,210 [INFO] CodeEngine:279 - Generated code: D:\ST\git\STM32-NucleoF401RE\TEST001\Core\Inc\main.h
2023-08-10 08:03:43,229 [INFO] CodeEngine:255 - oldGeneratedFile, D:\ST\git\STM32-NucleoF401RE\TEST001\Core\Src\main.c_save
2023-08-10 08:03:43,419 [INFO] CodeEngine:279 - Generated code: D:\ST\git\STM32-NucleoF401RE\TEST001\Core\Src\main.c
2023-08-10 08:03:44,388 [INFO] ProjectBuilder:2996 - Time for Copy HAL[1] : 434mS.
2023-08-10 08:03:44,401 [INFO] ProjectBuilder:4304 - Project Generator version: 3.19.2
2023-08-10 08:03:44,678 [INFO] ConfigFileManager:1483 - The Die is : DIE433
2023-08-10 08:03:44,685 [INFO] ApiDbMcu:507 - Load IP Config File for FATFS
2023-08-10 08:03:44,702 [INFO] ApiDbMcu:507 - Load IP Config File for LIBJPEG
2023-08-10 08:03:44,719 [INFO] ApiDbMcu:507 - Load IP Config File for MBEDTLS
2023-08-10 08:03:44,729 [INFO] ApiDbMcu:507 - Load IP Config File for USB_DEVICE
2023-08-10 08:03:44,745 [INFO] ApiDbMcu:507 - Load IP Config File for USB_HOST
2023-08-10 08:03:45,834 [INFO] LogOutputStream:77 - [STDOUT_REDIRECT] 
2023-08-10 08:03:48,740 [INFO] ProjectBuilder:4505 - Time for Generating toolchain IDE Files: 4338mS.
2023-08-10 08:03:48,740 [INFO] ProjectBuilder:2867 - Time for Copy CMSIS : 0mS.
2023-08-10 08:03:48,740 [INFO] ProjectBuilder:2867 - Time for Copy CMSIS : 0mS.
2023-08-10 08:04:24,208 [WARN] IP:2113 - I2C_Coeff_DF not found: check if there is a RefParameter without a condition.
2023-08-10 08:04:24,208 [WARN] IP:2113 - Analog_Filter not found: check if there is a RefParameter without a condition.
2023-08-10 08:04:24,208 [WARN] IP:2113 - I2C_Coeff_DF not found: check if there is a RefParameter without a condition.
2023-08-10 08:04:24,208 [WARN] IP:2113 - Analog_Filter not found: check if there is a RefParameter without a condition.
2023-08-10 08:04:35,016 [WARN] IP:2113 - I2C_Coeff_DF not found: check if there is a RefParameter without a condition.
2023-08-10 08:04:35,016 [WARN] IP:2113 - Analog_Filter not found: check if there is a RefParameter without a condition.
2023-08-10 08:04:35,016 [WARN] IP:2113 - I2C_Coeff_DF not found: check if there is a RefParameter without a condition.
2023-08-10 08:04:35,016 [WARN] IP:2113 - Analog_Filter not found: check if there is a RefParameter without a condition.
2023-08-10 08:04:35,044 [INFO] NvicIntPanel:101 - NVIC parent = com.st.microxplorer.plugins.ip.nvic.MultiNvicIntPanel[,0,0,0x0,invalid,layout=javax.swing.BoxLayout,alignmentX=0.0,alignmentY=0.0,border=,flags=9,maximumSize=,minimumSize=,preferredSize=]
2023-08-10 08:04:35,068 [WARN] IP:2113 - I2C_Coeff_DF not found: check if there is a RefParameter without a condition.
2023-08-10 08:04:35,068 [WARN] IP:2113 - Analog_Filter not found: check if there is a RefParameter without a condition.
2023-08-10 08:04:35,074 [WARN] IP:2113 - I2C_Coeff_DF not found: check if there is a RefParameter without a condition.
2023-08-10 08:04:35,074 [WARN] IP:2113 - Analog_Filter not found: check if there is a RefParameter without a condition.
2023-08-10 08:04:41,923 [INFO] UtilMem:75 - End SaveConfig() Used Memory: 662993856 Bytes (940572672)
2023-08-10 08:04:43,544 [INFO] UtilMem:75 - End SaveConfig() Used Memory: 614493216 Bytes (940572672)
2023-08-10 08:04:43,694 [INFO] UtilMem:75 - End SaveConfig() Used Memory: 667383880 Bytes (940572672)
2023-08-10 08:04:46,909 [INFO] BlockDiagram:2759 - set Specific Code input for plugin: RTC
2023-08-10 08:04:46,909 [INFO] BlockDiagram:2759 - set Specific Code input for plugin: NVIC
2023-08-10 08:04:46,909 [INFO] BlockDiagram:2759 - set Specific Code input for plugin: FREERTOS
2023-08-10 08:04:46,909 [INFO] BlockDiagram:2759 - set Specific Code input for plugin: USART
2023-08-10 08:04:46,909 [INFO] BlockDiagram:2759 - set Specific Code input for plugin: USART
2023-08-10 08:04:46,909 [INFO] BlockDiagram:2759 - set Specific Code input for plugin: TIM1_8
2023-08-10 08:04:46,909 [INFO] BlockDiagram:2759 - set Specific Code input for plugin: TIM1_8
2023-08-10 08:04:46,909 [INFO] BlockDiagram:2759 - set Specific Code input for plugin: SYS
2023-08-10 08:04:46,910 [INFO] BlockDiagram:2759 - set Specific Code input for plugin: GPIO
2023-08-10 08:04:46,910 [INFO] BlockDiagram:2759 - set Specific Code input for plugin: RCC
2023-08-10 08:04:46,911 [INFO] BlockDiagram:2759 - set Specific Code input for plugin: I2C
2023-08-10 08:04:46,911 [INFO] CodeGenerator:793 - code generatio: config db path: C:\ST\STM32CubeIDE_1.12.0\STM32CubeIDE\plugins\com.st.stm32cube.common.mx_6.8.0.202302231600\\db\
2023-08-10 08:04:46,913 [WARN] IP:2113 - I2C_Coeff_DF not found: check if there is a RefParameter without a condition.
2023-08-10 08:04:46,913 [WARN] IP:2113 - Analog_Filter not found: check if there is a RefParameter without a condition.
2023-08-10 08:04:47,041 [INFO] CodeEngine:255 - oldGeneratedFile, D:\ST\git\STM32-NucleoF401RE\TEST001\MXTmpFiles\license.tmp_save
2023-08-10 08:04:47,109 [INFO] CodeEngine:279 - Generated code: D:\ST\git\STM32-NucleoF401RE\TEST001\MXTmpFiles\license.tmp
2023-08-10 08:04:47,163 [INFO] CodeEngine:255 - oldGeneratedFile, D:\ST\git\STM32-NucleoF401RE\TEST001\MXTmpFiles\gpio.tmp_save
2023-08-10 08:04:47,235 [INFO] CodeEngine:279 - Generated code: D:\ST\git\STM32-NucleoF401RE\TEST001\MXTmpFiles\gpio.tmp
2023-08-10 08:04:47,380 [INFO] Middleware:1439 - No code input for Bsp Dependency
2023-08-10 08:04:47,385 [INFO] CodeEngine:255 - oldGeneratedFile, D:\ST\git\STM32-NucleoF401RE\TEST001\MXTmpFiles\rtos_inc.tmp_save
2023-08-10 08:04:47,449 [INFO] CodeEngine:279 - Generated code: D:\ST\git\STM32-NucleoF401RE\TEST001\MXTmpFiles\rtos_inc.tmp
2023-08-10 08:04:47,452 [INFO] CodeEngine:255 - oldGeneratedFile, D:\ST\git\STM32-NucleoF401RE\TEST001\MXTmpFiles\rtos_kernelInit.tmp_save
2023-08-10 08:04:47,499 [INFO] CodeEngine:279 - Generated code: D:\ST\git\STM32-NucleoF401RE\TEST001\MXTmpFiles\rtos_kernelInit.tmp
2023-08-10 08:04:47,502 [INFO] CodeEngine:255 - oldGeneratedFile, D:\ST\git\STM32-NucleoF401RE\TEST001\MXTmpFiles\rtos_kernelStart.tmp_save
2023-08-10 08:04:47,559 [INFO] CodeEngine:279 - Generated code: D:\ST\git\STM32-NucleoF401RE\TEST001\MXTmpFiles\rtos_kernelStart.tmp
2023-08-10 08:04:47,561 [INFO] CodeEngine:255 - oldGeneratedFile, D:\ST\git\STM32-NucleoF401RE\TEST001\MXTmpFiles\rtos_typedefs.tmp_save
2023-08-10 08:04:47,607 [INFO] CodeEngine:279 - Generated code: D:\ST\git\STM32-NucleoF401RE\TEST001\MXTmpFiles\rtos_typedefs.tmp
2023-08-10 08:04:47,609 [INFO] CodeEngine:255 - oldGeneratedFile, D:\ST\git\STM32-NucleoF401RE\TEST001\MXTmpFiles\rtos_vars.tmp_save
2023-08-10 08:04:47,663 [INFO] CodeEngine:279 - Generated code: D:\ST\git\STM32-NucleoF401RE\TEST001\MXTmpFiles\rtos_vars.tmp
2023-08-10 08:04:47,665 [INFO] CodeEngine:255 - oldGeneratedFile, D:\ST\git\STM32-NucleoF401RE\TEST001\MXTmpFiles\rtos_pfp.tmp_save
2023-08-10 08:04:47,714 [INFO] CodeEngine:279 - Generated code: D:\ST\git\STM32-NucleoF401RE\TEST001\MXTmpFiles\rtos_pfp.tmp
2023-08-10 08:04:47,716 [INFO] CodeEngine:255 - oldGeneratedFile, D:\ST\git\STM32-NucleoF401RE\TEST001\MXTmpFiles\rtos_obj_creat.tmp_save
2023-08-10 08:04:47,758 [INFO] CodeEngine:279 - Generated code: D:\ST\git\STM32-NucleoF401RE\TEST001\MXTmpFiles\rtos_obj_creat.tmp
2023-08-10 08:04:47,758 [INFO] CodeEngine:255 - oldGeneratedFile, D:\ST\git\STM32-NucleoF401RE\TEST001\MXTmpFiles\rtos_default_thread.tmp_save
2023-08-10 08:04:47,824 [INFO] CodeEngine:279 - Generated code: D:\ST\git\STM32-NucleoF401RE\TEST001\MXTmpFiles\rtos_default_thread.tmp
2023-08-10 08:04:47,824 [INFO] CodeEngine:255 - oldGeneratedFile, D:\ST\git\STM32-NucleoF401RE\TEST001\MXTmpFiles\rtos_threads.tmp_save
2023-08-10 08:04:47,874 [INFO] CodeEngine:279 - Generated code: D:\ST\git\STM32-NucleoF401RE\TEST001\MXTmpFiles\rtos_threads.tmp
2023-08-10 08:04:47,884 [INFO] Middleware:1439 - No code input for Bsp Dependency
2023-08-10 08:04:47,891 [INFO] CodeEngine:255 - oldGeneratedFile, D:\ST\git\STM32-NucleoF401RE\TEST001\MXTmpFiles\rtos_inc.tmp_save
2023-08-10 08:04:47,958 [INFO] CodeEngine:279 - Generated code: D:\ST\git\STM32-NucleoF401RE\TEST001\MXTmpFiles\rtos_inc.tmp
2023-08-10 08:04:47,968 [INFO] CodeEngine:255 - oldGeneratedFile, D:\ST\git\STM32-NucleoF401RE\TEST001\MXTmpFiles\rtos_kernelInit.tmp_save
2023-08-10 08:04:48,007 [INFO] CodeEngine:279 - Generated code: D:\ST\git\STM32-NucleoF401RE\TEST001\MXTmpFiles\rtos_kernelInit.tmp
2023-08-10 08:04:48,018 [INFO] CodeEngine:255 - oldGeneratedFile, D:\ST\git\STM32-NucleoF401RE\TEST001\MXTmpFiles\rtos_kernelStart.tmp_save
2023-08-10 08:04:48,074 [INFO] CodeEngine:279 - Generated code: D:\ST\git\STM32-NucleoF401RE\TEST001\MXTmpFiles\rtos_kernelStart.tmp
2023-08-10 08:04:48,074 [INFO] CodeEngine:255 - oldGeneratedFile, D:\ST\git\STM32-NucleoF401RE\TEST001\MXTmpFiles\rtos_typedefs.tmp_save
2023-08-10 08:04:48,124 [INFO] CodeEngine:279 - Generated code: D:\ST\git\STM32-NucleoF401RE\TEST001\MXTmpFiles\rtos_typedefs.tmp
2023-08-10 08:04:48,136 [INFO] CodeEngine:255 - oldGeneratedFile, D:\ST\git\STM32-NucleoF401RE\TEST001\MXTmpFiles\rtos_vars.tmp_save
2023-08-10 08:04:48,174 [INFO] CodeEngine:279 - Generated code: D:\ST\git\STM32-NucleoF401RE\TEST001\MXTmpFiles\rtos_vars.tmp
2023-08-10 08:04:48,185 [INFO] CodeEngine:255 - oldGeneratedFile, D:\ST\git\STM32-NucleoF401RE\TEST001\MXTmpFiles\rtos_pfp.tmp_save
2023-08-10 08:04:48,241 [INFO] CodeEngine:279 - Generated code: D:\ST\git\STM32-NucleoF401RE\TEST001\MXTmpFiles\rtos_pfp.tmp
2023-08-10 08:04:48,257 [INFO] CodeEngine:255 - oldGeneratedFile, D:\ST\git\STM32-NucleoF401RE\TEST001\MXTmpFiles\rtos_obj_creat.tmp_save
2023-08-10 08:04:48,301 [INFO] CodeEngine:279 - Generated code: D:\ST\git\STM32-NucleoF401RE\TEST001\MXTmpFiles\rtos_obj_creat.tmp
2023-08-10 08:04:48,307 [INFO] CodeEngine:255 - oldGeneratedFile, D:\ST\git\STM32-NucleoF401RE\TEST001\MXTmpFiles\rtos_default_thread.tmp_save
2023-08-10 08:04:48,374 [INFO] CodeEngine:279 - Generated code: D:\ST\git\STM32-NucleoF401RE\TEST001\MXTmpFiles\rtos_default_thread.tmp
2023-08-10 08:04:48,374 [INFO] CodeEngine:255 - oldGeneratedFile, D:\ST\git\STM32-NucleoF401RE\TEST001\MXTmpFiles\rtos_threads.tmp_save
2023-08-10 08:04:48,424 [INFO] CodeEngine:279 - Generated code: D:\ST\git\STM32-NucleoF401RE\TEST001\MXTmpFiles\rtos_threads.tmp
2023-08-10 08:04:48,441 [INFO] CodeEngine:255 - oldGeneratedFile, D:\ST\git\STM32-NucleoF401RE\TEST001\Core\Inc\FreeRTOSConfig.h_save
2023-08-10 08:04:48,507 [INFO] CodeEngine:279 - Generated code: D:\ST\git\STM32-NucleoF401RE\TEST001\Core\Inc\FreeRTOSConfig.h
2023-08-10 08:04:48,517 [INFO] CodeEngine:255 - oldGeneratedFile, D:\ST\git\STM32-NucleoF401RE\TEST001\Core\Src\freertos.c_save
2023-08-10 08:04:48,569 [INFO] CodeEngine:279 - Generated code: D:\ST\git\STM32-NucleoF401RE\TEST001\Core\Src\freertos.c
2023-08-10 08:04:48,589 [INFO] CodeEngine:255 - oldGeneratedFile, D:\ST\git\STM32-NucleoF401RE\TEST001\Core\Src\stm32f4xx_it.c_save
2023-08-10 08:04:48,683 [INFO] CodeEngine:279 - Generated code: D:\ST\git\STM32-NucleoF401RE\TEST001\Core\Src\stm32f4xx_it.c
2023-08-10 08:04:48,684 [INFO] CodeEngine:255 - oldGeneratedFile, D:\ST\git\STM32-NucleoF401RE\TEST001\Core\Inc\stm32f4xx_it.h_save
2023-08-10 08:04:48,741 [INFO] CodeEngine:279 - Generated code: D:\ST\git\STM32-NucleoF401RE\TEST001\Core\Inc\stm32f4xx_it.h
2023-08-10 08:04:48,757 [INFO] CodeEngine:255 - oldGeneratedFile, D:\ST\git\STM32-NucleoF401RE\TEST001\Core\Src\stm32f4xx_hal_msp.c_save
2023-08-10 08:04:48,840 [INFO] CodeEngine:279 - Generated code: D:\ST\git\STM32-NucleoF401RE\TEST001\Core\Src\stm32f4xx_hal_msp.c
2023-08-10 08:04:48,840 [INFO] CodeEngine:255 - oldGeneratedFile, D:\ST\git\STM32-NucleoF401RE\TEST001\MXTmpFiles\system.tmp_save
2023-08-10 08:04:48,891 [INFO] CodeEngine:279 - Generated code: D:\ST\git\STM32-NucleoF401RE\TEST001\MXTmpFiles\system.tmp
2023-08-10 08:04:48,901 [INFO] CodeEngine:255 - oldGeneratedFile, D:\ST\git\STM32-NucleoF401RE\TEST001\Core\Src\stm32f4xx_hal_timebase_tim.c_save
2023-08-10 08:04:48,953 [INFO] CodeEngine:279 - Generated code: D:\ST\git\STM32-NucleoF401RE\TEST001\Core\Src\stm32f4xx_hal_timebase_tim.c
2023-08-10 08:04:48,966 [INFO] CodeEngine:311 - oldGeneratedFile, D:\ST\git\STM32-NucleoF401RE\TEST001\Core\Inc\stm32f4xx_hal_conf.h_save
2023-08-10 08:04:49,040 [INFO] CodeEngine:335 - Generated code: D:\ST\git\STM32-NucleoF401RE\TEST001\Core\Inc\stm32f4xx_hal_conf.h
2023-08-10 08:04:49,067 [WARN] IPConfigManager:3431 - IP not found : TIM
2023-08-10 08:04:49,067 [WARN] CodeGenerator:3754 - IP not found : null
2023-08-10 08:04:49,073 [INFO] CodeEngine:255 - oldGeneratedFile, D:\ST\git\STM32-NucleoF401RE\TEST001\Core\Inc\main.h_save
2023-08-10 08:04:49,157 [INFO] CodeEngine:279 - Generated code: D:\ST\git\STM32-NucleoF401RE\TEST001\Core\Inc\main.h
2023-08-10 08:04:49,168 [INFO] CodeEngine:255 - oldGeneratedFile, D:\ST\git\STM32-NucleoF401RE\TEST001\Core\Src\main.c_save
2023-08-10 08:04:49,273 [INFO] CodeEngine:279 - Generated code: D:\ST\git\STM32-NucleoF401RE\TEST001\Core\Src\main.c
2023-08-10 08:04:49,861 [INFO] ProjectBuilder:2996 - Time for Copy HAL[1] : 178mS.
2023-08-10 08:04:49,871 [INFO] ProjectBuilder:4304 - Project Generator version: 3.19.2
2023-08-10 08:04:50,133 [INFO] ConfigFileManager:1483 - The Die is : DIE433
2023-08-10 08:04:51,390 [INFO] ProjectBuilder:4505 - Time for Generating toolchain IDE Files: 1519mS.
2023-08-10 08:04:51,390 [INFO] ProjectBuilder:2867 - Time for Copy CMSIS : 0mS.
2023-08-10 08:04:51,394 [INFO] ProjectBuilder:2867 - Time for Copy CMSIS : 0mS.
2023-08-10 14:55:30,740 [ERROR] RtosPanel:558 - Can not restore the selected Tab for FREERTOS(A reason can be that the tab is no more available.)
2023-08-10 14:55:34,180 [INFO] TasksAndQueuesTab:757 - Dynamic
2023-08-10 14:55:34,183 [WARN] TasksAndQueuesTab:763 - 256 128
2023-08-10 14:55:34,184 [WARN] TasksAndQueuesTab:775 - max value is: 3840.0
2023-08-10 14:55:34,184 [INFO] TasksAndQueuesTab:757 - Dynamic
2023-08-10 14:55:34,184 [WARN] TasksAndQueuesTab:763 - 256 128
2023-08-10 14:55:34,184 [WARN] TasksAndQueuesTab:775 - max value is: 3840.0
2023-08-10 14:55:34,184 [INFO] TasksAndQueuesTab:757 - Dynamic
2023-08-10 14:55:34,184 [WARN] TasksAndQueuesTab:763 - 256 128
2023-08-10 14:55:34,184 [WARN] TasksAndQueuesTab:775 - max value is: 3840.0
2023-08-10 14:55:38,658 [INFO] EditThreadDialog:704 - RAM SIZE (in KB): 96
2023-08-10 14:55:38,658 [INFO] EditThreadDialog:706 - RAM SIZE (in words): 24576
2023-08-10 14:56:13,344 [INFO] TasksAndQueuesTab:757 - Dynamic
2023-08-10 14:56:13,344 [WARN] TasksAndQueuesTab:763 - 256 128
2023-08-10 14:56:13,344 [WARN] TasksAndQueuesTab:775 - max value is: 3840.0
2023-08-10 14:56:13,344 [INFO] TasksAndQueuesTab:757 - Dynamic
2023-08-10 14:56:13,344 [WARN] TasksAndQueuesTab:763 - 384 128
2023-08-10 14:56:13,344 [WARN] TasksAndQueuesTab:775 - max value is: 3840.0
2023-08-10 14:56:13,344 [INFO] TasksAndQueuesTab:757 - Dynamic
2023-08-10 14:56:13,344 [WARN] TasksAndQueuesTab:763 - 256 128
2023-08-10 14:56:13,344 [WARN] TasksAndQueuesTab:775 - max value is: 3840.0
2023-08-10 14:56:24,517 [INFO] UtilMem:75 - End SaveConfig() Used Memory: 620806752 Bytes (991952896)
2023-08-10 14:56:25,777 [INFO] UtilMem:75 - End SaveConfig() Used Memory: 645183224 Bytes (991952896)
2023-08-10 14:56:26,937 [INFO] UtilMem:75 - End SaveConfig() Used Memory: 688174840 Bytes (991952896)
2023-08-10 14:56:30,289 [INFO] BlockDiagram:2759 - set Specific Code input for plugin: RTC
2023-08-10 14:56:30,295 [INFO] BlockDiagram:2759 - set Specific Code input for plugin: NVIC
2023-08-10 14:56:30,295 [INFO] BlockDiagram:2759 - set Specific Code input for plugin: FREERTOS
2023-08-10 14:56:30,295 [INFO] BlockDiagram:2759 - set Specific Code input for plugin: USART
2023-08-10 14:56:30,295 [INFO] BlockDiagram:2759 - set Specific Code input for plugin: USART
2023-08-10 14:56:30,295 [INFO] BlockDiagram:2759 - set Specific Code input for plugin: TIM1_8
2023-08-10 14:56:30,295 [INFO] BlockDiagram:2759 - set Specific Code input for plugin: TIM1_8
2023-08-10 14:56:30,295 [INFO] BlockDiagram:2759 - set Specific Code input for plugin: SYS
2023-08-10 14:56:30,296 [INFO] BlockDiagram:2759 - set Specific Code input for plugin: GPIO
2023-08-10 14:56:30,296 [INFO] BlockDiagram:2759 - set Specific Code input for plugin: RCC
2023-08-10 14:56:30,296 [INFO] BlockDiagram:2759 - set Specific Code input for plugin: I2C
2023-08-10 14:56:30,296 [INFO] CodeGenerator:793 - code generatio: config db path: C:\ST\STM32CubeIDE_1.12.0\STM32CubeIDE\plugins\com.st.stm32cube.common.mx_6.8.0.202302231600\\db\
2023-08-10 14:56:30,305 [WARN] IP:2113 - I2C_Coeff_DF not found: check if there is a RefParameter without a condition.
2023-08-10 14:56:30,305 [WARN] IP:2113 - Analog_Filter not found: check if there is a RefParameter without a condition.
2023-08-10 14:56:30,471 [INFO] CodeEngine:255 - oldGeneratedFile, D:\ST\git\STM32-NucleoF401RE\TEST001\MXTmpFiles\license.tmp_save
2023-08-10 14:56:30,684 [INFO] CodeEngine:279 - Generated code: D:\ST\git\STM32-NucleoF401RE\TEST001\MXTmpFiles\license.tmp
2023-08-10 14:56:30,710 [INFO] CodeEngine:255 - oldGeneratedFile, D:\ST\git\STM32-NucleoF401RE\TEST001\MXTmpFiles\gpio.tmp_save
2023-08-10 14:56:30,790 [INFO] CodeEngine:279 - Generated code: D:\ST\git\STM32-NucleoF401RE\TEST001\MXTmpFiles\gpio.tmp
2023-08-10 14:56:31,126 [INFO] Middleware:1439 - No code input for Bsp Dependency
2023-08-10 14:56:31,132 [INFO] CodeEngine:255 - oldGeneratedFile, D:\ST\git\STM32-NucleoF401RE\TEST001\MXTmpFiles\rtos_inc.tmp_save
2023-08-10 14:56:31,207 [INFO] CodeEngine:279 - Generated code: D:\ST\git\STM32-NucleoF401RE\TEST001\MXTmpFiles\rtos_inc.tmp
2023-08-10 14:56:31,207 [INFO] CodeEngine:255 - oldGeneratedFile, D:\ST\git\STM32-NucleoF401RE\TEST001\MXTmpFiles\rtos_kernelInit.tmp_save
2023-08-10 14:56:31,312 [INFO] CodeEngine:279 - Generated code: D:\ST\git\STM32-NucleoF401RE\TEST001\MXTmpFiles\rtos_kernelInit.tmp
2023-08-10 14:56:31,315 [INFO] CodeEngine:255 - oldGeneratedFile, D:\ST\git\STM32-NucleoF401RE\TEST001\MXTmpFiles\rtos_kernelStart.tmp_save
2023-08-10 14:56:31,375 [INFO] CodeEngine:279 - Generated code: D:\ST\git\STM32-NucleoF401RE\TEST001\MXTmpFiles\rtos_kernelStart.tmp
2023-08-10 14:56:31,375 [INFO] CodeEngine:255 - oldGeneratedFile, D:\ST\git\STM32-NucleoF401RE\TEST001\MXTmpFiles\rtos_typedefs.tmp_save
2023-08-10 14:56:31,431 [INFO] CodeEngine:279 - Generated code: D:\ST\git\STM32-NucleoF401RE\TEST001\MXTmpFiles\rtos_typedefs.tmp
2023-08-10 14:56:31,431 [INFO] CodeEngine:255 - oldGeneratedFile, D:\ST\git\STM32-NucleoF401RE\TEST001\MXTmpFiles\rtos_vars.tmp_save
2023-08-10 14:56:31,506 [INFO] CodeEngine:279 - Generated code: D:\ST\git\STM32-NucleoF401RE\TEST001\MXTmpFiles\rtos_vars.tmp
2023-08-10 14:56:31,512 [INFO] CodeEngine:255 - oldGeneratedFile, D:\ST\git\STM32-NucleoF401RE\TEST001\MXTmpFiles\rtos_pfp.tmp_save
2023-08-10 14:56:31,570 [INFO] CodeEngine:279 - Generated code: D:\ST\git\STM32-NucleoF401RE\TEST001\MXTmpFiles\rtos_pfp.tmp
2023-08-10 14:56:31,572 [INFO] CodeEngine:255 - oldGeneratedFile, D:\ST\git\STM32-NucleoF401RE\TEST001\MXTmpFiles\rtos_obj_creat.tmp_save
2023-08-10 14:56:31,633 [INFO] CodeEngine:279 - Generated code: D:\ST\git\STM32-NucleoF401RE\TEST001\MXTmpFiles\rtos_obj_creat.tmp
2023-08-10 14:56:31,637 [INFO] CodeEngine:255 - oldGeneratedFile, D:\ST\git\STM32-NucleoF401RE\TEST001\MXTmpFiles\rtos_default_thread.tmp_save
2023-08-10 14:56:31,695 [INFO] CodeEngine:279 - Generated code: D:\ST\git\STM32-NucleoF401RE\TEST001\MXTmpFiles\rtos_default_thread.tmp
2023-08-10 14:56:31,695 [INFO] CodeEngine:255 - oldGeneratedFile, D:\ST\git\STM32-NucleoF401RE\TEST001\MXTmpFiles\rtos_threads.tmp_save
2023-08-10 14:56:31,756 [INFO] CodeEngine:279 - Generated code: D:\ST\git\STM32-NucleoF401RE\TEST001\MXTmpFiles\rtos_threads.tmp
2023-08-10 14:56:31,766 [INFO] Middleware:1439 - No code input for Bsp Dependency
2023-08-10 14:56:31,772 [INFO] CodeEngine:255 - oldGeneratedFile, D:\ST\git\STM32-NucleoF401RE\TEST001\MXTmpFiles\rtos_inc.tmp_save
2023-08-10 14:56:31,826 [INFO] CodeEngine:279 - Generated code: D:\ST\git\STM32-NucleoF401RE\TEST001\MXTmpFiles\rtos_inc.tmp
2023-08-10 14:56:31,826 [INFO] CodeEngine:255 - oldGeneratedFile, D:\ST\git\STM32-NucleoF401RE\TEST001\MXTmpFiles\rtos_kernelInit.tmp_save
2023-08-10 14:56:31,872 [INFO] CodeEngine:279 - Generated code: D:\ST\git\STM32-NucleoF401RE\TEST001\MXTmpFiles\rtos_kernelInit.tmp
2023-08-10 14:56:31,876 [INFO] CodeEngine:255 - oldGeneratedFile, D:\ST\git\STM32-NucleoF401RE\TEST001\MXTmpFiles\rtos_kernelStart.tmp_save
2023-08-10 14:56:31,911 [INFO] CodeEngine:279 - Generated code: D:\ST\git\STM32-NucleoF401RE\TEST001\MXTmpFiles\rtos_kernelStart.tmp
2023-08-10 14:56:31,915 [INFO] CodeEngine:255 - oldGeneratedFile, D:\ST\git\STM32-NucleoF401RE\TEST001\MXTmpFiles\rtos_typedefs.tmp_save
2023-08-10 14:56:31,955 [INFO] CodeEngine:279 - Generated code: D:\ST\git\STM32-NucleoF401RE\TEST001\MXTmpFiles\rtos_typedefs.tmp
2023-08-10 14:56:31,968 [INFO] CodeEngine:255 - oldGeneratedFile, D:\ST\git\STM32-NucleoF401RE\TEST001\MXTmpFiles\rtos_vars.tmp_save
2023-08-10 14:56:32,006 [INFO] CodeEngine:279 - Generated code: D:\ST\git\STM32-NucleoF401RE\TEST001\MXTmpFiles\rtos_vars.tmp
2023-08-10 14:56:32,006 [INFO] CodeEngine:255 - oldGeneratedFile, D:\ST\git\STM32-NucleoF401RE\TEST001\MXTmpFiles\rtos_pfp.tmp_save
2023-08-10 14:56:32,046 [INFO] CodeEngine:279 - Generated code: D:\ST\git\STM32-NucleoF401RE\TEST001\MXTmpFiles\rtos_pfp.tmp
2023-08-10 14:56:32,056 [INFO] CodeEngine:255 - oldGeneratedFile, D:\ST\git\STM32-NucleoF401RE\TEST001\MXTmpFiles\rtos_obj_creat.tmp_save
2023-08-10 14:56:32,096 [INFO] CodeEngine:279 - Generated code: D:\ST\git\STM32-NucleoF401RE\TEST001\MXTmpFiles\rtos_obj_creat.tmp
2023-08-10 14:56:32,104 [INFO] CodeEngine:255 - oldGeneratedFile, D:\ST\git\STM32-NucleoF401RE\TEST001\MXTmpFiles\rtos_default_thread.tmp_save
2023-08-10 14:56:32,137 [INFO] CodeEngine:279 - Generated code: D:\ST\git\STM32-NucleoF401RE\TEST001\MXTmpFiles\rtos_default_thread.tmp
2023-08-10 14:56:32,137 [INFO] CodeEngine:255 - oldGeneratedFile, D:\ST\git\STM32-NucleoF401RE\TEST001\MXTmpFiles\rtos_threads.tmp_save
2023-08-10 14:56:32,180 [INFO] CodeEngine:279 - Generated code: D:\ST\git\STM32-NucleoF401RE\TEST001\MXTmpFiles\rtos_threads.tmp
2023-08-10 14:56:32,203 [INFO] CodeEngine:255 - oldGeneratedFile, D:\ST\git\STM32-NucleoF401RE\TEST001\Core\Inc\FreeRTOSConfig.h_save
2023-08-10 14:56:32,286 [INFO] CodeEngine:279 - Generated code: D:\ST\git\STM32-NucleoF401RE\TEST001\Core\Inc\FreeRTOSConfig.h
2023-08-10 14:56:32,303 [INFO] CodeEngine:255 - oldGeneratedFile, D:\ST\git\STM32-NucleoF401RE\TEST001\Core\Src\freertos.c_save
2023-08-10 14:56:32,366 [INFO] CodeEngine:279 - Generated code: D:\ST\git\STM32-NucleoF401RE\TEST001\Core\Src\freertos.c
2023-08-10 14:56:32,390 [INFO] CodeEngine:255 - oldGeneratedFile, D:\ST\git\STM32-NucleoF401RE\TEST001\Core\Src\stm32f4xx_it.c_save
2023-08-10 14:56:32,644 [INFO] CodeEngine:279 - Generated code: D:\ST\git\STM32-NucleoF401RE\TEST001\Core\Src\stm32f4xx_it.c
2023-08-10 14:56:32,647 [INFO] CodeEngine:255 - oldGeneratedFile, D:\ST\git\STM32-NucleoF401RE\TEST001\Core\Inc\stm32f4xx_it.h_save
2023-08-10 14:56:32,770 [INFO] CodeEngine:279 - Generated code: D:\ST\git\STM32-NucleoF401RE\TEST001\Core\Inc\stm32f4xx_it.h
2023-08-10 14:56:32,795 [INFO] CodeEngine:255 - oldGeneratedFile, D:\ST\git\STM32-NucleoF401RE\TEST001\Core\Src\stm32f4xx_hal_msp.c_save
2023-08-10 14:56:32,920 [INFO] CodeEngine:279 - Generated code: D:\ST\git\STM32-NucleoF401RE\TEST001\Core\Src\stm32f4xx_hal_msp.c
2023-08-10 14:56:32,923 [INFO] CodeEngine:255 - oldGeneratedFile, D:\ST\git\STM32-NucleoF401RE\TEST001\MXTmpFiles\system.tmp_save
2023-08-10 14:56:33,023 [INFO] CodeEngine:279 - Generated code: D:\ST\git\STM32-NucleoF401RE\TEST001\MXTmpFiles\system.tmp
2023-08-10 14:56:33,037 [INFO] CodeEngine:255 - oldGeneratedFile, D:\ST\git\STM32-NucleoF401RE\TEST001\Core\Src\stm32f4xx_hal_timebase_tim.c_save
2023-08-10 14:56:33,116 [INFO] CodeEngine:279 - Generated code: D:\ST\git\STM32-NucleoF401RE\TEST001\Core\Src\stm32f4xx_hal_timebase_tim.c
2023-08-10 14:56:33,138 [INFO] CodeEngine:311 - oldGeneratedFile, D:\ST\git\STM32-NucleoF401RE\TEST001\Core\Inc\stm32f4xx_hal_conf.h_save
2023-08-10 14:56:33,245 [INFO] CodeEngine:335 - Generated code: D:\ST\git\STM32-NucleoF401RE\TEST001\Core\Inc\stm32f4xx_hal_conf.h
2023-08-10 14:56:33,272 [WARN] IPConfigManager:3431 - IP not found : TIM
2023-08-10 14:56:33,273 [WARN] CodeGenerator:3754 - IP not found : null
2023-08-10 14:56:33,292 [INFO] CodeEngine:255 - oldGeneratedFile, D:\ST\git\STM32-NucleoF401RE\TEST001\Core\Inc\main.h_save
2023-08-10 14:56:33,379 [INFO] CodeEngine:279 - Generated code: D:\ST\git\STM32-NucleoF401RE\TEST001\Core\Inc\main.h
2023-08-10 14:56:33,393 [INFO] CodeEngine:255 - oldGeneratedFile, D:\ST\git\STM32-NucleoF401RE\TEST001\Core\Src\main.c_save
2023-08-10 14:56:33,533 [INFO] CodeEngine:279 - Generated code: D:\ST\git\STM32-NucleoF401RE\TEST001\Core\Src\main.c
2023-08-10 14:56:34,765 [INFO] ProjectBuilder:2996 - Time for Copy HAL[1] : 744mS.
2023-08-10 14:56:34,767 [INFO] ProjectBuilder:4304 - Project Generator version: 3.19.2
2023-08-10 14:56:35,001 [INFO] ConfigFileManager:1483 - The Die is : DIE433
2023-08-10 14:56:37,939 [INFO] ProjectBuilder:4505 - Time for Generating toolchain IDE Files: 3168mS.
2023-08-10 14:56:37,939 [INFO] ProjectBuilder:2867 - Time for Copy CMSIS : 0mS.
2023-08-10 14:56:37,942 [INFO] ProjectBuilder:2867 - Time for Copy CMSIS : 0mS.
2023-08-10 15:24:26,354 [INFO] EditThreadDialog:704 - RAM SIZE (in KB): 96
2023-08-10 15:24:26,356 [INFO] EditThreadDialog:706 - RAM SIZE (in words): 24576
2023-08-10 15:24:38,532 [INFO] TasksAndQueuesTab:757 - Dynamic
2023-08-10 15:24:38,533 [WARN] TasksAndQueuesTab:763 - 256 128
2023-08-10 15:24:38,533 [WARN] TasksAndQueuesTab:775 - max value is: 3840.0
2023-08-10 15:24:38,533 [INFO] TasksAndQueuesTab:757 - Dynamic
2023-08-10 15:24:38,533 [WARN] TasksAndQueuesTab:763 - 512 128
2023-08-10 15:24:38,533 [WARN] TasksAndQueuesTab:775 - max value is: 3840.0
2023-08-10 15:24:38,533 [INFO] TasksAndQueuesTab:757 - Dynamic
2023-08-10 15:24:38,533 [WARN] TasksAndQueuesTab:763 - 256 128
2023-08-10 15:24:38,533 [WARN] TasksAndQueuesTab:775 - max value is: 3840.0
2023-08-10 15:24:42,028 [INFO] UtilMem:75 - End SaveConfig() Used Memory: 759198824 Bytes (999292928)
2023-08-10 15:24:43,710 [INFO] UtilMem:75 - End SaveConfig() Used Memory: 779644008 Bytes (999292928)
2023-08-10 15:24:44,892 [INFO] UtilMem:75 - End SaveConfig() Used Memory: 819489896 Bytes (999292928)
2023-08-10 15:24:51,644 [INFO] BlockDiagram:2759 - set Specific Code input for plugin: RTC
2023-08-10 15:24:51,644 [INFO] BlockDiagram:2759 - set Specific Code input for plugin: NVIC
2023-08-10 15:24:51,644 [INFO] BlockDiagram:2759 - set Specific Code input for plugin: FREERTOS
2023-08-10 15:24:51,644 [INFO] BlockDiagram:2759 - set Specific Code input for plugin: USART
2023-08-10 15:24:51,644 [INFO] BlockDiagram:2759 - set Specific Code input for plugin: USART
2023-08-10 15:24:51,644 [INFO] BlockDiagram:2759 - set Specific Code input for plugin: TIM1_8
2023-08-10 15:24:51,644 [INFO] BlockDiagram:2759 - set Specific Code input for plugin: TIM1_8
2023-08-10 15:24:51,644 [INFO] BlockDiagram:2759 - set Specific Code input for plugin: SYS
2023-08-10 15:24:51,645 [INFO] BlockDiagram:2759 - set Specific Code input for plugin: GPIO
2023-08-10 15:24:51,645 [INFO] BlockDiagram:2759 - set Specific Code input for plugin: RCC
2023-08-10 15:24:51,645 [INFO] BlockDiagram:2759 - set Specific Code input for plugin: I2C
2023-08-10 15:24:51,648 [INFO] CodeGenerator:793 - code generatio: config db path: C:\ST\STM32CubeIDE_1.12.0\STM32CubeIDE\plugins\com.st.stm32cube.common.mx_6.8.0.202302231600\\db\
2023-08-10 15:24:51,650 [WARN] IP:2113 - I2C_Coeff_DF not found: check if there is a RefParameter without a condition.
2023-08-10 15:24:51,650 [WARN] IP:2113 - Analog_Filter not found: check if there is a RefParameter without a condition.
2023-08-10 15:24:51,790 [INFO] CodeEngine:255 - oldGeneratedFile, D:\ST\git\STM32-NucleoF401RE\TEST001\MXTmpFiles\license.tmp_save
2023-08-10 15:24:51,881 [INFO] CodeEngine:279 - Generated code: D:\ST\git\STM32-NucleoF401RE\TEST001\MXTmpFiles\license.tmp
2023-08-10 15:24:51,901 [INFO] CodeEngine:255 - oldGeneratedFile, D:\ST\git\STM32-NucleoF401RE\TEST001\MXTmpFiles\gpio.tmp_save
2023-08-10 15:24:51,970 [INFO] CodeEngine:279 - Generated code: D:\ST\git\STM32-NucleoF401RE\TEST001\MXTmpFiles\gpio.tmp
2023-08-10 15:24:52,224 [INFO] Middleware:1439 - No code input for Bsp Dependency
2023-08-10 15:24:52,233 [INFO] CodeEngine:255 - oldGeneratedFile, D:\ST\git\STM32-NucleoF401RE\TEST001\MXTmpFiles\rtos_inc.tmp_save
2023-08-10 15:24:52,310 [INFO] CodeEngine:279 - Generated code: D:\ST\git\STM32-NucleoF401RE\TEST001\MXTmpFiles\rtos_inc.tmp
2023-08-10 15:24:52,313 [INFO] CodeEngine:255 - oldGeneratedFile, D:\ST\git\STM32-NucleoF401RE\TEST001\MXTmpFiles\rtos_kernelInit.tmp_save
2023-08-10 15:24:52,360 [INFO] CodeEngine:279 - Generated code: D:\ST\git\STM32-NucleoF401RE\TEST001\MXTmpFiles\rtos_kernelInit.tmp
2023-08-10 15:24:52,360 [INFO] CodeEngine:255 - oldGeneratedFile, D:\ST\git\STM32-NucleoF401RE\TEST001\MXTmpFiles\rtos_kernelStart.tmp_save
2023-08-10 15:24:52,402 [INFO] CodeEngine:279 - Generated code: D:\ST\git\STM32-NucleoF401RE\TEST001\MXTmpFiles\rtos_kernelStart.tmp
2023-08-10 15:24:52,402 [INFO] CodeEngine:255 - oldGeneratedFile, D:\ST\git\STM32-NucleoF401RE\TEST001\MXTmpFiles\rtos_typedefs.tmp_save
2023-08-10 15:24:52,450 [INFO] CodeEngine:279 - Generated code: D:\ST\git\STM32-NucleoF401RE\TEST001\MXTmpFiles\rtos_typedefs.tmp
2023-08-10 15:24:52,450 [INFO] CodeEngine:255 - oldGeneratedFile, D:\ST\git\STM32-NucleoF401RE\TEST001\MXTmpFiles\rtos_vars.tmp_save
2023-08-10 15:24:52,514 [INFO] CodeEngine:279 - Generated code: D:\ST\git\STM32-NucleoF401RE\TEST001\MXTmpFiles\rtos_vars.tmp
2023-08-10 15:24:52,520 [INFO] CodeEngine:255 - oldGeneratedFile, D:\ST\git\STM32-NucleoF401RE\TEST001\MXTmpFiles\rtos_pfp.tmp_save
2023-08-10 15:24:52,554 [INFO] CodeEngine:279 - Generated code: D:\ST\git\STM32-NucleoF401RE\TEST001\MXTmpFiles\rtos_pfp.tmp
2023-08-10 15:24:52,559 [INFO] CodeEngine:255 - oldGeneratedFile, D:\ST\git\STM32-NucleoF401RE\TEST001\MXTmpFiles\rtos_obj_creat.tmp_save
2023-08-10 15:24:52,602 [INFO] CodeEngine:279 - Generated code: D:\ST\git\STM32-NucleoF401RE\TEST001\MXTmpFiles\rtos_obj_creat.tmp
2023-08-10 15:24:52,610 [INFO] CodeEngine:255 - oldGeneratedFile, D:\ST\git\STM32-NucleoF401RE\TEST001\MXTmpFiles\rtos_default_thread.tmp_save
2023-08-10 15:24:52,647 [INFO] CodeEngine:279 - Generated code: D:\ST\git\STM32-NucleoF401RE\TEST001\MXTmpFiles\rtos_default_thread.tmp
2023-08-10 15:24:52,650 [INFO] CodeEngine:255 - oldGeneratedFile, D:\ST\git\STM32-NucleoF401RE\TEST001\MXTmpFiles\rtos_threads.tmp_save
2023-08-10 15:24:52,702 [INFO] CodeEngine:279 - Generated code: D:\ST\git\STM32-NucleoF401RE\TEST001\MXTmpFiles\rtos_threads.tmp
2023-08-10 15:24:52,713 [INFO] Middleware:1439 - No code input for Bsp Dependency
2023-08-10 15:24:52,713 [INFO] CodeEngine:255 - oldGeneratedFile, D:\ST\git\STM32-NucleoF401RE\TEST001\MXTmpFiles\rtos_inc.tmp_save
2023-08-10 15:24:52,785 [INFO] CodeEngine:279 - Generated code: D:\ST\git\STM32-NucleoF401RE\TEST001\MXTmpFiles\rtos_inc.tmp
2023-08-10 15:24:52,791 [INFO] CodeEngine:255 - oldGeneratedFile, D:\ST\git\STM32-NucleoF401RE\TEST001\MXTmpFiles\rtos_kernelInit.tmp_save
2023-08-10 15:24:52,833 [INFO] CodeEngine:279 - Generated code: D:\ST\git\STM32-NucleoF401RE\TEST001\MXTmpFiles\rtos_kernelInit.tmp
2023-08-10 15:24:52,833 [INFO] CodeEngine:255 - oldGeneratedFile, D:\ST\git\STM32-NucleoF401RE\TEST001\MXTmpFiles\rtos_kernelStart.tmp_save
2023-08-10 15:24:52,870 [INFO] CodeEngine:279 - Generated code: D:\ST\git\STM32-NucleoF401RE\TEST001\MXTmpFiles\rtos_kernelStart.tmp
2023-08-10 15:24:52,870 [INFO] CodeEngine:255 - oldGeneratedFile, D:\ST\git\STM32-NucleoF401RE\TEST001\MXTmpFiles\rtos_typedefs.tmp_save
2023-08-10 15:24:52,910 [INFO] CodeEngine:279 - Generated code: D:\ST\git\STM32-NucleoF401RE\TEST001\MXTmpFiles\rtos_typedefs.tmp
2023-08-10 15:24:52,930 [INFO] CodeEngine:255 - oldGeneratedFile, D:\ST\git\STM32-NucleoF401RE\TEST001\MXTmpFiles\rtos_vars.tmp_save
2023-08-10 15:24:53,000 [INFO] CodeEngine:279 - Generated code: D:\ST\git\STM32-NucleoF401RE\TEST001\MXTmpFiles\rtos_vars.tmp
2023-08-10 15:24:53,005 [INFO] CodeEngine:255 - oldGeneratedFile, D:\ST\git\STM32-NucleoF401RE\TEST001\MXTmpFiles\rtos_pfp.tmp_save
2023-08-10 15:24:53,050 [INFO] CodeEngine:279 - Generated code: D:\ST\git\STM32-NucleoF401RE\TEST001\MXTmpFiles\rtos_pfp.tmp
2023-08-10 15:24:53,063 [INFO] CodeEngine:255 - oldGeneratedFile, D:\ST\git\STM32-NucleoF401RE\TEST001\MXTmpFiles\rtos_obj_creat.tmp_save
2023-08-10 15:24:53,113 [INFO] CodeEngine:279 - Generated code: D:\ST\git\STM32-NucleoF401RE\TEST001\MXTmpFiles\rtos_obj_creat.tmp
2023-08-10 15:24:53,120 [INFO] CodeEngine:255 - oldGeneratedFile, D:\ST\git\STM32-NucleoF401RE\TEST001\MXTmpFiles\rtos_default_thread.tmp_save
2023-08-10 15:24:53,163 [INFO] CodeEngine:279 - Generated code: D:\ST\git\STM32-NucleoF401RE\TEST001\MXTmpFiles\rtos_default_thread.tmp
2023-08-10 15:24:53,163 [INFO] CodeEngine:255 - oldGeneratedFile, D:\ST\git\STM32-NucleoF401RE\TEST001\MXTmpFiles\rtos_threads.tmp_save
2023-08-10 15:24:53,219 [INFO] CodeEngine:279 - Generated code: D:\ST\git\STM32-NucleoF401RE\TEST001\MXTmpFiles\rtos_threads.tmp
2023-08-10 15:24:53,240 [INFO] CodeEngine:255 - oldGeneratedFile, D:\ST\git\STM32-NucleoF401RE\TEST001\Core\Inc\FreeRTOSConfig.h_save
2023-08-10 15:24:53,306 [INFO] CodeEngine:279 - Generated code: D:\ST\git\STM32-NucleoF401RE\TEST001\Core\Inc\FreeRTOSConfig.h
2023-08-10 15:24:53,322 [INFO] CodeEngine:255 - oldGeneratedFile, D:\ST\git\STM32-NucleoF401RE\TEST001\Core\Src\freertos.c_save
2023-08-10 15:24:53,419 [INFO] CodeEngine:279 - Generated code: D:\ST\git\STM32-NucleoF401RE\TEST001\Core\Src\freertos.c
2023-08-10 15:24:53,440 [INFO] CodeEngine:255 - oldGeneratedFile, D:\ST\git\STM32-NucleoF401RE\TEST001\Core\Src\stm32f4xx_it.c_save
2023-08-10 15:24:53,600 [INFO] CodeEngine:279 - Generated code: D:\ST\git\STM32-NucleoF401RE\TEST001\Core\Src\stm32f4xx_it.c
2023-08-10 15:24:53,600 [INFO] CodeEngine:255 - oldGeneratedFile, D:\ST\git\STM32-NucleoF401RE\TEST001\Core\Inc\stm32f4xx_it.h_save
2023-08-10 15:24:53,695 [INFO] CodeEngine:279 - Generated code: D:\ST\git\STM32-NucleoF401RE\TEST001\Core\Inc\stm32f4xx_it.h
2023-08-10 15:24:53,712 [INFO] CodeEngine:255 - oldGeneratedFile, D:\ST\git\STM32-NucleoF401RE\TEST001\Core\Src\stm32f4xx_hal_msp.c_save
2023-08-10 15:24:53,818 [INFO] CodeEngine:279 - Generated code: D:\ST\git\STM32-NucleoF401RE\TEST001\Core\Src\stm32f4xx_hal_msp.c
2023-08-10 15:24:53,821 [INFO] CodeEngine:255 - oldGeneratedFile, D:\ST\git\STM32-NucleoF401RE\TEST001\MXTmpFiles\system.tmp_save
2023-08-10 15:24:53,860 [INFO] CodeEngine:279 - Generated code: D:\ST\git\STM32-NucleoF401RE\TEST001\MXTmpFiles\system.tmp
2023-08-10 15:24:53,869 [INFO] CodeEngine:255 - oldGeneratedFile, D:\ST\git\STM32-NucleoF401RE\TEST001\Core\Src\stm32f4xx_hal_timebase_tim.c_save
2023-08-10 15:24:53,919 [INFO] CodeEngine:279 - Generated code: D:\ST\git\STM32-NucleoF401RE\TEST001\Core\Src\stm32f4xx_hal_timebase_tim.c
2023-08-10 15:24:53,935 [INFO] CodeEngine:311 - oldGeneratedFile, D:\ST\git\STM32-NucleoF401RE\TEST001\Core\Inc\stm32f4xx_hal_conf.h_save
2023-08-10 15:24:54,026 [INFO] CodeEngine:335 - Generated code: D:\ST\git\STM32-NucleoF401RE\TEST001\Core\Inc\stm32f4xx_hal_conf.h
2023-08-10 15:24:54,045 [WARN] IPConfigManager:3431 - IP not found : TIM
2023-08-10 15:24:54,045 [WARN] CodeGenerator:3754 - IP not found : null
2023-08-10 15:24:54,062 [INFO] CodeEngine:255 - oldGeneratedFile, D:\ST\git\STM32-NucleoF401RE\TEST001\Core\Inc\main.h_save
2023-08-10 15:24:54,140 [INFO] CodeEngine:279 - Generated code: D:\ST\git\STM32-NucleoF401RE\TEST001\Core\Inc\main.h
2023-08-10 15:24:54,149 [INFO] CodeEngine:255 - oldGeneratedFile, D:\ST\git\STM32-NucleoF401RE\TEST001\Core\Src\main.c_save
2023-08-10 15:24:54,279 [INFO] CodeEngine:279 - Generated code: D:\ST\git\STM32-NucleoF401RE\TEST001\Core\Src\main.c
2023-08-10 15:24:55,260 [INFO] ProjectBuilder:2996 - Time for Copy HAL[1] : 351mS.
2023-08-10 15:24:55,265 [INFO] ProjectBuilder:4304 - Project Generator version: 3.19.2
2023-08-10 15:24:55,511 [INFO] ConfigFileManager:1483 - The Die is : DIE433
2023-08-10 15:24:58,679 [INFO] ProjectBuilder:4505 - Time for Generating toolchain IDE Files: 3414mS.
2023-08-10 15:24:58,684 [INFO] ProjectBuilder:2867 - Time for Copy CMSIS : 0mS.
2023-08-10 15:24:58,684 [INFO] ProjectBuilder:2867 - Time for Copy CMSIS : 0mS.
